# JRE version: OpenJDK Runtime Environment Temurin-17.0.10+7 (17.0.10+7) (build 17.0.10+7)
# Java VM: OpenJDK 64-Bit Server VM Temurin-17.0.10+7 (17.0.10+7, mixed mode, emulated-client, tiered, compressed oops, compressed class ptrs, g1 gc, windows-amd64)
GC Precious Log:
 CPUs: 4 total, 4 available
 Memory: 5941M
 Large Page Support: Disabled
 NUMA Support: Disabled
 Compressed Oops: Enabled (32-bit)
 Heap Region Size: 1M
 Heap Min Capacity: 8M
 Heap Initial Capacity: 94M
 Heap Max Capacity: 1G
 Pre-touch: Disabled
 Parallel Workers: 4
 Concurrent Workers: 1
 Concurrent Refinement Workers: 4
 Periodic GC: Disabled
Heap:
 garbage-first heap   total 71680K, used 35651K [0x00000000c0000000, 0x0000000100000000)
  region size 1024K, 23 young (23552K), 6 survivors (6144K)
 Metaspace       used 24964K, committed 25216K, reserved 1114112K
  class space    used 3088K, committed 3200K, reserved 1048576K
GC Heap History (8 events):
Event: 16.043 GC heap before
{Heap before GC invocations=0 (full 0):
 garbage-first heap   total 96256K, used 16384K [0x00000000c0000000, 0x0000000100000000)
  region size 1024K, 13 young (13312K), 0 survivors (0K)
 Metaspace       used 5762K, committed 5888K, reserved 1114112K
  class space    used 552K, committed 640K, reserved 1048576K
}
Event: 16.170 GC heap after
{Heap after GC invocations=1 (full 0):
 garbage-first heap   total 96256K, used 11949K [0x00000000c0000000, 0x0000000100000000)
  region size 1024K, 2 young (2048K), 2 survivors (2048K)
 Metaspace       used 5762K, committed 5888K, reserved 1114112K
  class space    used 552K, committed 640K, reserved 1048576K
}
Event: 22.286 GC heap before
{Heap before GC invocations=1 (full 0):
 garbage-first heap   total 96256K, used 22189K [0x00000000c0000000, 0x0000000100000000)
  region size 1024K, 10 young (10240K), 2 survivors (2048K)
 Metaspace       used 7859K, committed 8000K, reserved 1114112K
  class space    used 840K, committed 896K, reserved 1048576K
}
Event: 22.381 GC heap after
{Heap after GC invocations=2 (full 0):
 garbage-first heap   total 96256K, used 15541K [0x00000000c0000000, 0x0000000100000000)
  region size 1024K, 2 young (2048K), 2 survivors (2048K)
 Metaspace       used 7859K, committed 8000K, reserved 1114112K
  class space    used 840K, committed 896K, reserved 1048576K
}
Event: 26.869 GC heap before
{Heap before GC invocations=2 (full 0):
 garbage-first heap   total 96256K, used 30901K [0x00000000c0000000, 0x0000000100000000)
  region size 1024K, 17 young (17408K), 2 survivors (2048K)
 Metaspace       used 11977K, committed 12224K, reserved 1114112K
  class space    used 1464K, committed 1600K, reserved 1048576K
}
Event: 26.878 GC heap after
{Heap after GC invocations=3 (full 0):
 garbage-first heap   total 96256K, used 16763K [0x00000000c0000000, 0x0000000100000000)
  region size 1024K, 3 young (3072K), 3 survivors (3072K)
 Metaspace       used 11977K, committed 12224K, reserved 1114112K
  class space    used 1464K, committed 1600K, reserved 1048576K
}
Event: 43.369 GC heap before
{Heap before GC invocations=3 (full 0):
 garbage-first heap   total 96256K, used 55675K [0x00000000c0000000, 0x0000000100000000)
  region size 1024K, 43 young (44032K), 3 survivors (3072K)
 Metaspace       used 21248K, committed 21504K, reserved 1114112K
  class space    used 2602K, committed 2752K, reserved 1048576K
}
Event: 43.384 GC heap after
{Heap after GC invocations=4 (full 0):
 garbage-first heap   total 96256K, used 20291K [0x00000000c0000000, 0x0000000100000000)
  region size 1024K, 6 young (6144K), 6 survivors (6144K)
 Metaspace       used 21248K, committed 21504K, reserved 1114112K
  class space    used 2602K, committed 2752K, reserved 1048576K
}

