# JRE version: OpenJDK Runtime Environment Temurin-17.0.12+7 (17.0.12+7) (build 17.0.12+7)
# Java VM: OpenJDK 64-Bit Server VM Temurin-17.0.12+7 (17.0.12+7, mixed mode, tiered, compressed oops, compressed class ptrs, parallel gc, windows-amd64)
GC Precious Log:
 CPUs: 4 total, 4 available
 Memory: 5941M
 Large Page Support: Disabled
 NUMA Support: Disabled
 Compressed Oops: Enabled (32-bit)
 Alignments: Space 512K, Generation 512K, Heap 2M
 Heap Min Capacity: 100M
 Heap Initial Capacity: 100M
 Heap Max Capacity: 1G
 Pre-touch: Disabled
 Parallel Workers: 4
Heap:
 PSYoungGen      total 12288K, used 4556K [0x00000000eab00000, 0x00000000ec580000, 0x0000000100000000)
  eden space 10752K, 28% used [0x00000000eab00000,0x00000000eadf83e0,0x00000000eb580000)
  from space 1536K, 98% used [0x00000000ec100000,0x00000000ec27ad80,0x00000000ec280000)
  to   space 8192K, 0% used [0x00000000eb580000,0x00000000eb580000,0x00000000ebd80000)
 ParOldGen       total 297984K, used 257286K [0x00000000c0000000, 0x00000000d2300000, 0x00000000eab00000)
  object space 297984K, 86% used [0x00000000c0000000,0x00000000cfb41bb0,0x00000000d2300000)
 Metaspace       used 78166K, committed 79552K, reserved 1179648K
  class space    used 7931K, committed 8512K, reserved 1048576K
GC Heap History (20 events):
Event: 150.236 GC heap before
{Heap before GC invocations=135 (full 8):
 PSYoungGen      total 34304K, used 34260K [0x00000000eab00000, 0x00000000ee580000, 0x0000000100000000)
  eden space 11776K, 99% used [0x00000000eab00000,0x00000000eb6766b8,0x00000000eb680000)
  from space 22528K, 99% used [0x00000000eb700000,0x00000000eccfec28,0x00000000ecd00000)
  to   space 24064K, 0% used [0x00000000ece00000,0x00000000ece00000,0x00000000ee580000)
 ParOldGen       total 251392K, used 232131K [0x00000000c0000000, 0x00000000cf580000, 0x00000000eab00000)
  object space 251392K, 92% used [0x00000000c0000000,0x00000000ce2b0ce0,0x00000000cf580000)
 Metaspace       used 77672K, committed 79040K, reserved 1179648K
  class space    used 7860K, committed 8448K, reserved 1048576K
}
Event: 150.267 GC heap after
{Heap after GC invocations=135 (full 8):
 PSYoungGen      total 35840K, used 23480K [0x00000000eab00000, 0x00000000ee580000, 0x0000000100000000)
  eden space 11776K, 0% used [0x00000000eab00000,0x00000000eab00000,0x00000000eb680000)
  from space 24064K, 97% used [0x00000000ece00000,0x00000000ee4ee378,0x00000000ee580000)
  to   space 24064K, 0% used [0x00000000eb680000,0x00000000eb680000,0x00000000ece00000)
 ParOldGen       total 251392K, used 234767K [0x00000000c0000000, 0x00000000cf580000, 0x00000000eab00000)
  object space 251392K, 93% used [0x00000000c0000000,0x00000000ce543da8,0x00000000cf580000)
 Metaspace       used 77672K, committed 79040K, reserved 1179648K
  class space    used 7860K, committed 8448K, reserved 1048576K
}
Event: 150.441 GC heap before
{Heap before GC invocations=136 (full 8):
 PSYoungGen      total 35840K, used 35256K [0x00000000eab00000, 0x00000000ee580000, 0x0000000100000000)
  eden space 11776K, 99% used [0x00000000eab00000,0x00000000eb67fd20,0x00000000eb680000)
  from space 24064K, 97% used [0x00000000ece00000,0x00000000ee4ee378,0x00000000ee580000)
  to   space 24064K, 0% used [0x00000000eb680000,0x00000000eb680000,0x00000000ece00000)
 ParOldGen       total 251392K, used 234767K [0x00000000c0000000, 0x00000000cf580000, 0x00000000eab00000)
  object space 251392K, 93% used [0x00000000c0000000,0x00000000ce543da8,0x00000000cf580000)
 Metaspace       used 77674K, committed 79040K, reserved 1179648K
  class space    used 7860K, committed 8448K, reserved 1048576K
}
Event: 150.467 GC heap after
{Heap after GC invocations=136 (full 8):
 PSYoungGen      total 35840K, used 24033K [0x00000000eab00000, 0x00000000eed80000, 0x0000000100000000)
  eden space 11776K, 0% used [0x00000000eab00000,0x00000000eab00000,0x00000000eb680000)
  from space 24064K, 99% used [0x00000000eb680000,0x00000000ecdf8410,0x00000000ece00000)
  to   space 28160K, 0% used [0x00000000ed200000,0x00000000ed200000,0x00000000eed80000)
 ParOldGen       total 251392K, used 238201K [0x00000000c0000000, 0x00000000cf580000, 0x00000000eab00000)
  object space 251392K, 94% used [0x00000000c0000000,0x00000000ce89e780,0x00000000cf580000)
 Metaspace       used 77674K, committed 79040K, reserved 1179648K
  class space    used 7860K, committed 8448K, reserved 1048576K
}
Event: 150.745 GC heap before
{Heap before GC invocations=137 (full 8):
 PSYoungGen      total 35840K, used 35809K [0x00000000eab00000, 0x00000000eed80000, 0x0000000100000000)
  eden space 11776K, 100% used [0x00000000eab00000,0x00000000eb680000,0x00000000eb680000)
  from space 24064K, 99% used [0x00000000eb680000,0x00000000ecdf8410,0x00000000ece00000)
  to   space 28160K, 0% used [0x00000000ed200000,0x00000000ed200000,0x00000000eed80000)
 ParOldGen       total 251392K, used 238201K [0x00000000c0000000, 0x00000000cf580000, 0x00000000eab00000)
  object space 251392K, 94% used [0x00000000c0000000,0x00000000ce89e780,0x00000000cf580000)
 Metaspace       used 77676K, committed 79040K, reserved 1179648K
  class space    used 7860K, committed 8448K, reserved 1048576K
}
Event: 150.775 GC heap after
{Heap after GC invocations=137 (full 8):
 PSYoungGen      total 35328K, used 23427K [0x00000000eab00000, 0x00000000ee900000, 0x0000000100000000)
  eden space 11776K, 0% used [0x00000000eab00000,0x00000000eab00000,0x00000000eb680000)
  from space 23552K, 99% used [0x00000000ed200000,0x00000000ee8e0c70,0x00000000ee900000)
  to   space 25088K, 0% used [0x00000000eb800000,0x00000000eb800000,0x00000000ed080000)
 ParOldGen       total 251392K, used 241441K [0x00000000c0000000, 0x00000000cf580000, 0x00000000eab00000)
  object space 251392K, 96% used [0x00000000c0000000,0x00000000cebc8768,0x00000000cf580000)
 Metaspace       used 77676K, committed 79040K, reserved 1179648K
  class space    used 7860K, committed 8448K, reserved 1048576K
}
Event: 151.166 GC heap before
{Heap before GC invocations=138 (full 8):
 PSYoungGen      total 35328K, used 35203K [0x00000000eab00000, 0x00000000ee900000, 0x0000000100000000)
  eden space 11776K, 100% used [0x00000000eab00000,0x00000000eb680000,0x00000000eb680000)
  from space 23552K, 99% used [0x00000000ed200000,0x00000000ee8e0c70,0x00000000ee900000)
  to   space 25088K, 0% used [0x00000000eb800000,0x00000000eb800000,0x00000000ed080000)
 ParOldGen       total 251392K, used 241441K [0x00000000c0000000, 0x00000000cf580000, 0x00000000eab00000)
  object space 251392K, 96% used [0x00000000c0000000,0x00000000cebc8768,0x00000000cf580000)
 Metaspace       used 77758K, committed 79104K, reserved 1179648K
  class space    used 7872K, committed 8448K, reserved 1048576K
}
Event: 151.190 GC heap after
{Heap after GC invocations=138 (full 8):
 PSYoungGen      total 33280K, used 21162K [0x00000000eab00000, 0x00000000ee280000, 0x0000000100000000)
  eden space 11776K, 0% used [0x00000000eab00000,0x00000000eab00000,0x00000000eb680000)
  from space 21504K, 98% used [0x00000000eb800000,0x00000000eccaabb8,0x00000000ecd00000)
  to   space 22016K, 0% used [0x00000000ecd00000,0x00000000ecd00000,0x00000000ee280000)
 ParOldGen       total 251392K, used 241441K [0x00000000c0000000, 0x00000000cf580000, 0x00000000eab00000)
  object space 251392K, 96% used [0x00000000c0000000,0x00000000cebc8768,0x00000000cf580000)
 Metaspace       used 77758K, committed 79104K, reserved 1179648K
  class space    used 7872K, committed 8448K, reserved 1048576K
}
Event: 151.551 GC heap before
{Heap before GC invocations=139 (full 8):
 PSYoungGen      total 33280K, used 32938K [0x00000000eab00000, 0x00000000ee280000, 0x0000000100000000)
  eden space 11776K, 100% used [0x00000000eab00000,0x00000000eb680000,0x00000000eb680000)
  from space 21504K, 98% used [0x00000000eb800000,0x00000000eccaabb8,0x00000000ecd00000)
  to   space 22016K, 0% used [0x00000000ecd00000,0x00000000ecd00000,0x00000000ee280000)
 ParOldGen       total 251392K, used 241441K [0x00000000c0000000, 0x00000000cf580000, 0x00000000eab00000)
  object space 251392K, 96% used [0x00000000c0000000,0x00000000cebc8768,0x00000000cf580000)
 Metaspace       used 77839K, committed 79168K, reserved 1179648K
  class space    used 7890K, committed 8448K, reserved 1048576K
}
Event: 151.615 GC heap after
{Heap after GC invocations=139 (full 8):
 PSYoungGen      total 32768K, used 22013K [0x00000000eab00000, 0x00000000ee580000, 0x0000000100000000)
  eden space 10752K, 0% used [0x00000000eab00000,0x00000000eab00000,0x00000000eb580000)
  from space 22016K, 99% used [0x00000000ecd00000,0x00000000ee27f530,0x00000000ee280000)
  to   space 24064K, 0% used [0x00000000eb580000,0x00000000eb580000,0x00000000ecd00000)
 ParOldGen       total 251392K, used 242790K [0x00000000c0000000, 0x00000000cf580000, 0x00000000eab00000)
  object space 251392K, 96% used [0x00000000c0000000,0x00000000ced19940,0x00000000cf580000)
 Metaspace       used 77839K, committed 79168K, reserved 1179648K
  class space    used 7890K, committed 8448K, reserved 1048576K
}
Event: 151.852 GC heap before
{Heap before GC invocations=140 (full 8):
 PSYoungGen      total 32768K, used 32765K [0x00000000eab00000, 0x00000000ee580000, 0x0000000100000000)
  eden space 10752K, 100% used [0x00000000eab00000,0x00000000eb580000,0x00000000eb580000)
  from space 22016K, 99% used [0x00000000ecd00000,0x00000000ee27f530,0x00000000ee280000)
  to   space 24064K, 0% used [0x00000000eb580000,0x00000000eb580000,0x00000000ecd00000)
 ParOldGen       total 251392K, used 242790K [0x00000000c0000000, 0x00000000cf580000, 0x00000000eab00000)
  object space 251392K, 96% used [0x00000000c0000000,0x00000000ced19940,0x00000000cf580000)
 Metaspace       used 77867K, committed 79168K, reserved 1179648K
  class space    used 7894K, committed 8448K, reserved 1048576K
}
Event: 151.880 GC heap after
{Heap after GC invocations=140 (full 8):
 PSYoungGen      total 29184K, used 18319K [0x00000000eab00000, 0x00000000edd80000, 0x0000000100000000)
  eden space 10752K, 0% used [0x00000000eab00000,0x00000000eab00000,0x00000000eb580000)
  from space 18432K, 99% used [0x00000000eb580000,0x00000000ec763e90,0x00000000ec780000)
  to   space 20480K, 0% used [0x00000000ec980000,0x00000000ec980000,0x00000000edd80000)
 ParOldGen       total 251392K, used 248440K [0x00000000c0000000, 0x00000000cf580000, 0x00000000eab00000)
  object space 251392K, 98% used [0x00000000c0000000,0x00000000cf29e170,0x00000000cf580000)
 Metaspace       used 77867K, committed 79168K, reserved 1179648K
  class space    used 7894K, committed 8448K, reserved 1048576K
}
Event: 151.880 GC heap before
{Heap before GC invocations=141 (full 9):
 PSYoungGen      total 29184K, used 18319K [0x00000000eab00000, 0x00000000edd80000, 0x0000000100000000)
  eden space 10752K, 0% used [0x00000000eab00000,0x00000000eab00000,0x00000000eb580000)
  from space 18432K, 99% used [0x00000000eb580000,0x00000000ec763e90,0x00000000ec780000)
  to   space 20480K, 0% used [0x00000000ec980000,0x00000000ec980000,0x00000000edd80000)
 ParOldGen       total 251392K, used 248440K [0x00000000c0000000, 0x00000000cf580000, 0x00000000eab00000)
  object space 251392K, 98% used [0x00000000c0000000,0x00000000cf29e170,0x00000000cf580000)
 Metaspace       used 77867K, committed 79168K, reserved 1179648K
  class space    used 7894K, committed 8448K, reserved 1048576K
}
Event: 152.440 GC heap after
{Heap after GC invocations=141 (full 9):
 PSYoungGen      total 31232K, used 0K [0x00000000eab00000, 0x00000000edd80000, 0x0000000100000000)
  eden space 10752K, 0% used [0x00000000eab00000,0x00000000eab00000,0x00000000eb580000)
  from space 20480K, 0% used [0x00000000ec980000,0x00000000ec980000,0x00000000edd80000)
  to   space 20480K, 0% used [0x00000000eb580000,0x00000000eb580000,0x00000000ec980000)
 ParOldGen       total 297984K, used 250672K [0x00000000c0000000, 0x00000000d2300000, 0x00000000eab00000)
  object space 297984K, 84% used [0x00000000c0000000,0x00000000cf4cc068,0x00000000d2300000)
 Metaspace       used 77867K, committed 79168K, reserved 1179648K
  class space    used 7894K, committed 8448K, reserved 1048576K
}
Event: 152.624 GC heap before
{Heap before GC invocations=142 (full 9):
 PSYoungGen      total 31232K, used 10752K [0x00000000eab00000, 0x00000000edd80000, 0x0000000100000000)
  eden space 10752K, 100% used [0x00000000eab00000,0x00000000eb580000,0x00000000eb580000)
  from space 20480K, 0% used [0x00000000ec980000,0x00000000ec980000,0x00000000edd80000)
  to   space 20480K, 0% used [0x00000000eb580000,0x00000000eb580000,0x00000000ec980000)
 ParOldGen       total 297984K, used 250672K [0x00000000c0000000, 0x00000000d2300000, 0x00000000eab00000)
  object space 297984K, 84% used [0x00000000c0000000,0x00000000cf4cc068,0x00000000d2300000)
 Metaspace       used 77908K, committed 79168K, reserved 1179648K
  class space    used 7901K, committed 8448K, reserved 1048576K
}
Event: 152.631 GC heap after
{Heap after GC invocations=142 (full 9):
 PSYoungGen      total 13312K, used 2429K [0x00000000eab00000, 0x00000000eca00000, 0x0000000100000000)
  eden space 10752K, 0% used [0x00000000eab00000,0x00000000eab00000,0x00000000eb580000)
  from space 2560K, 94% used [0x00000000eb580000,0x00000000eb7df680,0x00000000eb800000)
  to   space 8704K, 0% used [0x00000000ec180000,0x00000000ec180000,0x00000000eca00000)
 ParOldGen       total 297984K, used 250680K [0x00000000c0000000, 0x00000000d2300000, 0x00000000eab00000)
  object space 297984K, 84% used [0x00000000c0000000,0x00000000cf4ce068,0x00000000d2300000)
 Metaspace       used 77908K, committed 79168K, reserved 1179648K
  class space    used 7901K, committed 8448K, reserved 1048576K
}
Event: 152.984 GC heap before
{Heap before GC invocations=143 (full 9):
 PSYoungGen      total 13312K, used 13181K [0x00000000eab00000, 0x00000000eca00000, 0x0000000100000000)
  eden space 10752K, 100% used [0x00000000eab00000,0x00000000eb580000,0x00000000eb580000)
  from space 2560K, 94% used [0x00000000eb580000,0x00000000eb7df680,0x00000000eb800000)
  to   space 8704K, 0% used [0x00000000ec180000,0x00000000ec180000,0x00000000eca00000)
 ParOldGen       total 297984K, used 250680K [0x00000000c0000000, 0x00000000d2300000, 0x00000000eab00000)
  object space 297984K, 84% used [0x00000000c0000000,0x00000000cf4ce068,0x00000000d2300000)
 Metaspace       used 78069K, committed 79424K, reserved 1179648K
  class space    used 7922K, committed 8512K, reserved 1048576K
}
Event: 152.991 GC heap after
{Heap after GC invocations=143 (full 9):
 PSYoungGen      total 15872K, used 4614K [0x00000000eab00000, 0x00000000ec680000, 0x0000000100000000)
  eden space 10752K, 0% used [0x00000000eab00000,0x00000000eab00000,0x00000000eb580000)
  from space 5120K, 90% used [0x00000000ec180000,0x00000000ec601b40,0x00000000ec680000)
  to   space 5632K, 0% used [0x00000000ebb80000,0x00000000ebb80000,0x00000000ec100000)
 ParOldGen       total 297984K, used 250688K [0x00000000c0000000, 0x00000000d2300000, 0x00000000eab00000)
  object space 297984K, 84% used [0x00000000c0000000,0x00000000cf4d0068,0x00000000d2300000)
 Metaspace       used 78069K, committed 79424K, reserved 1179648K
  class space    used 7922K, committed 8512K, reserved 1048576K
}
Event: 153.161 GC heap before
{Heap before GC invocations=144 (full 9):
 PSYoungGen      total 15872K, used 15366K [0x00000000eab00000, 0x00000000ec680000, 0x0000000100000000)
  eden space 10752K, 100% used [0x00000000eab00000,0x00000000eb580000,0x00000000eb580000)
  from space 5120K, 90% used [0x00000000ec180000,0x00000000ec601b40,0x00000000ec680000)
  to   space 5632K, 0% used [0x00000000ebb80000,0x00000000ebb80000,0x00000000ec100000)
 ParOldGen       total 297984K, used 250688K [0x00000000c0000000, 0x00000000d2300000, 0x00000000eab00000)
  object space 297984K, 84% used [0x00000000c0000000,0x00000000cf4d0068,0x00000000d2300000)
 Metaspace       used 78095K, committed 79488K, reserved 1179648K
  class space    used 7923K, committed 8512K, reserved 1048576K
}
Event: 153.172 GC heap after
{Heap after GC invocations=144 (full 9):
 PSYoungGen      total 16384K, used 5628K [0x00000000eab00000, 0x00000000ec280000, 0x0000000100000000)
  eden space 10752K, 0% used [0x00000000eab00000,0x00000000eab00000,0x00000000eb580000)
  from space 5632K, 99% used [0x00000000ebb80000,0x00000000ec0ff2d0,0x00000000ec100000)
  to   space 1536K, 0% used [0x00000000ec100000,0x00000000ec100000,0x00000000ec280000)
 ParOldGen       total 297984K, used 251318K [0x00000000c0000000, 0x00000000d2300000, 0x00000000eab00000)
  object space 297984K, 84% used [0x00000000c0000000,0x00000000cf56da48,0x00000000d2300000)
 Metaspace       used 78095K, committed 79488K, reserved 1179648K
  class space    used 7923K, committed 8512K, reserved 1048576K
}

