# JRE version: OpenJDK Runtime Environment Temurin-17.0.12+7 (17.0.12+7) (build 17.0.12+7)
# Java VM: OpenJDK 64-Bit Server VM Temurin-17.0.12+7 (17.0.12+7, mixed mode, tiered, compressed oops, compressed class ptrs, parallel gc, windows-amd64)
GC Precious Log:
 CPUs: 4 total, 4 available
 Memory: 5941M
 Large Page Support: Disabled
 NUMA Support: Disabled
 Compressed Oops: Enabled (32-bit)
 Alignments: Space 512K, Generation 512K, Heap 2M
 Heap Min Capacity: 100M
 Heap Initial Capacity: 100M
 Heap Max Capacity: 1G
 Pre-touch: Disabled
 Parallel Workers: 4
Heap:
 PSYoungGen      total 16384K, used 16381K [0x00000000eab00000, 0x00000000ec000000, 0x0000000100000000)
  eden space 11264K, 100% used [0x00000000eab00000,0x00000000eb600000,0x00000000eb600000)
  from space 5120K, 99% used [0x00000000eb600000,0x00000000ebaff660,0x00000000ebb00000)
  to   space 5120K, 0% used [0x00000000ebb00000,0x00000000ebb00000,0x00000000ec000000)
 ParOldGen       total 205312K, used 176001K [0x00000000c0000000, 0x00000000cc880000, 0x00000000eab00000)
  object space 205312K, 85% used [0x00000000c0000000,0x00000000cabe0650,0x00000000cc880000)
 Metaspace       used 106058K, committed 107520K, reserved 1179648K
  class space    used 10603K, committed 11264K, reserved 1048576K
GC Heap History (20 events):
Event: 3238.009 GC heap before
{Heap before GC invocations=4128 (full 76):
 PSYoungGen      total 18432K, used 18425K [0x00000000eab00000, 0x00000000ec400000, 0x0000000100000000)
  eden space 15360K, 100% used [0x00000000eab00000,0x00000000eba00000,0x00000000eba00000)
  from space 3072K, 99% used [0x00000000eba00000,0x00000000ebcfe410,0x00000000ebd00000)
  to   space 5120K, 0% used [0x00000000ebf00000,0x00000000ebf00000,0x00000000ec400000)
 ParOldGen       total 198656K, used 192626K [0x00000000c0000000, 0x00000000cc200000, 0x00000000eab00000)
  object space 198656K, 96% used [0x00000000c0000000,0x00000000cbc1c840,0x00000000cc200000)
 Metaspace       used 106035K, committed 107520K, reserved 1179648K
  class space    used 10603K, committed 11264K, reserved 1048576K
}
Event: 3238.036 GC heap after
{Heap after GC invocations=4128 (full 76):
 PSYoungGen      total 18944K, used 3149K [0x00000000eab00000, 0x00000000ec280000, 0x0000000100000000)
  eden space 15360K, 0% used [0x00000000eab00000,0x00000000eab00000,0x00000000eba00000)
  from space 3584K, 87% used [0x00000000ebf00000,0x00000000ec213650,0x00000000ec280000)
  to   space 4096K, 0% used [0x00000000eba80000,0x00000000eba80000,0x00000000ebe80000)
 ParOldGen       total 198656K, used 193426K [0x00000000c0000000, 0x00000000cc200000, 0x00000000eab00000)
  object space 198656K, 97% used [0x00000000c0000000,0x00000000cbce4840,0x00000000cc200000)
 Metaspace       used 106035K, committed 107520K, reserved 1179648K
  class space    used 10603K, committed 11264K, reserved 1048576K
}
Event: 3238.412 GC heap before
{Heap before GC invocations=4129 (full 76):
 PSYoungGen      total 18944K, used 18509K [0x00000000eab00000, 0x00000000ec280000, 0x0000000100000000)
  eden space 15360K, 100% used [0x00000000eab00000,0x00000000eba00000,0x00000000eba00000)
  from space 3584K, 87% used [0x00000000ebf00000,0x00000000ec213650,0x00000000ec280000)
  to   space 4096K, 0% used [0x00000000eba80000,0x00000000eba80000,0x00000000ebe80000)
 ParOldGen       total 198656K, used 193426K [0x00000000c0000000, 0x00000000cc200000, 0x00000000eab00000)
  object space 198656K, 97% used [0x00000000c0000000,0x00000000cbce4840,0x00000000cc200000)
 Metaspace       used 106047K, committed 107520K, reserved 1179648K
  class space    used 10603K, committed 11264K, reserved 1048576K
}
Event: 3238.428 GC heap after
{Heap after GC invocations=4129 (full 76):
 PSYoungGen      total 18432K, used 2985K [0x00000000eab00000, 0x00000000ec100000, 0x0000000100000000)
  eden space 15360K, 0% used [0x00000000eab00000,0x00000000eab00000,0x00000000eba00000)
  from space 3072K, 97% used [0x00000000eba80000,0x00000000ebd6a440,0x00000000ebd80000)
  to   space 3584K, 0% used [0x00000000ebd80000,0x00000000ebd80000,0x00000000ec100000)
 ParOldGen       total 198656K, used 193426K [0x00000000c0000000, 0x00000000cc200000, 0x00000000eab00000)
  object space 198656K, 97% used [0x00000000c0000000,0x00000000cbce4840,0x00000000cc200000)
 Metaspace       used 106047K, committed 107520K, reserved 1179648K
  class space    used 10603K, committed 11264K, reserved 1048576K
}
Event: 3238.623 GC heap before
{Heap before GC invocations=4130 (full 76):
 PSYoungGen      total 18432K, used 18253K [0x00000000eab00000, 0x00000000ec100000, 0x0000000100000000)
  eden space 15360K, 99% used [0x00000000eab00000,0x00000000eb9e9148,0x00000000eba00000)
  from space 3072K, 97% used [0x00000000eba80000,0x00000000ebd6a440,0x00000000ebd80000)
  to   space 3584K, 0% used [0x00000000ebd80000,0x00000000ebd80000,0x00000000ec100000)
 ParOldGen       total 198656K, used 193426K [0x00000000c0000000, 0x00000000cc200000, 0x00000000eab00000)
  object space 198656K, 97% used [0x00000000c0000000,0x00000000cbce4840,0x00000000cc200000)
 Metaspace       used 106047K, committed 107520K, reserved 1179648K
  class space    used 10603K, committed 11264K, reserved 1048576K
}
Event: 3238.636 GC heap after
{Heap after GC invocations=4130 (full 76):
 PSYoungGen      total 14848K, used 3554K [0x00000000eab00000, 0x00000000ec900000, 0x0000000100000000)
  eden space 11264K, 0% used [0x00000000eab00000,0x00000000eab00000,0x00000000eb600000)
  from space 3584K, 99% used [0x00000000ebd80000,0x00000000ec0f8ac0,0x00000000ec100000)
  to   space 7680K, 0% used [0x00000000eb600000,0x00000000eb600000,0x00000000ebd80000)
 ParOldGen       total 198656K, used 196659K [0x00000000c0000000, 0x00000000cc200000, 0x00000000eab00000)
  object space 198656K, 98% used [0x00000000c0000000,0x00000000cc00ce70,0x00000000cc200000)
 Metaspace       used 106047K, committed 107520K, reserved 1179648K
  class space    used 10603K, committed 11264K, reserved 1048576K
}
Event: 3238.636 GC heap before
{Heap before GC invocations=4131 (full 77):
 PSYoungGen      total 14848K, used 3554K [0x00000000eab00000, 0x00000000ec900000, 0x0000000100000000)
  eden space 11264K, 0% used [0x00000000eab00000,0x00000000eab00000,0x00000000eb600000)
  from space 3584K, 99% used [0x00000000ebd80000,0x00000000ec0f8ac0,0x00000000ec100000)
  to   space 7680K, 0% used [0x00000000eb600000,0x00000000eb600000,0x00000000ebd80000)
 ParOldGen       total 198656K, used 196659K [0x00000000c0000000, 0x00000000cc200000, 0x00000000eab00000)
  object space 198656K, 98% used [0x00000000c0000000,0x00000000cc00ce70,0x00000000cc200000)
 Metaspace       used 106047K, committed 107520K, reserved 1179648K
  class space    used 10603K, committed 11264K, reserved 1048576K
}
Event: 3239.309 GC heap after
{Heap after GC invocations=4131 (full 77):
 PSYoungGen      total 18944K, used 0K [0x00000000eab00000, 0x00000000ec500000, 0x0000000100000000)
  eden space 11264K, 0% used [0x00000000eab00000,0x00000000eab00000,0x00000000eb600000)
  from space 7680K, 0% used [0x00000000eb600000,0x00000000eb600000,0x00000000ebd80000)
  to   space 7680K, 0% used [0x00000000ebd80000,0x00000000ebd80000,0x00000000ec500000)
 ParOldGen       total 205312K, used 142218K [0x00000000c0000000, 0x00000000cc880000, 0x00000000eab00000)
  object space 205312K, 69% used [0x00000000c0000000,0x00000000c8ae2a00,0x00000000cc880000)
 Metaspace       used 106047K, committed 107520K, reserved 1179648K
  class space    used 10603K, committed 11264K, reserved 1048576K
}
Event: 3239.408 GC heap before
{Heap before GC invocations=4132 (full 77):
 PSYoungGen      total 18944K, used 11264K [0x00000000eab00000, 0x00000000ec500000, 0x0000000100000000)
  eden space 11264K, 100% used [0x00000000eab00000,0x00000000eb600000,0x00000000eb600000)
  from space 7680K, 0% used [0x00000000eb600000,0x00000000eb600000,0x00000000ebd80000)
  to   space 7680K, 0% used [0x00000000ebd80000,0x00000000ebd80000,0x00000000ec500000)
 ParOldGen       total 205312K, used 142218K [0x00000000c0000000, 0x00000000cc880000, 0x00000000eab00000)
  object space 205312K, 69% used [0x00000000c0000000,0x00000000c8ae2a00,0x00000000cc880000)
 Metaspace       used 106047K, committed 107520K, reserved 1179648K
  class space    used 10603K, committed 11264K, reserved 1048576K
}
Event: 3239.414 GC heap after
{Heap after GC invocations=4132 (full 77):
 PSYoungGen      total 13824K, used 2223K [0x00000000eab00000, 0x00000000ec000000, 0x0000000100000000)
  eden space 11264K, 0% used [0x00000000eab00000,0x00000000eab00000,0x00000000eb600000)
  from space 2560K, 86% used [0x00000000ebd80000,0x00000000ebfabc70,0x00000000ec000000)
  to   space 4096K, 0% used [0x00000000eb800000,0x00000000eb800000,0x00000000ebc00000)
 ParOldGen       total 205312K, used 142218K [0x00000000c0000000, 0x00000000cc880000, 0x00000000eab00000)
  object space 205312K, 69% used [0x00000000c0000000,0x00000000c8ae2a00,0x00000000cc880000)
 Metaspace       used 106047K, committed 107520K, reserved 1179648K
  class space    used 10603K, committed 11264K, reserved 1048576K
}
Event: 3239.491 GC heap before
{Heap before GC invocations=4133 (full 77):
 PSYoungGen      total 13824K, used 13487K [0x00000000eab00000, 0x00000000ec000000, 0x0000000100000000)
  eden space 11264K, 100% used [0x00000000eab00000,0x00000000eb600000,0x00000000eb600000)
  from space 2560K, 86% used [0x00000000ebd80000,0x00000000ebfabc70,0x00000000ec000000)
  to   space 4096K, 0% used [0x00000000eb800000,0x00000000eb800000,0x00000000ebc00000)
 ParOldGen       total 205312K, used 142218K [0x00000000c0000000, 0x00000000cc880000, 0x00000000eab00000)
  object space 205312K, 69% used [0x00000000c0000000,0x00000000c8ae2a00,0x00000000cc880000)
 Metaspace       used 106049K, committed 107520K, reserved 1179648K
  class space    used 10603K, committed 11264K, reserved 1048576K
}
Event: 3239.500 GC heap after
{Heap after GC invocations=4133 (full 77):
 PSYoungGen      total 15360K, used 3801K [0x00000000eab00000, 0x00000000ebf00000, 0x0000000100000000)
  eden space 11264K, 0% used [0x00000000eab00000,0x00000000eab00000,0x00000000eb600000)
  from space 4096K, 92% used [0x00000000eb800000,0x00000000ebbb65c0,0x00000000ebc00000)
  to   space 3072K, 0% used [0x00000000ebc00000,0x00000000ebc00000,0x00000000ebf00000)
 ParOldGen       total 205312K, used 142218K [0x00000000c0000000, 0x00000000cc880000, 0x00000000eab00000)
  object space 205312K, 69% used [0x00000000c0000000,0x00000000c8ae2a00,0x00000000cc880000)
 Metaspace       used 106049K, committed 107520K, reserved 1179648K
  class space    used 10603K, committed 11264K, reserved 1048576K
}
Event: 3239.569 GC heap before
{Heap before GC invocations=4134 (full 77):
 PSYoungGen      total 15360K, used 15065K [0x00000000eab00000, 0x00000000ebf00000, 0x0000000100000000)
  eden space 11264K, 100% used [0x00000000eab00000,0x00000000eb600000,0x00000000eb600000)
  from space 4096K, 92% used [0x00000000eb800000,0x00000000ebbb65c0,0x00000000ebc00000)
  to   space 3072K, 0% used [0x00000000ebc00000,0x00000000ebc00000,0x00000000ebf00000)
 ParOldGen       total 205312K, used 142221K [0x00000000c0000000, 0x00000000cc880000, 0x00000000eab00000)
  object space 205312K, 69% used [0x00000000c0000000,0x00000000c8ae3440,0x00000000cc880000)
 Metaspace       used 106049K, committed 107520K, reserved 1179648K
  class space    used 10603K, committed 11264K, reserved 1048576K
}
Event: 3239.579 GC heap after
{Heap after GC invocations=4134 (full 77):
 PSYoungGen      total 14336K, used 3047K [0x00000000eab00000, 0x00000000ec100000, 0x0000000100000000)
  eden space 11264K, 0% used [0x00000000eab00000,0x00000000eab00000,0x00000000eb600000)
  from space 3072K, 99% used [0x00000000ebc00000,0x00000000ebef9ee8,0x00000000ebf00000)
  to   space 5632K, 0% used [0x00000000eb600000,0x00000000eb600000,0x00000000ebb80000)
 ParOldGen       total 205312K, used 144252K [0x00000000c0000000, 0x00000000cc880000, 0x00000000eab00000)
  object space 205312K, 70% used [0x00000000c0000000,0x00000000c8cdf038,0x00000000cc880000)
 Metaspace       used 106049K, committed 107520K, reserved 1179648K
  class space    used 10603K, committed 11264K, reserved 1048576K
}
Event: 3239.648 GC heap before
{Heap before GC invocations=4135 (full 77):
 PSYoungGen      total 14336K, used 14311K [0x00000000eab00000, 0x00000000ec100000, 0x0000000100000000)
  eden space 11264K, 100% used [0x00000000eab00000,0x00000000eb600000,0x00000000eb600000)
  from space 3072K, 99% used [0x00000000ebc00000,0x00000000ebef9ee8,0x00000000ebf00000)
  to   space 5632K, 0% used [0x00000000eb600000,0x00000000eb600000,0x00000000ebb80000)
 ParOldGen       total 205312K, used 144252K [0x00000000c0000000, 0x00000000cc880000, 0x00000000eab00000)
  object space 205312K, 70% used [0x00000000c0000000,0x00000000c8cdf038,0x00000000cc880000)
 Metaspace       used 106049K, committed 107520K, reserved 1179648K
  class space    used 10603K, committed 11264K, reserved 1048576K
}
Event: 3239.659 GC heap after
{Heap after GC invocations=4135 (full 77):
 PSYoungGen      total 16384K, used 4688K [0x00000000eab00000, 0x00000000ec000000, 0x0000000100000000)
  eden space 11264K, 0% used [0x00000000eab00000,0x00000000eab00000,0x00000000eb600000)
  from space 5120K, 91% used [0x00000000eb600000,0x00000000eba941c8,0x00000000ebb00000)
  to   space 5120K, 0% used [0x00000000ebb00000,0x00000000ebb00000,0x00000000ec000000)
 ParOldGen       total 205312K, used 144252K [0x00000000c0000000, 0x00000000cc880000, 0x00000000eab00000)
  object space 205312K, 70% used [0x00000000c0000000,0x00000000c8cdf038,0x00000000cc880000)
 Metaspace       used 106049K, committed 107520K, reserved 1179648K
  class space    used 10603K, committed 11264K, reserved 1048576K
}
Event: 3239.935 GC heap before
{Heap before GC invocations=4136 (full 77):
 PSYoungGen      total 16384K, used 15952K [0x00000000eab00000, 0x00000000ec000000, 0x0000000100000000)
  eden space 11264K, 100% used [0x00000000eab00000,0x00000000eb600000,0x00000000eb600000)
  from space 5120K, 91% used [0x00000000eb600000,0x00000000eba941c8,0x00000000ebb00000)
  to   space 5120K, 0% used [0x00000000ebb00000,0x00000000ebb00000,0x00000000ec000000)
 ParOldGen       total 205312K, used 174972K [0x00000000c0000000, 0x00000000cc880000, 0x00000000eab00000)
  object space 205312K, 85% used [0x00000000c0000000,0x00000000caadf068,0x00000000cc880000)
 Metaspace       used 106058K, committed 107520K, reserved 1179648K
  class space    used 10603K, committed 11264K, reserved 1048576K
}
Event: 3239.947 GC heap after
{Heap after GC invocations=4136 (full 77):
 PSYoungGen      total 16384K, used 5117K [0x00000000eab00000, 0x00000000ec000000, 0x0000000100000000)
  eden space 11264K, 0% used [0x00000000eab00000,0x00000000eab00000,0x00000000eb600000)
  from space 5120K, 99% used [0x00000000ebb00000,0x00000000ebfff660,0x00000000ec000000)
  to   space 5120K, 0% used [0x00000000eb600000,0x00000000eb600000,0x00000000ebb00000)
 ParOldGen       total 205312K, used 175100K [0x00000000c0000000, 0x00000000cc880000, 0x00000000eab00000)
  object space 205312K, 85% used [0x00000000c0000000,0x00000000caaff088,0x00000000cc880000)
 Metaspace       used 106058K, committed 107520K, reserved 1179648K
  class space    used 10603K, committed 11264K, reserved 1048576K
}
Event: 3240.431 GC heap before
{Heap before GC invocations=4137 (full 77):
 PSYoungGen      total 16384K, used 16381K [0x00000000eab00000, 0x00000000ec000000, 0x0000000100000000)
  eden space 11264K, 100% used [0x00000000eab00000,0x00000000eb600000,0x00000000eb600000)
  from space 5120K, 99% used [0x00000000ebb00000,0x00000000ebfff660,0x00000000ec000000)
  to   space 5120K, 0% used [0x00000000eb600000,0x00000000eb600000,0x00000000ebb00000)
 ParOldGen       total 205312K, used 175100K [0x00000000c0000000, 0x00000000cc880000, 0x00000000eab00000)
  object space 205312K, 85% used [0x00000000c0000000,0x00000000caaff088,0x00000000cc880000)
 Metaspace       used 106058K, committed 107520K, reserved 1179648K
  class space    used 10603K, committed 11264K, reserved 1048576K
}
Event: 3240.445 GC heap after
{Heap after GC invocations=4137 (full 77):
 PSYoungGen      total 16384K, used 5117K [0x00000000eab00000, 0x00000000ec000000, 0x0000000100000000)
  eden space 11264K, 0% used [0x00000000eab00000,0x00000000eab00000,0x00000000eb600000)
  from space 5120K, 99% used [0x00000000eb600000,0x00000000ebaff660,0x00000000ebb00000)
  to   space 5120K, 0% used [0x00000000ebb00000,0x00000000ebb00000,0x00000000ec000000)
 ParOldGen       total 205312K, used 176001K [0x00000000c0000000, 0x00000000cc880000, 0x00000000eab00000)
  object space 205312K, 85% used [0x00000000c0000000,0x00000000cabe0650,0x00000000cc880000)
 Metaspace       used 106058K, committed 107520K, reserved 1179648K
  class space    used 10603K, committed 11264K, reserved 1048576K
}

