# JRE version: OpenJDK Runtime Environment Temurin-17.0.12+7 (17.0.12+7) (build 17.0.12+7)
# Java VM: OpenJDK 64-Bit Server VM Temurin-17.0.12+7 (17.0.12+7, mixed mode, tiered, compressed oops, compressed class ptrs, parallel gc, windows-amd64)
GC Precious Log:
 CPUs: 4 total, 4 available
 Memory: 5941M
 Large Page Support: Disabled
 NUMA Support: Disabled
 Compressed Oops: Enabled (32-bit)
 Alignments: Space 512K, Generation 512K, Heap 2M
 Heap Min Capacity: 100M
 Heap Initial Capacity: 100M
 Heap Max Capacity: 2G
 Pre-touch: Disabled
 Parallel Workers: 4
Heap:
 PSYoungGen      total 6144K, used 4319K [0x00000000d5580000, 0x00000000d5d80000, 0x0000000100000000)
  eden space 5120K, 64% used [0x00000000d5580000,0x00000000d58bade0,0x00000000d5a80000)
  from space 1024K, 98% used [0x00000000d5a80000,0x00000000d5b7ce68,0x00000000d5b80000)
  to   space 1536K, 0% used [0x00000000d5c00000,0x00000000d5c00000,0x00000000d5d80000)
 ParOldGen       total 304640K, used 265630K [0x0000000080000000, 0x0000000092980000, 0x00000000d5580000)
  object space 304640K, 87% used [0x0000000080000000,0x00000000903678e8,0x0000000092980000)
 Metaspace       used 84515K, committed 85952K, reserved 1179648K
  class space    used 8619K, committed 9216K, reserved 1048576K
GC Heap History (20 events):
Event: 450.562 GC heap before
{Heap before GC invocations=751 (full 22):
 PSYoungGen      total 5632K, used 4969K [0x00000000d5580000, 0x00000000d5d80000, 0x0000000100000000)
  eden space 3072K, 100% used [0x00000000d5580000,0x00000000d5880000,0x00000000d5880000)
  from space 2560K, 74% used [0x00000000d5880000,0x00000000d5a5a480,0x00000000d5b00000)
  to   space 2048K, 0% used [0x00000000d5b80000,0x00000000d5b80000,0x00000000d5d80000)
 ParOldGen       total 304640K, used 260700K [0x0000000080000000, 0x0000000092980000, 0x00000000d5580000)
  object space 304640K, 85% used [0x0000000080000000,0x000000008fe97038,0x0000000092980000)
 Metaspace       used 83403K, committed 84800K, reserved 1179648K
  class space    used 8489K, committed 9088K, reserved 1048576K
}
Event: 450.567 GC heap after
{Heap after GC invocations=751 (full 22):
 PSYoungGen      total 6144K, used 1552K [0x00000000d5580000, 0x00000000d5d80000, 0x0000000100000000)
  eden space 4096K, 0% used [0x00000000d5580000,0x00000000d5580000,0x00000000d5980000)
  from space 2048K, 75% used [0x00000000d5b80000,0x00000000d5d04030,0x00000000d5d80000)
  to   space 2048K, 0% used [0x00000000d5980000,0x00000000d5980000,0x00000000d5b80000)
 ParOldGen       total 304640K, used 261276K [0x0000000080000000, 0x0000000092980000, 0x00000000d5580000)
  object space 304640K, 85% used [0x0000000080000000,0x000000008ff272e0,0x0000000092980000)
 Metaspace       used 83403K, committed 84800K, reserved 1179648K
  class space    used 8489K, committed 9088K, reserved 1048576K
}
Event: 450.686 GC heap before
{Heap before GC invocations=752 (full 22):
 PSYoungGen      total 6144K, used 5648K [0x00000000d5580000, 0x00000000d5d80000, 0x0000000100000000)
  eden space 4096K, 100% used [0x00000000d5580000,0x00000000d5980000,0x00000000d5980000)
  from space 2048K, 75% used [0x00000000d5b80000,0x00000000d5d04030,0x00000000d5d80000)
  to   space 2048K, 0% used [0x00000000d5980000,0x00000000d5980000,0x00000000d5b80000)
 ParOldGen       total 304640K, used 261276K [0x0000000080000000, 0x0000000092980000, 0x00000000d5580000)
  object space 304640K, 85% used [0x0000000080000000,0x000000008ff272e0,0x0000000092980000)
 Metaspace       used 83404K, committed 84800K, reserved 1179648K
  class space    used 8489K, committed 9088K, reserved 1048576K
}
Event: 450.693 GC heap after
{Heap after GC invocations=752 (full 22):
 PSYoungGen      total 6144K, used 1396K [0x00000000d5580000, 0x00000000d5d80000, 0x0000000100000000)
  eden space 4096K, 0% used [0x00000000d5580000,0x00000000d5580000,0x00000000d5980000)
  from space 2048K, 68% used [0x00000000d5980000,0x00000000d5add240,0x00000000d5b80000)
  to   space 1536K, 0% used [0x00000000d5c00000,0x00000000d5c00000,0x00000000d5d80000)
 ParOldGen       total 304640K, used 261852K [0x0000000080000000, 0x0000000092980000, 0x00000000d5580000)
  object space 304640K, 85% used [0x0000000080000000,0x000000008ffb7320,0x0000000092980000)
 Metaspace       used 83404K, committed 84800K, reserved 1179648K
  class space    used 8489K, committed 9088K, reserved 1048576K
}
Event: 450.735 GC heap before
{Heap before GC invocations=753 (full 22):
 PSYoungGen      total 6144K, used 5492K [0x00000000d5580000, 0x00000000d5d80000, 0x0000000100000000)
  eden space 4096K, 100% used [0x00000000d5580000,0x00000000d5980000,0x00000000d5980000)
  from space 2048K, 68% used [0x00000000d5980000,0x00000000d5add240,0x00000000d5b80000)
  to   space 1536K, 0% used [0x00000000d5c00000,0x00000000d5c00000,0x00000000d5d80000)
 ParOldGen       total 304640K, used 261852K [0x0000000080000000, 0x0000000092980000, 0x00000000d5580000)
  object space 304640K, 85% used [0x0000000080000000,0x000000008ffb7320,0x0000000092980000)
 Metaspace       used 83405K, committed 84800K, reserved 1179648K
  class space    used 8489K, committed 9088K, reserved 1048576K
}
Event: 450.741 GC heap after
{Heap after GC invocations=753 (full 22):
 PSYoungGen      total 6656K, used 1188K [0x00000000d5580000, 0x00000000d5d80000, 0x0000000100000000)
  eden space 5120K, 0% used [0x00000000d5580000,0x00000000d5580000,0x00000000d5a80000)
  from space 1536K, 77% used [0x00000000d5c00000,0x00000000d5d29250,0x00000000d5d80000)
  to   space 1536K, 0% used [0x00000000d5a80000,0x00000000d5a80000,0x00000000d5c00000)
 ParOldGen       total 304640K, used 262588K [0x0000000080000000, 0x0000000092980000, 0x00000000d5580000)
  object space 304640K, 86% used [0x0000000080000000,0x000000009006f340,0x0000000092980000)
 Metaspace       used 83405K, committed 84800K, reserved 1179648K
  class space    used 8489K, committed 9088K, reserved 1048576K
}
Event: 450.915 GC heap before
{Heap before GC invocations=754 (full 22):
 PSYoungGen      total 6656K, used 6308K [0x00000000d5580000, 0x00000000d5d80000, 0x0000000100000000)
  eden space 5120K, 99% used [0x00000000d5580000,0x00000000d5a7fff0,0x00000000d5a80000)
  from space 1536K, 77% used [0x00000000d5c00000,0x00000000d5d29250,0x00000000d5d80000)
  to   space 1536K, 0% used [0x00000000d5a80000,0x00000000d5a80000,0x00000000d5c00000)
 ParOldGen       total 304640K, used 262588K [0x0000000080000000, 0x0000000092980000, 0x00000000d5580000)
  object space 304640K, 86% used [0x0000000080000000,0x000000009006f340,0x0000000092980000)
 Metaspace       used 83432K, committed 84864K, reserved 1179648K
  class space    used 8489K, committed 9088K, reserved 1048576K
}
Event: 450.919 GC heap after
{Heap after GC invocations=754 (full 22):
 PSYoungGen      total 6656K, used 1104K [0x00000000d5580000, 0x00000000d5d80000, 0x0000000100000000)
  eden space 5120K, 0% used [0x00000000d5580000,0x00000000d5580000,0x00000000d5a80000)
  from space 1536K, 71% used [0x00000000d5a80000,0x00000000d5b94010,0x00000000d5c00000)
  to   space 1536K, 0% used [0x00000000d5c00000,0x00000000d5c00000,0x00000000d5d80000)
 ParOldGen       total 304640K, used 263176K [0x0000000080000000, 0x0000000092980000, 0x00000000d5580000)
  object space 304640K, 86% used [0x0000000080000000,0x0000000090102270,0x0000000092980000)
 Metaspace       used 83432K, committed 84864K, reserved 1179648K
  class space    used 8489K, committed 9088K, reserved 1048576K
}
Event: 451.054 GC heap before
{Heap before GC invocations=755 (full 22):
 PSYoungGen      total 6656K, used 6224K [0x00000000d5580000, 0x00000000d5d80000, 0x0000000100000000)
  eden space 5120K, 100% used [0x00000000d5580000,0x00000000d5a80000,0x00000000d5a80000)
  from space 1536K, 71% used [0x00000000d5a80000,0x00000000d5b94010,0x00000000d5c00000)
  to   space 1536K, 0% used [0x00000000d5c00000,0x00000000d5c00000,0x00000000d5d80000)
 ParOldGen       total 304640K, used 263176K [0x0000000080000000, 0x0000000092980000, 0x00000000d5580000)
  object space 304640K, 86% used [0x0000000080000000,0x0000000090102270,0x0000000092980000)
 Metaspace       used 83433K, committed 84864K, reserved 1179648K
  class space    used 8489K, committed 9088K, reserved 1048576K
}
Event: 451.061 GC heap after
{Heap after GC invocations=755 (full 22):
 PSYoungGen      total 6144K, used 740K [0x00000000d5580000, 0x00000000d5d00000, 0x0000000100000000)
  eden space 5120K, 0% used [0x00000000d5580000,0x00000000d5580000,0x00000000d5a80000)
  from space 1024K, 72% used [0x00000000d5c00000,0x00000000d5cb9250,0x00000000d5d00000)
  to   space 1024K, 0% used [0x00000000d5b00000,0x00000000d5b00000,0x00000000d5c00000)
 ParOldGen       total 304640K, used 264173K [0x0000000080000000, 0x0000000092980000, 0x00000000d5580000)
  object space 304640K, 86% used [0x0000000080000000,0x00000000901fb6e0,0x0000000092980000)
 Metaspace       used 83433K, committed 84864K, reserved 1179648K
  class space    used 8489K, committed 9088K, reserved 1048576K
}
Event: 451.245 GC heap before
{Heap before GC invocations=756 (full 22):
 PSYoungGen      total 6144K, used 5860K [0x00000000d5580000, 0x00000000d5d00000, 0x0000000100000000)
  eden space 5120K, 100% used [0x00000000d5580000,0x00000000d5a80000,0x00000000d5a80000)
  from space 1024K, 72% used [0x00000000d5c00000,0x00000000d5cb9250,0x00000000d5d00000)
  to   space 1024K, 0% used [0x00000000d5b00000,0x00000000d5b00000,0x00000000d5c00000)
 ParOldGen       total 304640K, used 264173K [0x0000000080000000, 0x0000000092980000, 0x00000000d5580000)
  object space 304640K, 86% used [0x0000000080000000,0x00000000901fb6e0,0x0000000092980000)
 Metaspace       used 83440K, committed 84864K, reserved 1179648K
  class space    used 8489K, committed 9088K, reserved 1048576K
}
Event: 451.248 GC heap after
{Heap after GC invocations=756 (full 22):
 PSYoungGen      total 5632K, used 480K [0x00000000d5580000, 0x00000000d5c80000, 0x0000000100000000)
  eden space 5120K, 0% used [0x00000000d5580000,0x00000000d5580000,0x00000000d5a80000)
  from space 512K, 93% used [0x00000000d5b00000,0x00000000d5b78000,0x00000000d5b80000)
  to   space 1024K, 0% used [0x00000000d5b80000,0x00000000d5b80000,0x00000000d5c80000)
 ParOldGen       total 304640K, used 264833K [0x0000000080000000, 0x0000000092980000, 0x00000000d5580000)
  object space 304640K, 86% used [0x0000000080000000,0x00000000902a0610,0x0000000092980000)
 Metaspace       used 83440K, committed 84864K, reserved 1179648K
  class space    used 8489K, committed 9088K, reserved 1048576K
}
Event: 451.467 GC heap before
{Heap before GC invocations=757 (full 22):
 PSYoungGen      total 5632K, used 5600K [0x00000000d5580000, 0x00000000d5c80000, 0x0000000100000000)
  eden space 5120K, 100% used [0x00000000d5580000,0x00000000d5a80000,0x00000000d5a80000)
  from space 512K, 93% used [0x00000000d5b00000,0x00000000d5b78000,0x00000000d5b80000)
  to   space 1024K, 0% used [0x00000000d5b80000,0x00000000d5b80000,0x00000000d5c80000)
 ParOldGen       total 304640K, used 264833K [0x0000000080000000, 0x0000000092980000, 0x00000000d5580000)
  object space 304640K, 86% used [0x0000000080000000,0x00000000902a0610,0x0000000092980000)
 Metaspace       used 83545K, committed 84928K, reserved 1179648K
  class space    used 8498K, committed 9088K, reserved 1048576K
}
Event: 451.473 GC heap after
{Heap after GC invocations=757 (full 22):
 PSYoungGen      total 6144K, used 500K [0x00000000d5580000, 0x00000000d5c80000, 0x0000000100000000)
  eden space 5120K, 0% used [0x00000000d5580000,0x00000000d5580000,0x00000000d5a80000)
  from space 1024K, 48% used [0x00000000d5b80000,0x00000000d5bfd220,0x00000000d5c80000)
  to   space 1024K, 0% used [0x00000000d5a80000,0x00000000d5a80000,0x00000000d5b80000)
 ParOldGen       total 304640K, used 265241K [0x0000000080000000, 0x0000000092980000, 0x00000000d5580000)
  object space 304640K, 87% used [0x0000000080000000,0x0000000090306630,0x0000000092980000)
 Metaspace       used 83545K, committed 84928K, reserved 1179648K
  class space    used 8498K, committed 9088K, reserved 1048576K
}
Event: 451.695 GC heap before
{Heap before GC invocations=758 (full 22):
 PSYoungGen      total 6144K, used 5620K [0x00000000d5580000, 0x00000000d5c80000, 0x0000000100000000)
  eden space 5120K, 100% used [0x00000000d5580000,0x00000000d5a80000,0x00000000d5a80000)
  from space 1024K, 48% used [0x00000000d5b80000,0x00000000d5bfd220,0x00000000d5c80000)
  to   space 1024K, 0% used [0x00000000d5a80000,0x00000000d5a80000,0x00000000d5b80000)
 ParOldGen       total 304640K, used 265241K [0x0000000080000000, 0x0000000092980000, 0x00000000d5580000)
  object space 304640K, 87% used [0x0000000080000000,0x0000000090306630,0x0000000092980000)
 Metaspace       used 83948K, committed 85376K, reserved 1179648K
  class space    used 8549K, committed 9152K, reserved 1048576K
}
Event: 451.699 GC heap after
{Heap after GC invocations=758 (full 22):
 PSYoungGen      total 6144K, used 559K [0x00000000d5580000, 0x00000000d5c80000, 0x0000000100000000)
  eden space 5120K, 0% used [0x00000000d5580000,0x00000000d5580000,0x00000000d5a80000)
  from space 1024K, 54% used [0x00000000d5a80000,0x00000000d5b0bc68,0x00000000d5b80000)
  to   space 1024K, 0% used [0x00000000d5b80000,0x00000000d5b80000,0x00000000d5c80000)
 ParOldGen       total 304640K, used 265249K [0x0000000080000000, 0x0000000092980000, 0x00000000d5580000)
  object space 304640K, 87% used [0x0000000080000000,0x0000000090308630,0x0000000092980000)
 Metaspace       used 83948K, committed 85376K, reserved 1179648K
  class space    used 8549K, committed 9152K, reserved 1048576K
}
Event: 452.130 GC heap before
{Heap before GC invocations=759 (full 22):
 PSYoungGen      total 6144K, used 5679K [0x00000000d5580000, 0x00000000d5c80000, 0x0000000100000000)
  eden space 5120K, 100% used [0x00000000d5580000,0x00000000d5a80000,0x00000000d5a80000)
  from space 1024K, 54% used [0x00000000d5a80000,0x00000000d5b0bc68,0x00000000d5b80000)
  to   space 1024K, 0% used [0x00000000d5b80000,0x00000000d5b80000,0x00000000d5c80000)
 ParOldGen       total 304640K, used 265249K [0x0000000080000000, 0x0000000092980000, 0x00000000d5580000)
  object space 304640K, 87% used [0x0000000080000000,0x0000000090308630,0x0000000092980000)
 Metaspace       used 84507K, committed 85952K, reserved 1179648K
  class space    used 8619K, committed 9216K, reserved 1048576K
}
Event: 452.134 GC heap after
{Heap after GC invocations=759 (full 22):
 PSYoungGen      total 6144K, used 803K [0x00000000d5580000, 0x00000000d5c80000, 0x0000000100000000)
  eden space 5120K, 0% used [0x00000000d5580000,0x00000000d5580000,0x00000000d5a80000)
  from space 1024K, 78% used [0x00000000d5b80000,0x00000000d5c48e78,0x00000000d5c80000)
  to   space 1024K, 0% used [0x00000000d5a80000,0x00000000d5a80000,0x00000000d5b80000)
 ParOldGen       total 304640K, used 265257K [0x0000000080000000, 0x0000000092980000, 0x00000000d5580000)
  object space 304640K, 87% used [0x0000000080000000,0x000000009030a630,0x0000000092980000)
 Metaspace       used 84507K, committed 85952K, reserved 1179648K
  class space    used 8619K, committed 9216K, reserved 1048576K
}
Event: 452.297 GC heap before
{Heap before GC invocations=760 (full 22):
 PSYoungGen      total 6144K, used 5923K [0x00000000d5580000, 0x00000000d5c80000, 0x0000000100000000)
  eden space 5120K, 100% used [0x00000000d5580000,0x00000000d5a80000,0x00000000d5a80000)
  from space 1024K, 78% used [0x00000000d5b80000,0x00000000d5c48e78,0x00000000d5c80000)
  to   space 1024K, 0% used [0x00000000d5a80000,0x00000000d5a80000,0x00000000d5b80000)
 ParOldGen       total 304640K, used 265257K [0x0000000080000000, 0x0000000092980000, 0x00000000d5580000)
  object space 304640K, 87% used [0x0000000080000000,0x000000009030a630,0x0000000092980000)
 Metaspace       used 84512K, committed 85952K, reserved 1179648K
  class space    used 8619K, committed 9216K, reserved 1048576K
}
Event: 452.302 GC heap after
{Heap after GC invocations=760 (full 22):
 PSYoungGen      total 6144K, used 1011K [0x00000000d5580000, 0x00000000d5d80000, 0x0000000100000000)
  eden space 5120K, 0% used [0x00000000d5580000,0x00000000d5580000,0x00000000d5a80000)
  from space 1024K, 98% used [0x00000000d5a80000,0x00000000d5b7ce68,0x00000000d5b80000)
  to   space 1536K, 0% used [0x00000000d5c00000,0x00000000d5c00000,0x00000000d5d80000)
 ParOldGen       total 304640K, used 265630K [0x0000000080000000, 0x0000000092980000, 0x00000000d5580000)
  object space 304640K, 87% used [0x0000000080000000,0x00000000903678e8,0x0000000092980000)
 Metaspace       used 84512K, committed 85952K, reserved 1179648K
  class space    used 8619K, committed 9216K, reserved 1048576K
}

