# JRE version: OpenJDK Runtime Environment Temurin-17.0.12+7 (17.0.12+7) (build 17.0.12+7)
# Java VM: OpenJDK 64-Bit Server VM Temurin-17.0.12+7 (17.0.12+7, mixed mode, emulated-client, tiered, compressed oops, compressed class ptrs, g1 gc, windows-amd64)
GC Precious Log:
 CPUs: 4 total, 4 available
 Memory: 5941M
 Large Page Support: Disabled
 NUMA Support: Disabled
 Compressed Oops: Enabled (32-bit)
 Heap Region Size: 1M
 Heap Min Capacity: 8M
 Heap Initial Capacity: 94M
 Heap Max Capacity: 1G
 Pre-touch: Disabled
 Parallel Workers: 4
 Concurrent Workers: 1
 Concurrent Refinement Workers: 4
 Periodic GC: Disabled
Heap:
 garbage-first heap   total 129024K, used 40405K [0x00000000c0000000, 0x0000000100000000)
  region size 1024K, 1 young (1024K), 0 survivors (0K)
 Metaspace       used 62448K, committed 62976K, reserved 1114112K
  class space    used 7891K, committed 8128K, reserved 1048576K
GC Heap History (20 events):
Event: 6578.713 GC heap after
{Heap after GC invocations=298 (full 187):
 garbage-first heap   total 129024K, used 48235K [0x00000000c0000000, 0x0000000100000000)
  region size 1024K, 2 young (2048K), 2 survivors (2048K)
 Metaspace       used 62477K, committed 62976K, reserved 1114112K
  class space    used 7897K, committed 8128K, reserved 1048576K
}
Event: 6704.528 GC heap before
{Heap before GC invocations=298 (full 187):
 garbage-first heap   total 129024K, used 92267K [0x00000000c0000000, 0x0000000100000000)
  region size 1024K, 47 young (48128K), 2 survivors (2048K)
 Metaspace       used 62477K, committed 62976K, reserved 1114112K
  class space    used 7897K, committed 8128K, reserved 1048576K
}
Event: 6704.710 GC heap after
{Heap after GC invocations=299 (full 188):
 garbage-first heap   total 129024K, used 40104K [0x00000000c0000000, 0x0000000100000000)
  region size 1024K, 0 young (0K), 0 survivors (0K)
 Metaspace       used 62477K, committed 62976K, reserved 1114112K
  class space    used 7897K, committed 8128K, reserved 1048576K
}
Event: 6835.830 GC heap before
{Heap before GC invocations=299 (full 188):
 garbage-first heap   total 129024K, used 48296K [0x00000000c0000000, 0x0000000100000000)
  region size 1024K, 9 young (9216K), 0 survivors (0K)
 Metaspace       used 62477K, committed 62976K, reserved 1114112K
  class space    used 7897K, committed 8128K, reserved 1048576K
}
Event: 6836.001 GC heap after
{Heap after GC invocations=300 (full 189):
 garbage-first heap   total 129024K, used 40823K [0x00000000c0000000, 0x0000000100000000)
  region size 1024K, 0 young (0K), 0 survivors (0K)
 Metaspace       used 62469K, committed 62976K, reserved 1114112K
  class space    used 7895K, committed 8128K, reserved 1048576K
}
Event: 6846.454 GC heap before
{Heap before GC invocations=300 (full 189):
 garbage-first heap   total 129024K, used 40823K [0x00000000c0000000, 0x0000000100000000)
  region size 1024K, 1 young (1024K), 0 survivors (0K)
 Metaspace       used 62469K, committed 62976K, reserved 1114112K
  class space    used 7895K, committed 8128K, reserved 1048576K
}
Event: 6846.610 GC heap after
{Heap after GC invocations=301 (full 190):
 garbage-first heap   total 129024K, used 40407K [0x00000000c0000000, 0x0000000100000000)
  region size 1024K, 0 young (0K), 0 survivors (0K)
 Metaspace       used 62448K, committed 62976K, reserved 1114112K
  class space    used 7891K, committed 8128K, reserved 1048576K
}
Event: 6857.034 GC heap before
{Heap before GC invocations=301 (full 190):
 garbage-first heap   total 129024K, used 40407K [0x00000000c0000000, 0x0000000100000000)
  region size 1024K, 1 young (1024K), 0 survivors (0K)
 Metaspace       used 62448K, committed 62976K, reserved 1114112K
  class space    used 7891K, committed 8128K, reserved 1048576K
}
Event: 6857.221 GC heap after
{Heap after GC invocations=302 (full 191):
 garbage-first heap   total 129024K, used 40407K [0x00000000c0000000, 0x0000000100000000)
  region size 1024K, 0 young (0K), 0 survivors (0K)
 Metaspace       used 62448K, committed 62976K, reserved 1114112K
  class space    used 7891K, committed 8128K, reserved 1048576K
}
Event: 6867.680 GC heap before
{Heap before GC invocations=302 (full 191):
 garbage-first heap   total 129024K, used 40407K [0x00000000c0000000, 0x0000000100000000)
  region size 1024K, 1 young (1024K), 0 survivors (0K)
 Metaspace       used 62448K, committed 62976K, reserved 1114112K
  class space    used 7891K, committed 8128K, reserved 1048576K
}
Event: 6867.860 GC heap after
{Heap after GC invocations=303 (full 192):
 garbage-first heap   total 129024K, used 40407K [0x00000000c0000000, 0x0000000100000000)
  region size 1024K, 0 young (0K), 0 survivors (0K)
 Metaspace       used 62448K, committed 62976K, reserved 1114112K
  class space    used 7891K, committed 8128K, reserved 1048576K
}
Event: 6878.413 GC heap before
{Heap before GC invocations=303 (full 192):
 garbage-first heap   total 129024K, used 40407K [0x00000000c0000000, 0x0000000100000000)
  region size 1024K, 1 young (1024K), 0 survivors (0K)
 Metaspace       used 62448K, committed 62976K, reserved 1114112K
  class space    used 7891K, committed 8128K, reserved 1048576K
}
Event: 6878.589 GC heap after
{Heap after GC invocations=304 (full 193):
 garbage-first heap   total 129024K, used 40407K [0x00000000c0000000, 0x0000000100000000)
  region size 1024K, 0 young (0K), 0 survivors (0K)
 Metaspace       used 62448K, committed 62976K, reserved 1114112K
  class space    used 7891K, committed 8128K, reserved 1048576K
}
Event: 6888.896 GC heap before
{Heap before GC invocations=304 (full 193):
 garbage-first heap   total 129024K, used 40407K [0x00000000c0000000, 0x0000000100000000)
  region size 1024K, 1 young (1024K), 0 survivors (0K)
 Metaspace       used 62448K, committed 62976K, reserved 1114112K
  class space    used 7891K, committed 8128K, reserved 1048576K
}
Event: 6889.014 GC heap after
{Heap after GC invocations=305 (full 194):
 garbage-first heap   total 129024K, used 40405K [0x00000000c0000000, 0x0000000100000000)
  region size 1024K, 0 young (0K), 0 survivors (0K)
 Metaspace       used 62448K, committed 62976K, reserved 1114112K
  class space    used 7891K, committed 8128K, reserved 1048576K
}
Event: 6899.516 GC heap before
{Heap before GC invocations=305 (full 194):
 garbage-first heap   total 129024K, used 40405K [0x00000000c0000000, 0x0000000100000000)
  region size 1024K, 1 young (1024K), 0 survivors (0K)
 Metaspace       used 62448K, committed 62976K, reserved 1114112K
  class space    used 7891K, committed 8128K, reserved 1048576K
}
Event: 6899.669 GC heap after
{Heap after GC invocations=306 (full 195):
 garbage-first heap   total 129024K, used 40405K [0x00000000c0000000, 0x0000000100000000)
  region size 1024K, 0 young (0K), 0 survivors (0K)
 Metaspace       used 62448K, committed 62976K, reserved 1114112K
  class space    used 7891K, committed 8128K, reserved 1048576K
}
Event: 6910.077 GC heap before
{Heap before GC invocations=306 (full 195):
 garbage-first heap   total 129024K, used 40405K [0x00000000c0000000, 0x0000000100000000)
  region size 1024K, 1 young (1024K), 0 survivors (0K)
 Metaspace       used 62448K, committed 62976K, reserved 1114112K
  class space    used 7891K, committed 8128K, reserved 1048576K
}
Event: 6910.231 GC heap after
{Heap after GC invocations=307 (full 196):
 garbage-first heap   total 129024K, used 40405K [0x00000000c0000000, 0x0000000100000000)
  region size 1024K, 0 young (0K), 0 survivors (0K)
 Metaspace       used 62448K, committed 62976K, reserved 1114112K
  class space    used 7891K, committed 8128K, reserved 1048576K
}
Event: 6920.811 GC heap before
{Heap before GC invocations=307 (full 196):
 garbage-first heap   total 129024K, used 40405K [0x00000000c0000000, 0x0000000100000000)
  region size 1024K, 1 young (1024K), 0 survivors (0K)
 Metaspace       used 62448K, committed 62976K, reserved 1114112K
  class space    used 7891K, committed 8128K, reserved 1048576K
}

