# JRE version: OpenJDK Runtime Environment Temurin-17.0.12+7 (17.0.12+7) (build 17.0.12+7)
# Java VM: OpenJDK 64-Bit Server VM Temurin-17.0.12+7 (17.0.12+7, mixed mode, emulated-client, tiered, compressed oops, compressed class ptrs, g1 gc, windows-amd64)
GC Precious Log:
 CPUs: 4 total, 4 available
 Memory: 5941M
 Large Page Support: Disabled
 NUMA Support: Disabled
 Compressed Oops: Enabled (32-bit)
 Heap Region Size: 1M
 Heap Min Capacity: 8M
 Heap Initial Capacity: 94M
 Heap Max Capacity: 1G
 Pre-touch: Disabled
 Parallel Workers: 4
 Concurrent Workers: 1
 Concurrent Refinement Workers: 4
 Periodic GC: Disabled
Heap:
 garbage-first heap   total 89088K, used 40319K [0x00000000c0000000, 0x0000000100000000)
  region size 1024K, 1 young (1024K), 0 survivors (0K)
 Metaspace       used 62387K, committed 62912K, reserved 1114112K
  class space    used 7892K, committed 8128K, reserved 1048576K
GC Heap History (20 events):
Event: 1969.063 GC heap after
{Heap after GC invocations=145 (full 106):
 garbage-first heap   total 89088K, used 40331K [0x00000000c0000000, 0x0000000100000000)
  region size 1024K, 0 young (0K), 0 survivors (0K)
 Metaspace       used 62378K, committed 62848K, reserved 1114112K
  class space    used 7890K, committed 8128K, reserved 1048576K
}
Event: 1999.775 GC heap before
{Heap before GC invocations=145 (full 106):
 garbage-first heap   total 89088K, used 59787K [0x00000000c0000000, 0x0000000100000000)
  region size 1024K, 20 young (20480K), 0 survivors (0K)
 Metaspace       used 62387K, committed 62912K, reserved 1114112K
  class space    used 7892K, committed 8128K, reserved 1048576K
}
Event: 1999.783 GC heap after
{Heap after GC invocations=146 (full 106):
 garbage-first heap   total 89088K, used 45634K [0x00000000c0000000, 0x0000000100000000)
  region size 1024K, 3 young (3072K), 3 survivors (3072K)
 Metaspace       used 62387K, committed 62912K, reserved 1114112K
  class space    used 7892K, committed 8128K, reserved 1048576K
}
Event: 2039.952 GC heap before
{Heap before GC invocations=147 (full 106):
 garbage-first heap   total 89088K, used 49730K [0x00000000c0000000, 0x0000000100000000)
  region size 1024K, 10 young (10240K), 3 survivors (3072K)
 Metaspace       used 62387K, committed 62912K, reserved 1114112K
  class space    used 7892K, committed 8128K, reserved 1048576K
}
Event: 2040.107 GC heap after
{Heap after GC invocations=148 (full 107):
 garbage-first heap   total 89088K, used 40648K [0x00000000c0000000, 0x0000000100000000)
  region size 1024K, 0 young (0K), 0 survivors (0K)
 Metaspace       used 62387K, committed 62912K, reserved 1114112K
  class space    used 7892K, committed 8128K, reserved 1048576K
}
Event: 2050.927 GC heap before
{Heap before GC invocations=148 (full 107):
 garbage-first heap   total 89088K, used 40648K [0x00000000c0000000, 0x0000000100000000)
  region size 1024K, 1 young (1024K), 0 survivors (0K)
 Metaspace       used 62387K, committed 62912K, reserved 1114112K
  class space    used 7892K, committed 8128K, reserved 1048576K
}
Event: 2051.097 GC heap after
{Heap after GC invocations=149 (full 108):
 garbage-first heap   total 89088K, used 40425K [0x00000000c0000000, 0x0000000100000000)
  region size 1024K, 0 young (0K), 0 survivors (0K)
 Metaspace       used 62387K, committed 62912K, reserved 1114112K
  class space    used 7892K, committed 8128K, reserved 1048576K
}
Event: 2061.490 GC heap before
{Heap before GC invocations=149 (full 108):
 garbage-first heap   total 89088K, used 40425K [0x00000000c0000000, 0x0000000100000000)
  region size 1024K, 1 young (1024K), 0 survivors (0K)
 Metaspace       used 62387K, committed 62912K, reserved 1114112K
  class space    used 7892K, committed 8128K, reserved 1048576K
}
Event: 2061.708 GC heap after
{Heap after GC invocations=150 (full 109):
 garbage-first heap   total 89088K, used 40319K [0x00000000c0000000, 0x0000000100000000)
  region size 1024K, 0 young (0K), 0 survivors (0K)
 Metaspace       used 62387K, committed 62912K, reserved 1114112K
  class space    used 7892K, committed 8128K, reserved 1048576K
}
Event: 2072.094 GC heap before
{Heap before GC invocations=150 (full 109):
 garbage-first heap   total 89088K, used 40319K [0x00000000c0000000, 0x0000000100000000)
  region size 1024K, 1 young (1024K), 0 survivors (0K)
 Metaspace       used 62387K, committed 62912K, reserved 1114112K
  class space    used 7892K, committed 8128K, reserved 1048576K
}
Event: 2072.260 GC heap after
{Heap after GC invocations=151 (full 110):
 garbage-first heap   total 89088K, used 40319K [0x00000000c0000000, 0x0000000100000000)
  region size 1024K, 0 young (0K), 0 survivors (0K)
 Metaspace       used 62387K, committed 62912K, reserved 1114112K
  class space    used 7892K, committed 8128K, reserved 1048576K
}
Event: 2082.640 GC heap before
{Heap before GC invocations=151 (full 110):
 garbage-first heap   total 89088K, used 40319K [0x00000000c0000000, 0x0000000100000000)
  region size 1024K, 1 young (1024K), 0 survivors (0K)
 Metaspace       used 62387K, committed 62912K, reserved 1114112K
  class space    used 7892K, committed 8128K, reserved 1048576K
}
Event: 2082.831 GC heap after
{Heap after GC invocations=152 (full 111):
 garbage-first heap   total 89088K, used 40319K [0x00000000c0000000, 0x0000000100000000)
  region size 1024K, 0 young (0K), 0 survivors (0K)
 Metaspace       used 62387K, committed 62912K, reserved 1114112K
  class space    used 7892K, committed 8128K, reserved 1048576K
}
Event: 2093.217 GC heap before
{Heap before GC invocations=152 (full 111):
 garbage-first heap   total 89088K, used 40319K [0x00000000c0000000, 0x0000000100000000)
  region size 1024K, 1 young (1024K), 0 survivors (0K)
 Metaspace       used 62387K, committed 62912K, reserved 1114112K
  class space    used 7892K, committed 8128K, reserved 1048576K
}
Event: 2093.371 GC heap after
{Heap after GC invocations=153 (full 112):
 garbage-first heap   total 89088K, used 40319K [0x00000000c0000000, 0x0000000100000000)
  region size 1024K, 0 young (0K), 0 survivors (0K)
 Metaspace       used 62387K, committed 62912K, reserved 1114112K
  class space    used 7892K, committed 8128K, reserved 1048576K
}
Event: 2104.126 GC heap before
{Heap before GC invocations=153 (full 112):
 garbage-first heap   total 89088K, used 40319K [0x00000000c0000000, 0x0000000100000000)
  region size 1024K, 1 young (1024K), 0 survivors (0K)
 Metaspace       used 62387K, committed 62912K, reserved 1114112K
  class space    used 7892K, committed 8128K, reserved 1048576K
}
Event: 2104.266 GC heap after
{Heap after GC invocations=154 (full 113):
 garbage-first heap   total 89088K, used 40319K [0x00000000c0000000, 0x0000000100000000)
  region size 1024K, 0 young (0K), 0 survivors (0K)
 Metaspace       used 62387K, committed 62912K, reserved 1114112K
  class space    used 7892K, committed 8128K, reserved 1048576K
}
Event: 2114.841 GC heap before
{Heap before GC invocations=154 (full 113):
 garbage-first heap   total 89088K, used 40319K [0x00000000c0000000, 0x0000000100000000)
  region size 1024K, 1 young (1024K), 0 survivors (0K)
 Metaspace       used 62387K, committed 62912K, reserved 1114112K
  class space    used 7892K, committed 8128K, reserved 1048576K
}
Event: 2115.045 GC heap after
{Heap after GC invocations=155 (full 114):
 garbage-first heap   total 89088K, used 40319K [0x00000000c0000000, 0x0000000100000000)
  region size 1024K, 0 young (0K), 0 survivors (0K)
 Metaspace       used 62387K, committed 62912K, reserved 1114112K
  class space    used 7892K, committed 8128K, reserved 1048576K
}
Event: 2125.101 GC heap before
{Heap before GC invocations=155 (full 114):
 garbage-first heap   total 89088K, used 40319K [0x00000000c0000000, 0x0000000100000000)
  region size 1024K, 1 young (1024K), 0 survivors (0K)
 Metaspace       used 62387K, committed 62912K, reserved 1114112K
  class space    used 7892K, committed 8128K, reserved 1048576K
}

