# JRE version: OpenJDK Runtime Environment Temurin-17.0.12+7 (17.0.12+7) (build 17.0.12+7)
# Java VM: OpenJDK 64-Bit Server VM Temurin-17.0.12+7 (17.0.12+7, mixed mode, tiered, compressed oops, compressed class ptrs, parallel gc, windows-amd64)
GC Precious Log:
 CPUs: 4 total, 4 available
 Memory: 5941M
 Large Page Support: Disabled
 NUMA Support: Disabled
 Compressed Oops: Enabled (32-bit)
 Alignments: Space 512K, Generation 512K, Heap 2M
 Heap Min Capacity: 100M
 Heap Initial Capacity: 100M
 Heap Max Capacity: 1G
 Pre-touch: Disabled
 Parallel Workers: 4
Heap:
 PSYoungGen      total 3584K, used 1558K [0x00000000eab00000, 0x00000000eb280000, 0x0000000100000000)
  eden space 3072K, 38% used [0x00000000eab00000,0x00000000eac25b78,0x00000000eae00000)
  from space 512K, 75% used [0x00000000eb200000,0x00000000eb260020,0x00000000eb280000)
  to   space 512K, 0% used [0x00000000eb180000,0x00000000eb180000,0x00000000eb200000)
 ParOldGen       total 259072K, used 254782K [0x00000000c0000000, 0x00000000cfd00000, 0x00000000eab00000)
  object space 259072K, 98% used [0x00000000c0000000,0x00000000cf8cf808,0x00000000cfd00000)
 Metaspace       used 80311K, committed 81792K, reserved 1179648K
  class space    used 8143K, committed 8832K, reserved 1048576K
GC Heap History (20 events):
Event: 189.993 GC heap before
{Heap before GC invocations=573 (full 12):
 PSYoungGen      total 4608K, used 4234K [0x00000000eab00000, 0x00000000eb100000, 0x0000000100000000)
  eden space 3072K, 100% used [0x00000000eab00000,0x00000000eae00000,0x00000000eae00000)
  from space 1536K, 75% used [0x00000000eae00000,0x00000000eaf22810,0x00000000eaf80000)
  to   space 1536K, 0% used [0x00000000eaf80000,0x00000000eaf80000,0x00000000eb100000)
 ParOldGen       total 259072K, used 243559K [0x00000000c0000000, 0x00000000cfd00000, 0x00000000eab00000)
  object space 259072K, 94% used [0x00000000c0000000,0x00000000cedd9c00,0x00000000cfd00000)
 Metaspace       used 79817K, committed 81216K, reserved 1179648K
  class space    used 8083K, committed 8704K, reserved 1048576K
}
Event: 189.999 GC heap after
{Heap after GC invocations=573 (full 12):
 PSYoungGen      total 4608K, used 1280K [0x00000000eab00000, 0x00000000eb100000, 0x0000000100000000)
  eden space 3072K, 0% used [0x00000000eab00000,0x00000000eab00000,0x00000000eae00000)
  from space 1536K, 83% used [0x00000000eaf80000,0x00000000eb0c0000,0x00000000eb100000)
  to   space 1536K, 0% used [0x00000000eae00000,0x00000000eae00000,0x00000000eaf80000)
 ParOldGen       total 259072K, used 244477K [0x00000000c0000000, 0x00000000cfd00000, 0x00000000eab00000)
  object space 259072K, 94% used [0x00000000c0000000,0x00000000ceebf608,0x00000000cfd00000)
 Metaspace       used 79817K, committed 81216K, reserved 1179648K
  class space    used 8083K, committed 8704K, reserved 1048576K
}
Event: 190.099 GC heap before
{Heap before GC invocations=574 (full 12):
 PSYoungGen      total 4608K, used 4352K [0x00000000eab00000, 0x00000000eb100000, 0x0000000100000000)
  eden space 3072K, 100% used [0x00000000eab00000,0x00000000eae00000,0x00000000eae00000)
  from space 1536K, 83% used [0x00000000eaf80000,0x00000000eb0c0000,0x00000000eb100000)
  to   space 1536K, 0% used [0x00000000eae00000,0x00000000eae00000,0x00000000eaf80000)
 ParOldGen       total 259072K, used 244477K [0x00000000c0000000, 0x00000000cfd00000, 0x00000000eab00000)
  object space 259072K, 94% used [0x00000000c0000000,0x00000000ceebf608,0x00000000cfd00000)
 Metaspace       used 79817K, committed 81216K, reserved 1179648K
  class space    used 8083K, committed 8704K, reserved 1048576K
}
Event: 190.103 GC heap after
{Heap after GC invocations=574 (full 12):
 PSYoungGen      total 4096K, used 832K [0x00000000eab00000, 0x00000000eb000000, 0x0000000100000000)
  eden space 3072K, 0% used [0x00000000eab00000,0x00000000eab00000,0x00000000eae00000)
  from space 1024K, 81% used [0x00000000eae00000,0x00000000eaed0000,0x00000000eaf00000)
  to   space 1024K, 0% used [0x00000000eaf00000,0x00000000eaf00000,0x00000000eb000000)
 ParOldGen       total 259072K, used 245486K [0x00000000c0000000, 0x00000000cfd00000, 0x00000000eab00000)
  object space 259072K, 94% used [0x00000000c0000000,0x00000000cefbbb70,0x00000000cfd00000)
 Metaspace       used 79817K, committed 81216K, reserved 1179648K
  class space    used 8083K, committed 8704K, reserved 1048576K
}
Event: 190.172 GC heap before
{Heap before GC invocations=575 (full 12):
 PSYoungGen      total 4096K, used 3904K [0x00000000eab00000, 0x00000000eb000000, 0x0000000100000000)
  eden space 3072K, 100% used [0x00000000eab00000,0x00000000eae00000,0x00000000eae00000)
  from space 1024K, 81% used [0x00000000eae00000,0x00000000eaed0000,0x00000000eaf00000)
  to   space 1024K, 0% used [0x00000000eaf00000,0x00000000eaf00000,0x00000000eb000000)
 ParOldGen       total 259072K, used 245486K [0x00000000c0000000, 0x00000000cfd00000, 0x00000000eab00000)
  object space 259072K, 94% used [0x00000000c0000000,0x00000000cefbbb70,0x00000000cfd00000)
 Metaspace       used 79818K, committed 81216K, reserved 1179648K
  class space    used 8083K, committed 8704K, reserved 1048576K
}
Event: 190.175 GC heap after
{Heap after GC invocations=575 (full 12):
 PSYoungGen      total 4096K, used 896K [0x00000000eab00000, 0x00000000eb000000, 0x0000000100000000)
  eden space 3072K, 0% used [0x00000000eab00000,0x00000000eab00000,0x00000000eae00000)
  from space 1024K, 87% used [0x00000000eaf00000,0x00000000eafe0000,0x00000000eb000000)
  to   space 1024K, 0% used [0x00000000eae00000,0x00000000eae00000,0x00000000eaf00000)
 ParOldGen       total 259072K, used 246233K [0x00000000c0000000, 0x00000000cfd00000, 0x00000000eab00000)
  object space 259072K, 95% used [0x00000000c0000000,0x00000000cf0765a0,0x00000000cfd00000)
 Metaspace       used 79818K, committed 81216K, reserved 1179648K
  class space    used 8083K, committed 8704K, reserved 1048576K
}
Event: 190.217 GC heap before
{Heap before GC invocations=576 (full 12):
 PSYoungGen      total 4096K, used 3968K [0x00000000eab00000, 0x00000000eb000000, 0x0000000100000000)
  eden space 3072K, 100% used [0x00000000eab00000,0x00000000eae00000,0x00000000eae00000)
  from space 1024K, 87% used [0x00000000eaf00000,0x00000000eafe0000,0x00000000eb000000)
  to   space 1024K, 0% used [0x00000000eae00000,0x00000000eae00000,0x00000000eaf00000)
 ParOldGen       total 259072K, used 246233K [0x00000000c0000000, 0x00000000cfd00000, 0x00000000eab00000)
  object space 259072K, 95% used [0x00000000c0000000,0x00000000cf0765a0,0x00000000cfd00000)
 Metaspace       used 79821K, committed 81216K, reserved 1179648K
  class space    used 8083K, committed 8704K, reserved 1048576K
}
Event: 190.220 GC heap after
{Heap after GC invocations=576 (full 12):
 PSYoungGen      total 4096K, used 1011K [0x00000000eab00000, 0x00000000eb300000, 0x0000000100000000)
  eden space 3072K, 0% used [0x00000000eab00000,0x00000000eab00000,0x00000000eae00000)
  from space 1024K, 98% used [0x00000000eae00000,0x00000000eaefcf40,0x00000000eaf00000)
  to   space 2560K, 0% used [0x00000000eb080000,0x00000000eb080000,0x00000000eb300000)
 ParOldGen       total 259072K, used 247209K [0x00000000c0000000, 0x00000000cfd00000, 0x00000000eab00000)
  object space 259072K, 95% used [0x00000000c0000000,0x00000000cf16a7a0,0x00000000cfd00000)
 Metaspace       used 79821K, committed 81216K, reserved 1179648K
  class space    used 8083K, committed 8704K, reserved 1048576K
}
Event: 190.275 GC heap before
{Heap before GC invocations=577 (full 12):
 PSYoungGen      total 4096K, used 4083K [0x00000000eab00000, 0x00000000eb300000, 0x0000000100000000)
  eden space 3072K, 100% used [0x00000000eab00000,0x00000000eae00000,0x00000000eae00000)
  from space 1024K, 98% used [0x00000000eae00000,0x00000000eaefcf40,0x00000000eaf00000)
  to   space 2560K, 0% used [0x00000000eb080000,0x00000000eb080000,0x00000000eb300000)
 ParOldGen       total 259072K, used 247209K [0x00000000c0000000, 0x00000000cfd00000, 0x00000000eab00000)
  object space 259072K, 95% used [0x00000000c0000000,0x00000000cf16a7a0,0x00000000cfd00000)
 Metaspace       used 79823K, committed 81216K, reserved 1179648K
  class space    used 8083K, committed 8704K, reserved 1048576K
}
Event: 190.281 GC heap after
{Heap after GC invocations=577 (full 12):
 PSYoungGen      total 5120K, used 1622K [0x00000000eab00000, 0x00000000eb280000, 0x0000000100000000)
  eden space 3072K, 0% used [0x00000000eab00000,0x00000000eab00000,0x00000000eae00000)
  from space 2048K, 79% used [0x00000000eb080000,0x00000000eb215810,0x00000000eb280000)
  to   space 2048K, 0% used [0x00000000eae80000,0x00000000eae80000,0x00000000eb080000)
 ParOldGen       total 259072K, used 248224K [0x00000000c0000000, 0x00000000cfd00000, 0x00000000eab00000)
  object space 259072K, 95% used [0x00000000c0000000,0x00000000cf2680e8,0x00000000cfd00000)
 Metaspace       used 79823K, committed 81216K, reserved 1179648K
  class space    used 8083K, committed 8704K, reserved 1048576K
}
Event: 190.354 GC heap before
{Heap before GC invocations=578 (full 12):
 PSYoungGen      total 5120K, used 4693K [0x00000000eab00000, 0x00000000eb280000, 0x0000000100000000)
  eden space 3072K, 99% used [0x00000000eab00000,0x00000000eadfffc0,0x00000000eae00000)
  from space 2048K, 79% used [0x00000000eb080000,0x00000000eb215810,0x00000000eb280000)
  to   space 2048K, 0% used [0x00000000eae80000,0x00000000eae80000,0x00000000eb080000)
 ParOldGen       total 259072K, used 248224K [0x00000000c0000000, 0x00000000cfd00000, 0x00000000eab00000)
  object space 259072K, 95% used [0x00000000c0000000,0x00000000cf2680e8,0x00000000cfd00000)
 Metaspace       used 79838K, committed 81216K, reserved 1179648K
  class space    used 8084K, committed 8704K, reserved 1048576K
}
Event: 190.359 GC heap after
{Heap after GC invocations=578 (full 12):
 PSYoungGen      total 5120K, used 2048K [0x00000000eab00000, 0x00000000eb700000, 0x0000000100000000)
  eden space 3072K, 0% used [0x00000000eab00000,0x00000000eab00000,0x00000000eae00000)
  from space 2048K, 100% used [0x00000000eae80000,0x00000000eb080000,0x00000000eb080000)
  to   space 4608K, 0% used [0x00000000eb280000,0x00000000eb280000,0x00000000eb700000)
 ParOldGen       total 259072K, used 250331K [0x00000000c0000000, 0x00000000cfd00000, 0x00000000eab00000)
  object space 259072K, 96% used [0x00000000c0000000,0x00000000cf476c60,0x00000000cfd00000)
 Metaspace       used 79838K, committed 81216K, reserved 1179648K
  class space    used 8084K, committed 8704K, reserved 1048576K
}
Event: 190.437 GC heap before
{Heap before GC invocations=579 (full 12):
 PSYoungGen      total 5120K, used 5119K [0x00000000eab00000, 0x00000000eb700000, 0x0000000100000000)
  eden space 3072K, 99% used [0x00000000eab00000,0x00000000eadfffe8,0x00000000eae00000)
  from space 2048K, 100% used [0x00000000eae80000,0x00000000eb080000,0x00000000eb080000)
  to   space 4608K, 0% used [0x00000000eb280000,0x00000000eb280000,0x00000000eb700000)
 ParOldGen       total 259072K, used 250331K [0x00000000c0000000, 0x00000000cfd00000, 0x00000000eab00000)
  object space 259072K, 96% used [0x00000000c0000000,0x00000000cf476c60,0x00000000cfd00000)
 Metaspace       used 79989K, committed 81408K, reserved 1179648K
  class space    used 8107K, committed 8768K, reserved 1048576K
}
Event: 190.442 GC heap after
{Heap after GC invocations=579 (full 12):
 PSYoungGen      total 4608K, used 1270K [0x00000000eab00000, 0x00000000eb400000, 0x0000000100000000)
  eden space 3072K, 0% used [0x00000000eab00000,0x00000000eab00000,0x00000000eae00000)
  from space 1536K, 82% used [0x00000000eb280000,0x00000000eb3bda80,0x00000000eb400000)
  to   space 2560K, 0% used [0x00000000eaf00000,0x00000000eaf00000,0x00000000eb180000)
 ParOldGen       total 259072K, used 252367K [0x00000000c0000000, 0x00000000cfd00000, 0x00000000eab00000)
  object space 259072K, 97% used [0x00000000c0000000,0x00000000cf673d80,0x00000000cfd00000)
 Metaspace       used 79989K, committed 81408K, reserved 1179648K
  class space    used 8107K, committed 8768K, reserved 1048576K
}
Event: 190.527 GC heap before
{Heap before GC invocations=580 (full 12):
 PSYoungGen      total 4608K, used 4342K [0x00000000eab00000, 0x00000000eb400000, 0x0000000100000000)
  eden space 3072K, 100% used [0x00000000eab00000,0x00000000eae00000,0x00000000eae00000)
  from space 1536K, 82% used [0x00000000eb280000,0x00000000eb3bda80,0x00000000eb400000)
  to   space 2560K, 0% used [0x00000000eaf00000,0x00000000eaf00000,0x00000000eb180000)
 ParOldGen       total 259072K, used 252367K [0x00000000c0000000, 0x00000000cfd00000, 0x00000000eab00000)
  object space 259072K, 97% used [0x00000000c0000000,0x00000000cf673d80,0x00000000cfd00000)
 Metaspace       used 80188K, committed 81664K, reserved 1179648K
  class space    used 8137K, committed 8832K, reserved 1048576K
}
Event: 190.533 GC heap after
{Heap after GC invocations=580 (full 12):
 PSYoungGen      total 5632K, used 160K [0x00000000eab00000, 0x00000000eb300000, 0x0000000100000000)
  eden space 3072K, 0% used [0x00000000eab00000,0x00000000eab00000,0x00000000eae00000)
  from space 2560K, 6% used [0x00000000eaf00000,0x00000000eaf28000,0x00000000eb180000)
  to   space 1024K, 0% used [0x00000000eb200000,0x00000000eb200000,0x00000000eb300000)
 ParOldGen       total 259072K, used 253590K [0x00000000c0000000, 0x00000000cfd00000, 0x00000000eab00000)
  object space 259072K, 97% used [0x00000000c0000000,0x00000000cf7a5b80,0x00000000cfd00000)
 Metaspace       used 80188K, committed 81664K, reserved 1179648K
  class space    used 8137K, committed 8832K, reserved 1048576K
}
Event: 190.561 GC heap before
{Heap before GC invocations=581 (full 12):
 PSYoungGen      total 5632K, used 3231K [0x00000000eab00000, 0x00000000eb300000, 0x0000000100000000)
  eden space 3072K, 99% used [0x00000000eab00000,0x00000000eadfffd8,0x00000000eae00000)
  from space 2560K, 6% used [0x00000000eaf00000,0x00000000eaf28000,0x00000000eb180000)
  to   space 1024K, 0% used [0x00000000eb200000,0x00000000eb200000,0x00000000eb300000)
 ParOldGen       total 259072K, used 253590K [0x00000000c0000000, 0x00000000cfd00000, 0x00000000eab00000)
  object space 259072K, 97% used [0x00000000c0000000,0x00000000cf7a5b80,0x00000000cfd00000)
 Metaspace       used 80195K, committed 81664K, reserved 1179648K
  class space    used 8137K, committed 8832K, reserved 1048576K
}
Event: 190.566 GC heap after
{Heap after GC invocations=581 (full 12):
 PSYoungGen      total 4096K, used 564K [0x00000000eab00000, 0x00000000eb300000, 0x0000000100000000)
  eden space 3072K, 0% used [0x00000000eab00000,0x00000000eab00000,0x00000000eae00000)
  from space 1024K, 55% used [0x00000000eb200000,0x00000000eb28d220,0x00000000eb300000)
  to   space 1024K, 0% used [0x00000000eb100000,0x00000000eb100000,0x00000000eb200000)
 ParOldGen       total 259072K, used 253694K [0x00000000c0000000, 0x00000000cfd00000, 0x00000000eab00000)
  object space 259072K, 97% used [0x00000000c0000000,0x00000000cf7bfb90,0x00000000cfd00000)
 Metaspace       used 80195K, committed 81664K, reserved 1179648K
  class space    used 8137K, committed 8832K, reserved 1048576K
}
Event: 190.793 GC heap before
{Heap before GC invocations=582 (full 12):
 PSYoungGen      total 4096K, used 3636K [0x00000000eab00000, 0x00000000eb300000, 0x0000000100000000)
  eden space 3072K, 100% used [0x00000000eab00000,0x00000000eae00000,0x00000000eae00000)
  from space 1024K, 55% used [0x00000000eb200000,0x00000000eb28d220,0x00000000eb300000)
  to   space 1024K, 0% used [0x00000000eb100000,0x00000000eb100000,0x00000000eb200000)
 ParOldGen       total 259072K, used 253694K [0x00000000c0000000, 0x00000000cfd00000, 0x00000000eab00000)
  object space 259072K, 97% used [0x00000000c0000000,0x00000000cf7bfb90,0x00000000cfd00000)
 Metaspace       used 80265K, committed 81728K, reserved 1179648K
  class space    used 8138K, committed 8832K, reserved 1048576K
}
Event: 190.797 GC heap after
{Heap after GC invocations=582 (full 12):
 PSYoungGen      total 4096K, used 672K [0x00000000eab00000, 0x00000000eb280000, 0x0000000100000000)
  eden space 3072K, 0% used [0x00000000eab00000,0x00000000eab00000,0x00000000eae00000)
  from space 1024K, 65% used [0x00000000eb100000,0x00000000eb1a8000,0x00000000eb200000)
  to   space 512K, 0% used [0x00000000eb200000,0x00000000eb200000,0x00000000eb280000)
 ParOldGen       total 259072K, used 254213K [0x00000000c0000000, 0x00000000cfd00000, 0x00000000eab00000)
  object space 259072K, 98% used [0x00000000c0000000,0x00000000cf8414b8,0x00000000cfd00000)
 Metaspace       used 80265K, committed 81728K, reserved 1179648K
  class space    used 8138K, committed 8832K, reserved 1048576K
}

