# JRE version: OpenJDK Runtime Environment Temurin-17.0.12+7 (17.0.12+7) (build 17.0.12+7)
# Java VM: OpenJDK 64-Bit Server VM Temurin-17.0.12+7 (17.0.12+7, mixed mode, tiered, compressed oops, compressed class ptrs, parallel gc, windows-amd64)
GC Precious Log:
 CPUs: 4 total, 4 available
 Memory: 5941M
 Large Page Support: Disabled
 NUMA Support: Disabled
 Compressed Oops: Enabled (32-bit)
 Alignments: Space 512K, Generation 512K, Heap 2M
 Heap Min Capacity: 100M
 Heap Initial Capacity: 100M
 Heap Max Capacity: 1G
 Pre-touch: Disabled
 Parallel Workers: 4
Heap:
 PSYoungGen      total 29696K, used 9181K [0x00000000eab00000, 0x00000000ed000000, 0x0000000100000000)
  eden space 23040K, 11% used [0x00000000eab00000,0x00000000ead7ea78,0x00000000ec180000)
  from space 6656K, 99% used [0x00000000ec980000,0x00000000ecff8b68,0x00000000ed000000)
  to   space 7168K, 0% used [0x00000000ec180000,0x00000000ec180000,0x00000000ec880000)
 ParOldGen       total 273920K, used 248801K [0x00000000c0000000, 0x00000000d0b80000, 0x00000000eab00000)
  object space 273920K, 90% used [0x00000000c0000000,0x00000000cf2f85d0,0x00000000d0b80000)
 Metaspace       used 82650K, committed 84096K, reserved 1179648K
  class space    used 8525K, committed 9152K, reserved 1048576K
GC Heap History (20 events):
Event: 109.677 GC heap before
{Heap before GC invocations=537 (full 16):
 PSYoungGen      total 19968K, used 19962K [0x00000000eab00000, 0x00000000ec780000, 0x0000000100000000)
  eden space 14848K, 100% used [0x00000000eab00000,0x00000000eb980000,0x00000000eb980000)
  from space 5120K, 99% used [0x00000000eb980000,0x00000000ebe7e9b0,0x00000000ebe80000)
  to   space 6656K, 0% used [0x00000000ec100000,0x00000000ec100000,0x00000000ec780000)
 ParOldGen       total 239616K, used 227037K [0x00000000c0000000, 0x00000000cea00000, 0x00000000eab00000)
  object space 239616K, 94% used [0x00000000c0000000,0x00000000cddb75f8,0x00000000cea00000)
 Metaspace       used 80531K, committed 81920K, reserved 1179648K
  class space    used 8262K, committed 8896K, reserved 1048576K
}
Event: 109.697 GC heap after
{Heap after GC invocations=537 (full 16):
 PSYoungGen      total 20480K, used 4015K [0x00000000eab00000, 0x00000000ec500000, 0x0000000100000000)
  eden space 16384K, 0% used [0x00000000eab00000,0x00000000eab00000,0x00000000ebb00000)
  from space 4096K, 98% used [0x00000000ec100000,0x00000000ec4ebfc8,0x00000000ec500000)
  to   space 5120K, 0% used [0x00000000ebb00000,0x00000000ebb00000,0x00000000ec000000)
 ParOldGen       total 239616K, used 230183K [0x00000000c0000000, 0x00000000cea00000, 0x00000000eab00000)
  object space 239616K, 96% used [0x00000000c0000000,0x00000000ce0c9fa0,0x00000000cea00000)
 Metaspace       used 80531K, committed 81920K, reserved 1179648K
  class space    used 8262K, committed 8896K, reserved 1048576K
}
Event: 109.875 GC heap before
{Heap before GC invocations=538 (full 16):
 PSYoungGen      total 20480K, used 20399K [0x00000000eab00000, 0x00000000ec500000, 0x0000000100000000)
  eden space 16384K, 100% used [0x00000000eab00000,0x00000000ebb00000,0x00000000ebb00000)
  from space 4096K, 98% used [0x00000000ec100000,0x00000000ec4ebfc8,0x00000000ec500000)
  to   space 5120K, 0% used [0x00000000ebb00000,0x00000000ebb00000,0x00000000ec000000)
 ParOldGen       total 239616K, used 230200K [0x00000000c0000000, 0x00000000cea00000, 0x00000000eab00000)
  object space 239616K, 96% used [0x00000000c0000000,0x00000000ce0ce220,0x00000000cea00000)
 Metaspace       used 80742K, committed 82112K, reserved 1179648K
  class space    used 8284K, committed 8896K, reserved 1048576K
}
Event: 109.892 GC heap after
{Heap after GC invocations=538 (full 16):
 PSYoungGen      total 21504K, used 5115K [0x00000000eab00000, 0x00000000ec900000, 0x0000000100000000)
  eden space 16384K, 0% used [0x00000000eab00000,0x00000000eab00000,0x00000000ebb00000)
  from space 5120K, 99% used [0x00000000ebb00000,0x00000000ebffeff8,0x00000000ec000000)
  to   space 7168K, 0% used [0x00000000ec200000,0x00000000ec200000,0x00000000ec900000)
 ParOldGen       total 239616K, used 231543K [0x00000000c0000000, 0x00000000cea00000, 0x00000000eab00000)
  object space 239616K, 96% used [0x00000000c0000000,0x00000000ce21dcf0,0x00000000cea00000)
 Metaspace       used 80742K, committed 82112K, reserved 1179648K
  class space    used 8284K, committed 8896K, reserved 1048576K
}
Event: 110.090 GC heap before
{Heap before GC invocations=539 (full 16):
 PSYoungGen      total 21504K, used 21499K [0x00000000eab00000, 0x00000000ec900000, 0x0000000100000000)
  eden space 16384K, 100% used [0x00000000eab00000,0x00000000ebb00000,0x00000000ebb00000)
  from space 5120K, 99% used [0x00000000ebb00000,0x00000000ebffeff8,0x00000000ec000000)
  to   space 7168K, 0% used [0x00000000ec200000,0x00000000ec200000,0x00000000ec900000)
 ParOldGen       total 239616K, used 231545K [0x00000000c0000000, 0x00000000cea00000, 0x00000000eab00000)
  object space 239616K, 96% used [0x00000000c0000000,0x00000000ce21e748,0x00000000cea00000)
 Metaspace       used 81011K, committed 82368K, reserved 1179648K
  class space    used 8309K, committed 8896K, reserved 1048576K
}
Event: 110.107 GC heap after
{Heap after GC invocations=539 (full 16):
 PSYoungGen      total 23552K, used 4583K [0x00000000eab00000, 0x00000000ec780000, 0x0000000100000000)
  eden space 17920K, 0% used [0x00000000eab00000,0x00000000eab00000,0x00000000ebc80000)
  from space 5632K, 81% used [0x00000000ec200000,0x00000000ec679d88,0x00000000ec780000)
  to   space 5632K, 0% used [0x00000000ebc80000,0x00000000ebc80000,0x00000000ec200000)
 ParOldGen       total 239616K, used 234652K [0x00000000c0000000, 0x00000000cea00000, 0x00000000eab00000)
  object space 239616K, 97% used [0x00000000c0000000,0x00000000ce527238,0x00000000cea00000)
 Metaspace       used 81011K, committed 82368K, reserved 1179648K
  class space    used 8309K, committed 8896K, reserved 1048576K
}
Event: 110.344 GC heap before
{Heap before GC invocations=540 (full 16):
 PSYoungGen      total 23552K, used 22503K [0x00000000eab00000, 0x00000000ec780000, 0x0000000100000000)
  eden space 17920K, 100% used [0x00000000eab00000,0x00000000ebc80000,0x00000000ebc80000)
  from space 5632K, 81% used [0x00000000ec200000,0x00000000ec679d88,0x00000000ec780000)
  to   space 5632K, 0% used [0x00000000ebc80000,0x00000000ebc80000,0x00000000ec200000)
 ParOldGen       total 239616K, used 234652K [0x00000000c0000000, 0x00000000cea00000, 0x00000000eab00000)
  object space 239616K, 97% used [0x00000000c0000000,0x00000000ce527238,0x00000000cea00000)
 Metaspace       used 81265K, committed 82624K, reserved 1179648K
  class space    used 8353K, committed 8960K, reserved 1048576K
}
Event: 110.356 GC heap after
{Heap after GC invocations=540 (full 16):
 PSYoungGen      total 23552K, used 5611K [0x00000000eab00000, 0x00000000ece00000, 0x0000000100000000)
  eden space 17920K, 0% used [0x00000000eab00000,0x00000000eab00000,0x00000000ebc80000)
  from space 5632K, 99% used [0x00000000ebc80000,0x00000000ec1faed0,0x00000000ec200000)
  to   space 8192K, 0% used [0x00000000ec600000,0x00000000ec600000,0x00000000ece00000)
 ParOldGen       total 239616K, used 236436K [0x00000000c0000000, 0x00000000cea00000, 0x00000000eab00000)
  object space 239616K, 98% used [0x00000000c0000000,0x00000000ce6e51b0,0x00000000cea00000)
 Metaspace       used 81265K, committed 82624K, reserved 1179648K
  class space    used 8353K, committed 8960K, reserved 1048576K
}
Event: 110.556 GC heap before
{Heap before GC invocations=541 (full 16):
 PSYoungGen      total 23552K, used 23531K [0x00000000eab00000, 0x00000000ece00000, 0x0000000100000000)
  eden space 17920K, 100% used [0x00000000eab00000,0x00000000ebc80000,0x00000000ebc80000)
  from space 5632K, 99% used [0x00000000ebc80000,0x00000000ec1faed0,0x00000000ec200000)
  to   space 8192K, 0% used [0x00000000ec600000,0x00000000ec600000,0x00000000ece00000)
 ParOldGen       total 239616K, used 236436K [0x00000000c0000000, 0x00000000cea00000, 0x00000000eab00000)
  object space 239616K, 98% used [0x00000000c0000000,0x00000000ce6e51b0,0x00000000cea00000)
 Metaspace       used 81287K, committed 82688K, reserved 1179648K
  class space    used 8356K, committed 9024K, reserved 1048576K
}
Event: 110.568 GC heap after
{Heap after GC invocations=541 (full 16):
 PSYoungGen      total 23040K, used 3481K [0x00000000eab00000, 0x00000000ec980000, 0x0000000100000000)
  eden space 19456K, 0% used [0x00000000eab00000,0x00000000eab00000,0x00000000ebe00000)
  from space 3584K, 97% used [0x00000000ec600000,0x00000000ec966578,0x00000000ec980000)
  to   space 5120K, 0% used [0x00000000ebf80000,0x00000000ebf80000,0x00000000ec480000)
 ParOldGen       total 240640K, used 240360K [0x00000000c0000000, 0x00000000ceb00000, 0x00000000eab00000)
  object space 240640K, 99% used [0x00000000c0000000,0x00000000ceaba2f8,0x00000000ceb00000)
 Metaspace       used 81287K, committed 82688K, reserved 1179648K
  class space    used 8356K, committed 9024K, reserved 1048576K
}
Event: 110.568 GC heap before
{Heap before GC invocations=542 (full 17):
 PSYoungGen      total 23040K, used 3481K [0x00000000eab00000, 0x00000000ec980000, 0x0000000100000000)
  eden space 19456K, 0% used [0x00000000eab00000,0x00000000eab00000,0x00000000ebe00000)
  from space 3584K, 97% used [0x00000000ec600000,0x00000000ec966578,0x00000000ec980000)
  to   space 5120K, 0% used [0x00000000ebf80000,0x00000000ebf80000,0x00000000ec480000)
 ParOldGen       total 240640K, used 240360K [0x00000000c0000000, 0x00000000ceb00000, 0x00000000eab00000)
  object space 240640K, 99% used [0x00000000c0000000,0x00000000ceaba2f8,0x00000000ceb00000)
 Metaspace       used 81287K, committed 82688K, reserved 1179648K
  class space    used 8356K, committed 9024K, reserved 1048576K
}
Event: 111.058 GC heap after
{Heap after GC invocations=542 (full 17):
 PSYoungGen      total 26112K, used 0K [0x00000000eab00000, 0x00000000ec980000, 0x0000000100000000)
  eden space 20992K, 0% used [0x00000000eab00000,0x00000000eab00000,0x00000000ebf80000)
  from space 5120K, 0% used [0x00000000ebf80000,0x00000000ebf80000,0x00000000ec480000)
  to   space 5120K, 0% used [0x00000000ec480000,0x00000000ec480000,0x00000000ec980000)
 ParOldGen       total 273920K, used 239874K [0x00000000c0000000, 0x00000000d0b80000, 0x00000000eab00000)
  object space 273920K, 87% used [0x00000000c0000000,0x00000000cea409c0,0x00000000d0b80000)
 Metaspace       used 81287K, committed 82688K, reserved 1179648K
  class space    used 8356K, committed 9024K, reserved 1048576K
}
Event: 111.304 GC heap before
{Heap before GC invocations=543 (full 17):
 PSYoungGen      total 26112K, used 20992K [0x00000000eab00000, 0x00000000ec980000, 0x0000000100000000)
  eden space 20992K, 100% used [0x00000000eab00000,0x00000000ebf80000,0x00000000ebf80000)
  from space 5120K, 0% used [0x00000000ebf80000,0x00000000ebf80000,0x00000000ec480000)
  to   space 5120K, 0% used [0x00000000ec480000,0x00000000ec480000,0x00000000ec980000)
 ParOldGen       total 273920K, used 239874K [0x00000000c0000000, 0x00000000d0b80000, 0x00000000eab00000)
  object space 273920K, 87% used [0x00000000c0000000,0x00000000cea409c0,0x00000000d0b80000)
 Metaspace       used 81592K, committed 83008K, reserved 1179648K
  class space    used 8389K, committed 9024K, reserved 1048576K
}
Event: 111.315 GC heap after
{Heap after GC invocations=543 (full 17):
 PSYoungGen      total 26112K, used 2671K [0x00000000eab00000, 0x00000000ec800000, 0x0000000100000000)
  eden space 22528K, 0% used [0x00000000eab00000,0x00000000eab00000,0x00000000ec100000)
  from space 3584K, 74% used [0x00000000ec480000,0x00000000ec71bdc8,0x00000000ec800000)
  to   space 3584K, 0% used [0x00000000ec100000,0x00000000ec100000,0x00000000ec480000)
 ParOldGen       total 273920K, used 239882K [0x00000000c0000000, 0x00000000d0b80000, 0x00000000eab00000)
  object space 273920K, 87% used [0x00000000c0000000,0x00000000cea429c0,0x00000000d0b80000)
 Metaspace       used 81592K, committed 83008K, reserved 1179648K
  class space    used 8389K, committed 9024K, reserved 1048576K
}
Event: 111.847 GC heap before
{Heap before GC invocations=544 (full 17):
 PSYoungGen      total 26112K, used 25199K [0x00000000eab00000, 0x00000000ec800000, 0x0000000100000000)
  eden space 22528K, 100% used [0x00000000eab00000,0x00000000ec100000,0x00000000ec100000)
  from space 3584K, 74% used [0x00000000ec480000,0x00000000ec71bdc8,0x00000000ec800000)
  to   space 3584K, 0% used [0x00000000ec100000,0x00000000ec100000,0x00000000ec480000)
 ParOldGen       total 273920K, used 239882K [0x00000000c0000000, 0x00000000d0b80000, 0x00000000eab00000)
  object space 273920K, 87% used [0x00000000c0000000,0x00000000cea429c0,0x00000000d0b80000)
 Metaspace       used 82313K, committed 83712K, reserved 1179648K
  class space    used 8495K, committed 9152K, reserved 1048576K
}
Event: 111.859 GC heap after
{Heap after GC invocations=544 (full 17):
 PSYoungGen      total 26112K, used 3560K [0x00000000eab00000, 0x00000000ece80000, 0x0000000100000000)
  eden space 22528K, 0% used [0x00000000eab00000,0x00000000eab00000,0x00000000ec100000)
  from space 3584K, 99% used [0x00000000ec100000,0x00000000ec47a1b0,0x00000000ec480000)
  to   space 6144K, 0% used [0x00000000ec880000,0x00000000ec880000,0x00000000ece80000)
 ParOldGen       total 273920K, used 241859K [0x00000000c0000000, 0x00000000d0b80000, 0x00000000eab00000)
  object space 273920K, 88% used [0x00000000c0000000,0x00000000cec30e98,0x00000000d0b80000)
 Metaspace       used 82313K, committed 83712K, reserved 1179648K
  class space    used 8495K, committed 9152K, reserved 1048576K
}
Event: 112.206 GC heap before
{Heap before GC invocations=545 (full 17):
 PSYoungGen      total 26112K, used 26088K [0x00000000eab00000, 0x00000000ece80000, 0x0000000100000000)
  eden space 22528K, 100% used [0x00000000eab00000,0x00000000ec100000,0x00000000ec100000)
  from space 3584K, 99% used [0x00000000ec100000,0x00000000ec47a1b0,0x00000000ec480000)
  to   space 6144K, 0% used [0x00000000ec880000,0x00000000ec880000,0x00000000ece80000)
 ParOldGen       total 273920K, used 241859K [0x00000000c0000000, 0x00000000d0b80000, 0x00000000eab00000)
  object space 273920K, 88% used [0x00000000c0000000,0x00000000cec30e98,0x00000000d0b80000)
 Metaspace       used 82585K, committed 84032K, reserved 1179648K
  class space    used 8513K, committed 9152K, reserved 1048576K
}
Event: 112.217 GC heap after
{Heap after GC invocations=545 (full 17):
 PSYoungGen      total 29184K, used 6136K [0x00000000eab00000, 0x00000000ed080000, 0x0000000100000000)
  eden space 23040K, 0% used [0x00000000eab00000,0x00000000eab00000,0x00000000ec180000)
  from space 6144K, 99% used [0x00000000ec880000,0x00000000ece7e2f8,0x00000000ece80000)
  to   space 7168K, 0% used [0x00000000ec180000,0x00000000ec180000,0x00000000ec880000)
 ParOldGen       total 273920K, used 242522K [0x00000000c0000000, 0x00000000d0b80000, 0x00000000eab00000)
  object space 273920K, 88% used [0x00000000c0000000,0x00000000cecd6ab8,0x00000000d0b80000)
 Metaspace       used 82585K, committed 84032K, reserved 1179648K
  class space    used 8513K, committed 9152K, reserved 1048576K
}
Event: 112.468 GC heap before
{Heap before GC invocations=546 (full 17):
 PSYoungGen      total 29184K, used 29176K [0x00000000eab00000, 0x00000000ed080000, 0x0000000100000000)
  eden space 23040K, 100% used [0x00000000eab00000,0x00000000ec180000,0x00000000ec180000)
  from space 6144K, 99% used [0x00000000ec880000,0x00000000ece7e2f8,0x00000000ece80000)
  to   space 7168K, 0% used [0x00000000ec180000,0x00000000ec180000,0x00000000ec880000)
 ParOldGen       total 273920K, used 242522K [0x00000000c0000000, 0x00000000d0b80000, 0x00000000eab00000)
  object space 273920K, 88% used [0x00000000c0000000,0x00000000cecd6ab8,0x00000000d0b80000)
 Metaspace       used 82585K, committed 84032K, reserved 1179648K
  class space    used 8513K, committed 9152K, reserved 1048576K
}
Event: 112.485 GC heap after
{Heap after GC invocations=546 (full 17):
 PSYoungGen      total 30208K, used 6549K [0x00000000eab00000, 0x00000000ed000000, 0x0000000100000000)
  eden space 23040K, 0% used [0x00000000eab00000,0x00000000eab00000,0x00000000ec180000)
  from space 7168K, 91% used [0x00000000ec180000,0x00000000ec7e54f8,0x00000000ec880000)
  to   space 6656K, 0% used [0x00000000ec980000,0x00000000ec980000,0x00000000ed000000)
 ParOldGen       total 273920K, used 245572K [0x00000000c0000000, 0x00000000d0b80000, 0x00000000eab00000)
  object space 273920K, 89% used [0x00000000c0000000,0x00000000cefd13f0,0x00000000d0b80000)
 Metaspace       used 82585K, committed 84032K, reserved 1179648K
  class space    used 8513K, committed 9152K, reserved 1048576K
}

