# JRE version: OpenJDK Runtime Environment Temurin-17.0.12+7 (17.0.12+7) (build 17.0.12+7)
# Java VM: OpenJDK 64-Bit Server VM Temurin-17.0.12+7 (17.0.12+7, mixed mode, emulated-client, tiered, compressed oops, compressed class ptrs, g1 gc, windows-amd64)
GC Precious Log:
 CPUs: 4 total, 4 available
 Memory: 5941M
 Large Page Support: Disabled
 NUMA Support: Disabled
 Compressed Oops: Enabled (32-bit)
 Heap Region Size: 1M
 Heap Min Capacity: 8M
 Heap Initial Capacity: 94M
 Heap Max Capacity: 1G
 Pre-touch: Disabled
 Parallel Workers: 4
 Concurrent Workers: 1
 Concurrent Refinement Workers: 4
 Periodic GC: Disabled
Heap:
 garbage-first heap   total 129024K, used 38566K [0x00000000c0000000, 0x0000000100000000)
  region size 1024K, 1 young (1024K), 0 survivors (0K)
 Metaspace       used 61633K, committed 62400K, reserved 1114112K
  class space    used 7751K, committed 8064K, reserved 1048576K
GC Heap History (20 events):
Event: 798.667 GC heap after
{Heap after GC invocations=80 (full 51):
 garbage-first heap   total 129024K, used 38566K [0x00000000c0000000, 0x0000000100000000)
  region size 1024K, 0 young (0K), 0 survivors (0K)
 Metaspace       used 61633K, committed 62400K, reserved 1114112K
  class space    used 7751K, committed 8064K, reserved 1048576K
}
Event: 809.218 GC heap before
{Heap before GC invocations=80 (full 51):
 garbage-first heap   total 129024K, used 38566K [0x00000000c0000000, 0x0000000100000000)
  region size 1024K, 1 young (1024K), 0 survivors (0K)
 Metaspace       used 61633K, committed 62400K, reserved 1114112K
  class space    used 7751K, committed 8064K, reserved 1048576K
}
Event: 809.360 GC heap after
{Heap after GC invocations=81 (full 52):
 garbage-first heap   total 129024K, used 38566K [0x00000000c0000000, 0x0000000100000000)
  region size 1024K, 0 young (0K), 0 survivors (0K)
 Metaspace       used 61633K, committed 62400K, reserved 1114112K
  class space    used 7751K, committed 8064K, reserved 1048576K
}
Event: 819.785 GC heap before
{Heap before GC invocations=81 (full 52):
 garbage-first heap   total 129024K, used 38566K [0x00000000c0000000, 0x0000000100000000)
  region size 1024K, 1 young (1024K), 0 survivors (0K)
 Metaspace       used 61633K, committed 62400K, reserved 1114112K
  class space    used 7751K, committed 8064K, reserved 1048576K
}
Event: 819.850 GC heap after
{Heap after GC invocations=82 (full 53):
 garbage-first heap   total 129024K, used 38566K [0x00000000c0000000, 0x0000000100000000)
  region size 1024K, 0 young (0K), 0 survivors (0K)
 Metaspace       used 61633K, committed 62400K, reserved 1114112K
  class space    used 7751K, committed 8064K, reserved 1048576K
}
Event: 830.454 GC heap before
{Heap before GC invocations=82 (full 53):
 garbage-first heap   total 129024K, used 38566K [0x00000000c0000000, 0x0000000100000000)
  region size 1024K, 1 young (1024K), 0 survivors (0K)
 Metaspace       used 61633K, committed 62400K, reserved 1114112K
  class space    used 7751K, committed 8064K, reserved 1048576K
}
Event: 830.579 GC heap after
{Heap after GC invocations=83 (full 54):
 garbage-first heap   total 129024K, used 38566K [0x00000000c0000000, 0x0000000100000000)
  region size 1024K, 0 young (0K), 0 survivors (0K)
 Metaspace       used 61633K, committed 62400K, reserved 1114112K
  class space    used 7751K, committed 8064K, reserved 1048576K
}
Event: 841.147 GC heap before
{Heap before GC invocations=83 (full 54):
 garbage-first heap   total 129024K, used 38566K [0x00000000c0000000, 0x0000000100000000)
  region size 1024K, 1 young (1024K), 0 survivors (0K)
 Metaspace       used 61633K, committed 62400K, reserved 1114112K
  class space    used 7751K, committed 8064K, reserved 1048576K
}
Event: 841.242 GC heap after
{Heap after GC invocations=84 (full 55):
 garbage-first heap   total 129024K, used 38566K [0x00000000c0000000, 0x0000000100000000)
  region size 1024K, 0 young (0K), 0 survivors (0K)
 Metaspace       used 61633K, committed 62400K, reserved 1114112K
  class space    used 7751K, committed 8064K, reserved 1048576K
}
Event: 851.700 GC heap before
{Heap before GC invocations=84 (full 55):
 garbage-first heap   total 129024K, used 38566K [0x00000000c0000000, 0x0000000100000000)
  region size 1024K, 1 young (1024K), 0 survivors (0K)
 Metaspace       used 61633K, committed 62400K, reserved 1114112K
  class space    used 7751K, committed 8064K, reserved 1048576K
}
Event: 851.824 GC heap after
{Heap after GC invocations=85 (full 56):
 garbage-first heap   total 129024K, used 38566K [0x00000000c0000000, 0x0000000100000000)
  region size 1024K, 0 young (0K), 0 survivors (0K)
 Metaspace       used 61633K, committed 62400K, reserved 1114112K
  class space    used 7751K, committed 8064K, reserved 1048576K
}
Event: 862.357 GC heap before
{Heap before GC invocations=85 (full 56):
 garbage-first heap   total 129024K, used 38566K [0x00000000c0000000, 0x0000000100000000)
  region size 1024K, 1 young (1024K), 0 survivors (0K)
 Metaspace       used 61633K, committed 62400K, reserved 1114112K
  class space    used 7751K, committed 8064K, reserved 1048576K
}
Event: 862.484 GC heap after
{Heap after GC invocations=86 (full 57):
 garbage-first heap   total 129024K, used 38566K [0x00000000c0000000, 0x0000000100000000)
  region size 1024K, 0 young (0K), 0 survivors (0K)
 Metaspace       used 61633K, committed 62400K, reserved 1114112K
  class space    used 7751K, committed 8064K, reserved 1048576K
}
Event: 873.545 GC heap before
{Heap before GC invocations=86 (full 57):
 garbage-first heap   total 129024K, used 38566K [0x00000000c0000000, 0x0000000100000000)
  region size 1024K, 1 young (1024K), 0 survivors (0K)
 Metaspace       used 61633K, committed 62400K, reserved 1114112K
  class space    used 7751K, committed 8064K, reserved 1048576K
}
Event: 873.621 GC heap after
{Heap after GC invocations=87 (full 58):
 garbage-first heap   total 129024K, used 38566K [0x00000000c0000000, 0x0000000100000000)
  region size 1024K, 0 young (0K), 0 survivors (0K)
 Metaspace       used 61633K, committed 62400K, reserved 1114112K
  class space    used 7751K, committed 8064K, reserved 1048576K
}
Event: 884.091 GC heap before
{Heap before GC invocations=87 (full 58):
 garbage-first heap   total 129024K, used 38566K [0x00000000c0000000, 0x0000000100000000)
  region size 1024K, 1 young (1024K), 0 survivors (0K)
 Metaspace       used 61633K, committed 62400K, reserved 1114112K
  class space    used 7751K, committed 8064K, reserved 1048576K
}
Event: 884.210 GC heap after
{Heap after GC invocations=88 (full 59):
 garbage-first heap   total 129024K, used 38566K [0x00000000c0000000, 0x0000000100000000)
  region size 1024K, 0 young (0K), 0 survivors (0K)
 Metaspace       used 61633K, committed 62400K, reserved 1114112K
  class space    used 7751K, committed 8064K, reserved 1048576K
}
Event: 896.394 GC heap before
{Heap before GC invocations=88 (full 59):
 garbage-first heap   total 129024K, used 38566K [0x00000000c0000000, 0x0000000100000000)
  region size 1024K, 1 young (1024K), 0 survivors (0K)
 Metaspace       used 61633K, committed 62400K, reserved 1114112K
  class space    used 7751K, committed 8064K, reserved 1048576K
}
Event: 896.486 GC heap after
{Heap after GC invocations=89 (full 60):
 garbage-first heap   total 129024K, used 38566K [0x00000000c0000000, 0x0000000100000000)
  region size 1024K, 0 young (0K), 0 survivors (0K)
 Metaspace       used 61633K, committed 62400K, reserved 1114112K
  class space    used 7751K, committed 8064K, reserved 1048576K
}
Event: 907.013 GC heap before
{Heap before GC invocations=89 (full 60):
 garbage-first heap   total 129024K, used 38566K [0x00000000c0000000, 0x0000000100000000)
  region size 1024K, 1 young (1024K), 0 survivors (0K)
 Metaspace       used 61633K, committed 62400K, reserved 1114112K
  class space    used 7751K, committed 8064K, reserved 1048576K
}

