# JRE version: OpenJDK Runtime Environment Temurin-17.0.12+7 (17.0.12+7) (build 17.0.12+7)
# Java VM: OpenJDK 64-Bit Server VM Temurin-17.0.12+7 (17.0.12+7, mixed mode, emulated-client, tiered, compressed oops, compressed class ptrs, g1 gc, windows-amd64)
GC Precious Log:
 CPUs: 4 total, 4 available
 Memory: 5941M
 Large Page Support: Disabled
 NUMA Support: Disabled
 Compressed Oops: Enabled (32-bit)
 Heap Region Size: 1M
 Heap Min Capacity: 8M
 Heap Initial Capacity: 94M
 Heap Max Capacity: 1G
 Pre-touch: Disabled
 Parallel Workers: 4
 Concurrent Workers: 1
 Concurrent Refinement Workers: 4
 Periodic GC: Disabled
Heap:
 garbage-first heap   total 78848K, used 30518K [0x00000000c0000000, 0x0000000100000000)
  region size 1024K, 1 young (1024K), 0 survivors (0K)
 Metaspace       used 51087K, committed 51840K, reserved 1114112K
  class space    used 6710K, committed 6976K, reserved 1048576K
GC Heap History (20 events):
Event: 140.651 GC heap after
{Heap after GC invocations=16 (full 4):
 garbage-first heap   total 78848K, used 30518K [0x00000000c0000000, 0x0000000100000000)
  region size 1024K, 0 young (0K), 0 survivors (0K)
 Metaspace       used 51087K, committed 51840K, reserved 1114112K
  class space    used 6710K, committed 6976K, reserved 1048576K
}
Event: 151.158 GC heap before
{Heap before GC invocations=16 (full 4):
 garbage-first heap   total 78848K, used 30518K [0x00000000c0000000, 0x0000000100000000)
  region size 1024K, 1 young (1024K), 0 survivors (0K)
 Metaspace       used 51087K, committed 51840K, reserved 1114112K
  class space    used 6710K, committed 6976K, reserved 1048576K
}
Event: 151.269 GC heap after
{Heap after GC invocations=17 (full 5):
 garbage-first heap   total 78848K, used 30518K [0x00000000c0000000, 0x0000000100000000)
  region size 1024K, 0 young (0K), 0 survivors (0K)
 Metaspace       used 51087K, committed 51840K, reserved 1114112K
  class space    used 6710K, committed 6976K, reserved 1048576K
}
Event: 161.712 GC heap before
{Heap before GC invocations=17 (full 5):
 garbage-first heap   total 78848K, used 30518K [0x00000000c0000000, 0x0000000100000000)
  region size 1024K, 1 young (1024K), 0 survivors (0K)
 Metaspace       used 51087K, committed 51840K, reserved 1114112K
  class space    used 6710K, committed 6976K, reserved 1048576K
}
Event: 161.840 GC heap after
{Heap after GC invocations=18 (full 6):
 garbage-first heap   total 78848K, used 30518K [0x00000000c0000000, 0x0000000100000000)
  region size 1024K, 0 young (0K), 0 survivors (0K)
 Metaspace       used 51087K, committed 51840K, reserved 1114112K
  class space    used 6710K, committed 6976K, reserved 1048576K
}
Event: 172.437 GC heap before
{Heap before GC invocations=18 (full 6):
 garbage-first heap   total 78848K, used 30518K [0x00000000c0000000, 0x0000000100000000)
  region size 1024K, 1 young (1024K), 0 survivors (0K)
 Metaspace       used 51087K, committed 51840K, reserved 1114112K
  class space    used 6710K, committed 6976K, reserved 1048576K
}
Event: 172.557 GC heap after
{Heap after GC invocations=19 (full 7):
 garbage-first heap   total 78848K, used 30518K [0x00000000c0000000, 0x0000000100000000)
  region size 1024K, 0 young (0K), 0 survivors (0K)
 Metaspace       used 51087K, committed 51840K, reserved 1114112K
  class space    used 6710K, committed 6976K, reserved 1048576K
}
Event: 182.950 GC heap before
{Heap before GC invocations=19 (full 7):
 garbage-first heap   total 78848K, used 30518K [0x00000000c0000000, 0x0000000100000000)
  region size 1024K, 1 young (1024K), 0 survivors (0K)
 Metaspace       used 51087K, committed 51840K, reserved 1114112K
  class space    used 6710K, committed 6976K, reserved 1048576K
}
Event: 183.080 GC heap after
{Heap after GC invocations=20 (full 8):
 garbage-first heap   total 78848K, used 30518K [0x00000000c0000000, 0x0000000100000000)
  region size 1024K, 0 young (0K), 0 survivors (0K)
 Metaspace       used 51087K, committed 51840K, reserved 1114112K
  class space    used 6710K, committed 6976K, reserved 1048576K
}
Event: 193.797 GC heap before
{Heap before GC invocations=20 (full 8):
 garbage-first heap   total 78848K, used 30518K [0x00000000c0000000, 0x0000000100000000)
  region size 1024K, 1 young (1024K), 0 survivors (0K)
 Metaspace       used 51087K, committed 51840K, reserved 1114112K
  class space    used 6710K, committed 6976K, reserved 1048576K
}
Event: 193.896 GC heap after
{Heap after GC invocations=21 (full 9):
 garbage-first heap   total 78848K, used 30518K [0x00000000c0000000, 0x0000000100000000)
  region size 1024K, 0 young (0K), 0 survivors (0K)
 Metaspace       used 51087K, committed 51840K, reserved 1114112K
  class space    used 6710K, committed 6976K, reserved 1048576K
}
Event: 205.263 GC heap before
{Heap before GC invocations=21 (full 9):
 garbage-first heap   total 78848K, used 30518K [0x00000000c0000000, 0x0000000100000000)
  region size 1024K, 1 young (1024K), 0 survivors (0K)
 Metaspace       used 51087K, committed 51840K, reserved 1114112K
  class space    used 6710K, committed 6976K, reserved 1048576K
}
Event: 205.364 GC heap after
{Heap after GC invocations=22 (full 10):
 garbage-first heap   total 78848K, used 30518K [0x00000000c0000000, 0x0000000100000000)
  region size 1024K, 0 young (0K), 0 survivors (0K)
 Metaspace       used 51087K, committed 51840K, reserved 1114112K
  class space    used 6710K, committed 6976K, reserved 1048576K
}
Event: 215.904 GC heap before
{Heap before GC invocations=22 (full 10):
 garbage-first heap   total 78848K, used 30518K [0x00000000c0000000, 0x0000000100000000)
  region size 1024K, 1 young (1024K), 0 survivors (0K)
 Metaspace       used 51087K, committed 51840K, reserved 1114112K
  class space    used 6710K, committed 6976K, reserved 1048576K
}
Event: 216.036 GC heap after
{Heap after GC invocations=23 (full 11):
 garbage-first heap   total 78848K, used 30518K [0x00000000c0000000, 0x0000000100000000)
  region size 1024K, 0 young (0K), 0 survivors (0K)
 Metaspace       used 51087K, committed 51840K, reserved 1114112K
  class space    used 6710K, committed 6976K, reserved 1048576K
}
Event: 226.523 GC heap before
{Heap before GC invocations=23 (full 11):
 garbage-first heap   total 78848K, used 30518K [0x00000000c0000000, 0x0000000100000000)
  region size 1024K, 1 young (1024K), 0 survivors (0K)
 Metaspace       used 51087K, committed 51840K, reserved 1114112K
  class space    used 6710K, committed 6976K, reserved 1048576K
}
Event: 226.629 GC heap after
{Heap after GC invocations=24 (full 12):
 garbage-first heap   total 78848K, used 30518K [0x00000000c0000000, 0x0000000100000000)
  region size 1024K, 0 young (0K), 0 survivors (0K)
 Metaspace       used 51087K, committed 51840K, reserved 1114112K
  class space    used 6710K, committed 6976K, reserved 1048576K
}
Event: 237.064 GC heap before
{Heap before GC invocations=24 (full 12):
 garbage-first heap   total 78848K, used 30518K [0x00000000c0000000, 0x0000000100000000)
  region size 1024K, 1 young (1024K), 0 survivors (0K)
 Metaspace       used 51087K, committed 51840K, reserved 1114112K
  class space    used 6710K, committed 6976K, reserved 1048576K
}
Event: 237.164 GC heap after
{Heap after GC invocations=25 (full 13):
 garbage-first heap   total 78848K, used 30518K [0x00000000c0000000, 0x0000000100000000)
  region size 1024K, 0 young (0K), 0 survivors (0K)
 Metaspace       used 51087K, committed 51840K, reserved 1114112K
  class space    used 6710K, committed 6976K, reserved 1048576K
}
Event: 247.397 GC heap before
{Heap before GC invocations=25 (full 13):
 garbage-first heap   total 78848K, used 30518K [0x00000000c0000000, 0x0000000100000000)
  region size 1024K, 1 young (1024K), 0 survivors (0K)
 Metaspace       used 51087K, committed 51840K, reserved 1114112K
  class space    used 6710K, committed 6976K, reserved 1048576K
}

