# JRE version: OpenJDK Runtime Environment Temurin-17.0.12+7 (17.0.12+7) (build 17.0.12+7)
# Java VM: OpenJDK 64-Bit Server VM Temurin-17.0.12+7 (17.0.12+7, mixed mode, emulated-client, tiered, compressed oops, compressed class ptrs, g1 gc, windows-amd64)
GC Precious Log:
 CPUs: 4 total, 4 available
 Memory: 5941M
 Large Page Support: Disabled
 NUMA Support: Disabled
 Compressed Oops: Enabled (32-bit)
 Heap Region Size: 1M
 Heap Min Capacity: 8M
 Heap Initial Capacity: 94M
 Heap Max Capacity: 1G
 Pre-touch: Disabled
 Parallel Workers: 4
 Concurrent Workers: 1
 Concurrent Refinement Workers: 4
 Periodic GC: Disabled
Heap:
 garbage-first heap   total 191488K, used 129062K [0x00000000c0000000, 0x0000000100000000)
  region size 1024K, 80 young (81920K), 2 survivors (2048K)
 Metaspace       used 60684K, committed 61120K, reserved 1114112K
  class space    used 7628K, committed 7808K, reserved 1048576K
GC Heap History (20 events):
Event: 259.707 GC heap after
{Heap after GC invocations=25 (full 5):
 garbage-first heap   total 83968K, used 38697K [0x00000000c0000000, 0x0000000100000000)
  region size 1024K, 0 young (0K), 0 survivors (0K)
 Metaspace       used 60114K, committed 60736K, reserved 1114112K
  class space    used 7525K, committed 7808K, reserved 1048576K
}
Event: 270.126 GC heap before
{Heap before GC invocations=25 (full 5):
 garbage-first heap   total 83968K, used 38697K [0x00000000c0000000, 0x0000000100000000)
  region size 1024K, 1 young (1024K), 0 survivors (0K)
 Metaspace       used 60114K, committed 60736K, reserved 1114112K
  class space    used 7525K, committed 7808K, reserved 1048576K
}
Event: 270.286 GC heap after
{Heap after GC invocations=26 (full 6):
 garbage-first heap   total 83968K, used 38697K [0x00000000c0000000, 0x0000000100000000)
  region size 1024K, 0 young (0K), 0 survivors (0K)
 Metaspace       used 60114K, committed 60736K, reserved 1114112K
  class space    used 7525K, committed 7808K, reserved 1048576K
}
Event: 280.682 GC heap before
{Heap before GC invocations=26 (full 6):
 garbage-first heap   total 83968K, used 38697K [0x00000000c0000000, 0x0000000100000000)
  region size 1024K, 1 young (1024K), 0 survivors (0K)
 Metaspace       used 60114K, committed 60736K, reserved 1114112K
  class space    used 7525K, committed 7808K, reserved 1048576K
}
Event: 280.821 GC heap after
{Heap after GC invocations=27 (full 7):
 garbage-first heap   total 83968K, used 38697K [0x00000000c0000000, 0x0000000100000000)
  region size 1024K, 0 young (0K), 0 survivors (0K)
 Metaspace       used 60114K, committed 60736K, reserved 1114112K
  class space    used 7525K, committed 7808K, reserved 1048576K
}
Event: 291.306 GC heap before
{Heap before GC invocations=27 (full 7):
 garbage-first heap   total 83968K, used 38697K [0x00000000c0000000, 0x0000000100000000)
  region size 1024K, 1 young (1024K), 0 survivors (0K)
 Metaspace       used 60114K, committed 60736K, reserved 1114112K
  class space    used 7525K, committed 7808K, reserved 1048576K
}
Event: 291.475 GC heap after
{Heap after GC invocations=28 (full 8):
 garbage-first heap   total 83968K, used 38697K [0x00000000c0000000, 0x0000000100000000)
  region size 1024K, 0 young (0K), 0 survivors (0K)
 Metaspace       used 60114K, committed 60736K, reserved 1114112K
  class space    used 7525K, committed 7808K, reserved 1048576K
}
Event: 331.976 GC heap before
{Heap before GC invocations=28 (full 8):
 garbage-first heap   total 83968K, used 40745K [0x00000000c0000000, 0x0000000100000000)
  region size 1024K, 3 young (3072K), 0 survivors (0K)
 Metaspace       used 60114K, committed 60736K, reserved 1114112K
  class space    used 7525K, committed 7808K, reserved 1048576K
}
Event: 332.104 GC heap after
{Heap after GC invocations=29 (full 9):
 garbage-first heap   total 83968K, used 38737K [0x00000000c0000000, 0x0000000100000000)
  region size 1024K, 0 young (0K), 0 survivors (0K)
 Metaspace       used 60114K, committed 60736K, reserved 1114112K
  class space    used 7525K, committed 7808K, reserved 1048576K
}
Event: 342.554 GC heap before
{Heap before GC invocations=29 (full 9):
 garbage-first heap   total 83968K, used 38737K [0x00000000c0000000, 0x0000000100000000)
  region size 1024K, 1 young (1024K), 0 survivors (0K)
 Metaspace       used 60114K, committed 60736K, reserved 1114112K
  class space    used 7525K, committed 7808K, reserved 1048576K
}
Event: 342.724 GC heap after
{Heap after GC invocations=30 (full 10):
 garbage-first heap   total 83968K, used 38746K [0x00000000c0000000, 0x0000000100000000)
  region size 1024K, 0 young (0K), 0 survivors (0K)
 Metaspace       used 60114K, committed 60736K, reserved 1114112K
  class space    used 7525K, committed 7808K, reserved 1048576K
}
Event: 422.278 GC heap before
{Heap before GC invocations=30 (full 10):
 garbage-first heap   total 83968K, used 61274K [0x00000000c0000000, 0x0000000100000000)
  region size 1024K, 23 young (23552K), 0 survivors (0K)
 Metaspace       used 60450K, committed 60928K, reserved 1114112K
  class space    used 7587K, committed 7808K, reserved 1048576K
}
Event: 422.286 GC heap after
{Heap after GC invocations=31 (full 10):
 garbage-first heap   total 83968K, used 45534K [0x00000000c0000000, 0x0000000100000000)
  region size 1024K, 3 young (3072K), 3 survivors (3072K)
 Metaspace       used 60450K, committed 60928K, reserved 1114112K
  class space    used 7587K, committed 7808K, reserved 1048576K
}
Event: 424.582 GC heap before
{Heap before GC invocations=32 (full 10):
 garbage-first heap   total 83968K, used 60885K [0x00000000c0000000, 0x0000000100000000)
  region size 1024K, 19 young (19456K), 3 survivors (3072K)
 Metaspace       used 60456K, committed 60928K, reserved 1114112K
  class space    used 7590K, committed 7808K, reserved 1048576K
}
Event: 424.588 GC heap after
{Heap after GC invocations=33 (full 10):
 garbage-first heap   total 83968K, used 48358K [0x00000000c0000000, 0x0000000100000000)
  region size 1024K, 3 young (3072K), 3 survivors (3072K)
 Metaspace       used 60456K, committed 60928K, reserved 1114112K
  class space    used 7590K, committed 7808K, reserved 1048576K
}
Event: 424.593 GC heap before
{Heap before GC invocations=33 (full 10):
 garbage-first heap   total 83968K, used 49382K [0x00000000c0000000, 0x0000000100000000)
  region size 1024K, 4 young (4096K), 3 survivors (3072K)
 Metaspace       used 60456K, committed 60928K, reserved 1114112K
  class space    used 7590K, committed 7808K, reserved 1048576K
}
Event: 424.597 GC heap after
{Heap after GC invocations=34 (full 10):
 garbage-first heap   total 83968K, used 45993K [0x00000000c0000000, 0x0000000100000000)
  region size 1024K, 1 young (1024K), 1 survivors (1024K)
 Metaspace       used 60456K, committed 60928K, reserved 1114112K
  class space    used 7590K, committed 7808K, reserved 1048576K
}
Event: 428.308 GC heap before
{Heap before GC invocations=34 (full 10):
 garbage-first heap   total 83968K, used 60329K [0x00000000c0000000, 0x0000000100000000)
  region size 1024K, 16 young (16384K), 1 survivors (1024K)
 Metaspace       used 60457K, committed 60928K, reserved 1114112K
  class space    used 7590K, committed 7808K, reserved 1048576K
}
Event: 428.315 GC heap after
{Heap after GC invocations=35 (full 10):
 garbage-first heap   total 219136K, used 51238K [0x00000000c0000000, 0x0000000100000000)
  region size 1024K, 2 young (2048K), 2 survivors (2048K)
 Metaspace       used 60457K, committed 60928K, reserved 1114112K
  class space    used 7590K, committed 7808K, reserved 1048576K
}
Event: 513.657 GC heap before
{Heap before GC invocations=36 (full 10):
 garbage-first heap   total 191488K, used 129062K [0x00000000c0000000, 0x0000000100000000)
  region size 1024K, 80 young (81920K), 2 survivors (2048K)
 Metaspace       used 60684K, committed 61120K, reserved 1114112K
  class space    used 7628K, committed 7808K, reserved 1048576K
}

