# JRE version: OpenJDK Runtime Environment Temurin-17.0.12+7 (17.0.12+7) (build 17.0.12+7)
# Java VM: OpenJDK 64-Bit Server VM Temurin-17.0.12+7 (17.0.12+7, mixed mode, emulated-client, tiered, compressed oops, compressed class ptrs, g1 gc, windows-amd64)
GC Precious Log:
 CPUs: 4 total, 4 available
 Memory: 5941M
 Large Page Support: Disabled
 NUMA Support: Disabled
 Compressed Oops: Enabled (32-bit)
 Heap Region Size: 1M
 Heap Min Capacity: 8M
 Heap Initial Capacity: 94M
 Heap Max Capacity: 1G
 Pre-touch: Disabled
 Parallel Workers: 4
 Concurrent Workers: 1
 Concurrent Refinement Workers: 4
 Periodic GC: Disabled
Heap:
 garbage-first heap   total 124928K, used 40087K [0x00000000c0000000, 0x0000000100000000)
  region size 1024K, 1 young (1024K), 0 survivors (0K)
 Metaspace       used 62271K, committed 62656K, reserved 1114112K
  class space    used 7864K, committed 8064K, reserved 1048576K
GC Heap History (20 events):
Event: 742.611 GC heap after
{Heap after GC invocations=48 (full 15):
 garbage-first heap   total 124928K, used 40314K [0x00000000c0000000, 0x0000000100000000)
  region size 1024K, 0 young (0K), 0 survivors (0K)
 Metaspace       used 62287K, committed 62720K, reserved 1114112K
  class space    used 7866K, committed 8064K, reserved 1048576K
}
Event: 753.061 GC heap before
{Heap before GC invocations=48 (full 15):
 garbage-first heap   total 124928K, used 40314K [0x00000000c0000000, 0x0000000100000000)
  region size 1024K, 1 young (1024K), 0 survivors (0K)
 Metaspace       used 62287K, committed 62720K, reserved 1114112K
  class space    used 7866K, committed 8064K, reserved 1048576K
}
Event: 753.258 GC heap after
{Heap after GC invocations=49 (full 16):
 garbage-first heap   total 124928K, used 40175K [0x00000000c0000000, 0x0000000100000000)
  region size 1024K, 0 young (0K), 0 survivors (0K)
 Metaspace       used 62287K, committed 62720K, reserved 1114112K
  class space    used 7866K, committed 8064K, reserved 1048576K
}
Event: 763.630 GC heap before
{Heap before GC invocations=49 (full 16):
 garbage-first heap   total 124928K, used 40175K [0x00000000c0000000, 0x0000000100000000)
  region size 1024K, 1 young (1024K), 0 survivors (0K)
 Metaspace       used 62287K, committed 62720K, reserved 1114112K
  class space    used 7866K, committed 8064K, reserved 1048576K
}
Event: 763.788 GC heap after
{Heap after GC invocations=50 (full 17):
 garbage-first heap   total 124928K, used 40107K [0x00000000c0000000, 0x0000000100000000)
  region size 1024K, 0 young (0K), 0 survivors (0K)
 Metaspace       used 62287K, committed 62720K, reserved 1114112K
  class space    used 7866K, committed 8064K, reserved 1048576K
}
Event: 774.165 GC heap before
{Heap before GC invocations=50 (full 17):
 garbage-first heap   total 124928K, used 40107K [0x00000000c0000000, 0x0000000100000000)
  region size 1024K, 1 young (1024K), 0 survivors (0K)
 Metaspace       used 62287K, committed 62720K, reserved 1114112K
  class space    used 7866K, committed 8064K, reserved 1048576K
}
Event: 774.340 GC heap after
{Heap after GC invocations=51 (full 18):
 garbage-first heap   total 124928K, used 40106K [0x00000000c0000000, 0x0000000100000000)
  region size 1024K, 0 young (0K), 0 survivors (0K)
 Metaspace       used 62287K, committed 62720K, reserved 1114112K
  class space    used 7866K, committed 8064K, reserved 1048576K
}
Event: 784.853 GC heap before
{Heap before GC invocations=51 (full 18):
 garbage-first heap   total 124928K, used 40106K [0x00000000c0000000, 0x0000000100000000)
  region size 1024K, 1 young (1024K), 0 survivors (0K)
 Metaspace       used 62287K, committed 62720K, reserved 1114112K
  class space    used 7866K, committed 8064K, reserved 1048576K
}
Event: 785.068 GC heap after
{Heap after GC invocations=52 (full 19):
 garbage-first heap   total 124928K, used 39757K [0x00000000c0000000, 0x0000000100000000)
  region size 1024K, 0 young (0K), 0 survivors (0K)
 Metaspace       used 62267K, committed 62656K, reserved 1114112K
  class space    used 7862K, committed 8064K, reserved 1048576K
}
Event: 795.536 GC heap before
{Heap before GC invocations=52 (full 19):
 garbage-first heap   total 124928K, used 39757K [0x00000000c0000000, 0x0000000100000000)
  region size 1024K, 1 young (1024K), 0 survivors (0K)
 Metaspace       used 62267K, committed 62656K, reserved 1114112K
  class space    used 7862K, committed 8064K, reserved 1048576K
}
Event: 795.732 GC heap after
{Heap after GC invocations=53 (full 20):
 garbage-first heap   total 124928K, used 39757K [0x00000000c0000000, 0x0000000100000000)
  region size 1024K, 0 young (0K), 0 survivors (0K)
 Metaspace       used 62267K, committed 62656K, reserved 1114112K
  class space    used 7862K, committed 8064K, reserved 1048576K
}
Event: 846.579 GC heap before
{Heap before GC invocations=53 (full 20):
 garbage-first heap   total 124928K, used 48973K [0x00000000c0000000, 0x0000000100000000)
  region size 1024K, 10 young (10240K), 0 survivors (0K)
 Metaspace       used 62267K, committed 62656K, reserved 1114112K
  class space    used 7862K, committed 8064K, reserved 1048576K
}
Event: 846.763 GC heap after
{Heap after GC invocations=54 (full 21):
 garbage-first heap   total 124928K, used 40078K [0x00000000c0000000, 0x0000000100000000)
  region size 1024K, 0 young (0K), 0 survivors (0K)
 Metaspace       used 62267K, committed 62656K, reserved 1114112K
  class space    used 7862K, committed 8064K, reserved 1048576K
}
Event: 861.494 GC heap before
{Heap before GC invocations=54 (full 21):
 garbage-first heap   total 124928K, used 40078K [0x00000000c0000000, 0x0000000100000000)
  region size 1024K, 1 young (1024K), 0 survivors (0K)
 Metaspace       used 62267K, committed 62656K, reserved 1114112K
  class space    used 7862K, committed 8064K, reserved 1048576K
}
Event: 861.611 GC heap after
{Heap after GC invocations=55 (full 22):
 garbage-first heap   total 124928K, used 40086K [0x00000000c0000000, 0x0000000100000000)
  region size 1024K, 0 young (0K), 0 survivors (0K)
 Metaspace       used 62267K, committed 62656K, reserved 1114112K
  class space    used 7862K, committed 8064K, reserved 1048576K
}
Event: 873.982 GC heap before
{Heap before GC invocations=55 (full 22):
 garbage-first heap   total 124928K, used 40086K [0x00000000c0000000, 0x0000000100000000)
  region size 1024K, 1 young (1024K), 0 survivors (0K)
 Metaspace       used 62267K, committed 62656K, reserved 1114112K
  class space    used 7862K, committed 8064K, reserved 1048576K
}
Event: 874.095 GC heap after
{Heap after GC invocations=56 (full 23):
 garbage-first heap   total 124928K, used 40087K [0x00000000c0000000, 0x0000000100000000)
  region size 1024K, 0 young (0K), 0 survivors (0K)
 Metaspace       used 62267K, committed 62656K, reserved 1114112K
  class space    used 7862K, committed 8064K, reserved 1048576K
}
Event: 884.890 GC heap before
{Heap before GC invocations=56 (full 23):
 garbage-first heap   total 124928K, used 40087K [0x00000000c0000000, 0x0000000100000000)
  region size 1024K, 1 young (1024K), 0 survivors (0K)
 Metaspace       used 62267K, committed 62656K, reserved 1114112K
  class space    used 7862K, committed 8064K, reserved 1048576K
}
Event: 885.032 GC heap after
{Heap after GC invocations=57 (full 24):
 garbage-first heap   total 124928K, used 40087K [0x00000000c0000000, 0x0000000100000000)
  region size 1024K, 0 young (0K), 0 survivors (0K)
 Metaspace       used 62267K, committed 62656K, reserved 1114112K
  class space    used 7862K, committed 8064K, reserved 1048576K
}
Event: 900.224 GC heap before
{Heap before GC invocations=57 (full 24):
 garbage-first heap   total 124928K, used 40087K [0x00000000c0000000, 0x0000000100000000)
  region size 1024K, 1 young (1024K), 0 survivors (0K)
 Metaspace       used 62271K, committed 62656K, reserved 1114112K
  class space    used 7864K, committed 8064K, reserved 1048576K
}

