# JRE version: Java(TM) SE Runtime Environment (21.0+35) (build 21+35-LTS-2513)
# Java VM: Java HotSpot(TM) 64-Bit Server VM (21+35-LTS-2513, mixed mode, sharing, tiered, compressed oops, compressed class ptrs, g1 gc, windows-amd64)
GC Precious Log:
 CardTable entry size: 512
 Card Set container configuration: InlinePtr #cards 5 size 8 Array Of Cards #cards 12 size 40 Howl #buckets 4 coarsen threshold 1843 Howl Bitmap #cards 512 size 80 coarsen threshold 460 Card regions per heap region 1 cards per card region 2048
 CPUs: 4 total, 4 available
 Memory: 5941M
 Large Page Support: Disabled
 NUMA Support: Disabled
 Compressed Oops: Enabled (32-bit)
 Heap Region Size: 1M
 Heap Min Capacity: 8M
 Heap Initial Capacity: 94M
 Heap Max Capacity: 1486M
 Pre-touch: Disabled
 Parallel Workers: 4
 Concurrent Workers: 1
 Concurrent Refinement Workers: 4
 Periodic GC: Disabled
Heap:
 garbage-first heap   total 48128K, used 37318K [0x00000000a3200000, 0x0000000100000000)
  region size 1024K, 19 young (19456K), 3 survivors (3072K)
 Metaspace       used 42288K, committed 42880K, reserved 1114112K
  class space    used 5403K, committed 5696K, reserved 1048576K
GC Heap History (16 events):
Event: 2.318 GC heap before
{Heap before GC invocations=0 (full 0):
 garbage-first heap   total 96256K, used 12288K [0x00000000a3200000, 0x0000000100000000)
  region size 1024K, 13 young (13312K), 0 survivors (0K)
 Metaspace       used 3166K, committed 3392K, reserved 1114112K
  class space    used 326K, committed 448K, reserved 1048576K
}
Event: 2.333 GC heap after
{Heap after GC invocations=1 (full 0):
 garbage-first heap   total 96256K, used 5254K [0x00000000a3200000, 0x0000000100000000)
  region size 1024K, 2 young (2048K), 2 survivors (2048K)
 Metaspace       used 3166K, committed 3392K, reserved 1114112K
  class space    used 326K, committed 448K, reserved 1048576K
}
Event: 3.864 GC heap before
{Heap before GC invocations=1 (full 0):
 garbage-first heap   total 96256K, used 16518K [0x00000000a3200000, 0x0000000100000000)
  region size 1024K, 13 young (13312K), 2 survivors (2048K)
 Metaspace       used 6610K, committed 6912K, reserved 1114112K
  class space    used 789K, committed 960K, reserved 1048576K
}
Event: 3.879 GC heap after
{Heap after GC invocations=2 (full 0):
 garbage-first heap   total 96256K, used 6399K [0x00000000a3200000, 0x0000000100000000)
  region size 1024K, 1 young (1024K), 1 survivors (1024K)
 Metaspace       used 6610K, committed 6912K, reserved 1114112K
  class space    used 789K, committed 960K, reserved 1048576K
}
Event: 5.821 GC heap before
{Heap before GC invocations=2 (full 0):
 garbage-first heap   total 96256K, used 35071K [0x00000000a3200000, 0x0000000100000000)
  region size 1024K, 29 young (29696K), 1 survivors (1024K)
 Metaspace       used 14040K, committed 14336K, reserved 1114112K
  class space    used 1725K, committed 1856K, reserved 1048576K
}
Event: 5.833 GC heap after
{Heap after GC invocations=3 (full 0):
 garbage-first heap   total 96256K, used 8646K [0x00000000a3200000, 0x0000000100000000)
  region size 1024K, 4 young (4096K), 4 survivors (4096K)
 Metaspace       used 14040K, committed 14336K, reserved 1114112K
  class space    used 1725K, committed 1856K, reserved 1048576K
}
Event: 10.006 GC heap before
{Heap before GC invocations=3 (full 0):
 garbage-first heap   total 96256K, used 53702K [0x00000000a3200000, 0x0000000100000000)
  region size 1024K, 50 young (51200K), 4 survivors (4096K)
 Metaspace       used 21222K, committed 21504K, reserved 1114112K
  class space    used 2650K, committed 2816K, reserved 1048576K
}
Event: 10.029 GC heap after
{Heap after GC invocations=4 (full 0):
 garbage-first heap   total 96256K, used 12199K [0x00000000a3200000, 0x0000000100000000)
  region size 1024K, 7 young (7168K), 7 survivors (7168K)
 Metaspace       used 21222K, committed 21504K, reserved 1114112K
  class space    used 2650K, committed 2816K, reserved 1048576K
}
Event: 11.993 GC heap before
{Heap before GC invocations=5 (full 0):
 garbage-first heap   total 48128K, used 33703K [0x00000000a3200000, 0x0000000100000000)
  region size 1024K, 28 young (28672K), 7 survivors (7168K)
 Metaspace       used 25929K, committed 26432K, reserved 1114112K
  class space    used 3325K, committed 3520K, reserved 1048576K
}
Event: 12.028 GC heap after
{Heap after GC invocations=6 (full 0):
 garbage-first heap   total 48128K, used 14864K [0x00000000a3200000, 0x0000000100000000)
  region size 1024K, 3 young (3072K), 3 survivors (3072K)
 Metaspace       used 25929K, committed 26432K, reserved 1114112K
  class space    used 3325K, committed 3520K, reserved 1048576K
}
Event: 13.835 GC heap before
{Heap before GC invocations=6 (full 0):
 garbage-first heap   total 48128K, used 36368K [0x00000000a3200000, 0x0000000100000000)
  region size 1024K, 24 young (24576K), 3 survivors (3072K)
 Metaspace       used 31886K, committed 32384K, reserved 1114112K
  class space    used 4060K, committed 4288K, reserved 1048576K
}
Event: 13.847 GC heap after
{Heap after GC invocations=7 (full 0):
 garbage-first heap   total 48128K, used 17735K [0x00000000a3200000, 0x0000000100000000)
  region size 1024K, 3 young (3072K), 3 survivors (3072K)
 Metaspace       used 31886K, committed 32384K, reserved 1114112K
  class space    used 4060K, committed 4288K, reserved 1048576K
}
Event: 14.588 GC heap before
{Heap before GC invocations=7 (full 0):
 garbage-first heap   total 48128K, used 27975K [0x00000000a3200000, 0x0000000100000000)
  region size 1024K, 15 young (15360K), 3 survivors (3072K)
 Metaspace       used 35497K, committed 36096K, reserved 1114112K
  class space    used 4502K, committed 4800K, reserved 1048576K
}
Event: 14.600 GC heap after
{Heap after GC invocations=8 (full 0):
 garbage-first heap   total 48128K, used 19492K [0x00000000a3200000, 0x0000000100000000)
  region size 1024K, 2 young (2048K), 2 survivors (2048K)
 Metaspace       used 35497K, committed 36096K, reserved 1114112K
  class space    used 4502K, committed 4800K, reserved 1048576K
}
Event: 17.271 GC heap before
{Heap before GC invocations=9 (full 0):
 garbage-first heap   total 48128K, used 37924K [0x00000000a3200000, 0x0000000100000000)
  region size 1024K, 21 young (21504K), 2 survivors (2048K)
 Metaspace       used 40612K, committed 41152K, reserved 1114112K
  class space    used 5181K, committed 5440K, reserved 1048576K
}
Event: 17.281 GC heap after
{Heap after GC invocations=10 (full 0):
 garbage-first heap   total 48128K, used 21958K [0x00000000a3200000, 0x0000000100000000)
  region size 1024K, 3 young (3072K), 3 survivors (3072K)
 Metaspace       used 40612K, committed 41152K, reserved 1114112K
  class space    used 5181K, committed 5440K, reserved 1048576K
}

