# JRE version: OpenJDK Runtime Environment Temurin-17.0.12+7 (17.0.12+7) (build 17.0.12+7)
# Java VM: OpenJDK 64-Bit Server VM Temurin-17.0.12+7 (17.0.12+7, mixed mode, tiered, compressed oops, compressed class ptrs, parallel gc, windows-amd64)
GC Precious Log:
 CPUs: 4 total, 4 available
 Memory: 5941M
 Large Page Support: Disabled
 NUMA Support: Disabled
 Compressed Oops: Enabled (32-bit)
 Alignments: Space 512K, Generation 512K, Heap 2M
 Heap Min Capacity: 100M
 Heap Initial Capacity: 100M
 Heap Max Capacity: 1G
 Pre-touch: Disabled
 Parallel Workers: 4
Heap:
 PSYoungGen      total 7168K, used 1590K [0x00000000eab00000, 0x00000000eb580000, 0x0000000100000000)
  eden space 5632K, 6% used [0x00000000eab00000,0x00000000eab61a80,0x00000000eb080000)
  from space 1536K, 78% used [0x00000000eb100000,0x00000000eb22c010,0x00000000eb280000)
  to   space 2048K, 0% used [0x00000000eb380000,0x00000000eb380000,0x00000000eb580000)
 ParOldGen       total 261120K, used 258794K [0x00000000c0000000, 0x00000000cff00000, 0x00000000eab00000)
  object space 261120K, 99% used [0x00000000c0000000,0x00000000cfcba950,0x00000000cff00000)
 Metaspace       used 93207K, committed 94784K, reserved 1179648K
  class space    used 9594K, committed 10304K, reserved 1048576K
GC Heap History (20 events):
Event: 773.530 GC heap before
{Heap before GC invocations=1874 (full 37):
 PSYoungGen      total 7168K, used 7156K [0x00000000eab00000, 0x00000000eb480000, 0x0000000100000000)
  eden space 5632K, 100% used [0x00000000eab00000,0x00000000eb080000,0x00000000eb080000)
  from space 1536K, 99% used [0x00000000eb280000,0x00000000eb3fd260,0x00000000eb400000)
  to   space 512K, 0% used [0x00000000eb400000,0x00000000eb400000,0x00000000eb480000)
 ParOldGen       total 261120K, used 247572K [0x00000000c0000000, 0x00000000cff00000, 0x00000000eab00000)
  object space 261120K, 94% used [0x00000000c0000000,0x00000000cf1c51a0,0x00000000cff00000)
 Metaspace       used 93161K, committed 94720K, reserved 1179648K
  class space    used 9589K, committed 10304K, reserved 1048576K
}
Event: 773.536 GC heap after
{Heap after GC invocations=1874 (full 37):
 PSYoungGen      total 6144K, used 512K [0x00000000eab00000, 0x00000000eb680000, 0x0000000100000000)
  eden space 5632K, 0% used [0x00000000eab00000,0x00000000eab00000,0x00000000eb080000)
  from space 512K, 100% used [0x00000000eb400000,0x00000000eb480000,0x00000000eb480000)
  to   space 3072K, 0% used [0x00000000eb080000,0x00000000eb080000,0x00000000eb380000)
 ParOldGen       total 261120K, used 249560K [0x00000000c0000000, 0x00000000cff00000, 0x00000000eab00000)
  object space 261120K, 95% used [0x00000000c0000000,0x00000000cf3b60c0,0x00000000cff00000)
 Metaspace       used 93161K, committed 94720K, reserved 1179648K
  class space    used 9589K, committed 10304K, reserved 1048576K
}
Event: 773.581 GC heap before
{Heap before GC invocations=1875 (full 37):
 PSYoungGen      total 6144K, used 6144K [0x00000000eab00000, 0x00000000eb680000, 0x0000000100000000)
  eden space 5632K, 100% used [0x00000000eab00000,0x00000000eb080000,0x00000000eb080000)
  from space 512K, 100% used [0x00000000eb400000,0x00000000eb480000,0x00000000eb480000)
  to   space 3072K, 0% used [0x00000000eb080000,0x00000000eb080000,0x00000000eb380000)
 ParOldGen       total 261120K, used 249560K [0x00000000c0000000, 0x00000000cff00000, 0x00000000eab00000)
  object space 261120K, 95% used [0x00000000c0000000,0x00000000cf3b60c0,0x00000000cff00000)
 Metaspace       used 93161K, committed 94720K, reserved 1179648K
  class space    used 9589K, committed 10304K, reserved 1048576K
}
Event: 773.585 GC heap after
{Heap after GC invocations=1875 (full 37):
 PSYoungGen      total 6656K, used 736K [0x00000000eab00000, 0x00000000eb480000, 0x0000000100000000)
  eden space 5632K, 0% used [0x00000000eab00000,0x00000000eab00000,0x00000000eb080000)
  from space 1024K, 71% used [0x00000000eb080000,0x00000000eb138000,0x00000000eb180000)
  to   space 1536K, 0% used [0x00000000eb300000,0x00000000eb300000,0x00000000eb480000)
 ParOldGen       total 261120K, used 250076K [0x00000000c0000000, 0x00000000cff00000, 0x00000000eab00000)
  object space 261120K, 95% used [0x00000000c0000000,0x00000000cf4370d0,0x00000000cff00000)
 Metaspace       used 93161K, committed 94720K, reserved 1179648K
  class space    used 9589K, committed 10304K, reserved 1048576K
}
Event: 773.961 GC heap before
{Heap before GC invocations=1876 (full 37):
 PSYoungGen      total 6656K, used 6368K [0x00000000eab00000, 0x00000000eb480000, 0x0000000100000000)
  eden space 5632K, 100% used [0x00000000eab00000,0x00000000eb080000,0x00000000eb080000)
  from space 1024K, 71% used [0x00000000eb080000,0x00000000eb138000,0x00000000eb180000)
  to   space 1536K, 0% used [0x00000000eb300000,0x00000000eb300000,0x00000000eb480000)
 ParOldGen       total 261120K, used 250076K [0x00000000c0000000, 0x00000000cff00000, 0x00000000eab00000)
  object space 261120K, 95% used [0x00000000c0000000,0x00000000cf4370d0,0x00000000cff00000)
 Metaspace       used 93166K, committed 94720K, reserved 1179648K
  class space    used 9589K, committed 10304K, reserved 1048576K
}
Event: 773.965 GC heap after
{Heap after GC invocations=1876 (full 37):
 PSYoungGen      total 7168K, used 1284K [0x00000000eab00000, 0x00000000eb480000, 0x0000000100000000)
  eden space 5632K, 0% used [0x00000000eab00000,0x00000000eab00000,0x00000000eb080000)
  from space 1536K, 83% used [0x00000000eb300000,0x00000000eb441250,0x00000000eb480000)
  to   space 1536K, 0% used [0x00000000eb180000,0x00000000eb180000,0x00000000eb300000)
 ParOldGen       total 261120K, used 250076K [0x00000000c0000000, 0x00000000cff00000, 0x00000000eab00000)
  object space 261120K, 95% used [0x00000000c0000000,0x00000000cf4370d0,0x00000000cff00000)
 Metaspace       used 93166K, committed 94720K, reserved 1179648K
  class space    used 9589K, committed 10304K, reserved 1048576K
}
Event: 774.091 GC heap before
{Heap before GC invocations=1877 (full 37):
 PSYoungGen      total 7168K, used 6916K [0x00000000eab00000, 0x00000000eb480000, 0x0000000100000000)
  eden space 5632K, 100% used [0x00000000eab00000,0x00000000eb080000,0x00000000eb080000)
  from space 1536K, 83% used [0x00000000eb300000,0x00000000eb441250,0x00000000eb480000)
  to   space 1536K, 0% used [0x00000000eb180000,0x00000000eb180000,0x00000000eb300000)
 ParOldGen       total 261120K, used 250076K [0x00000000c0000000, 0x00000000cff00000, 0x00000000eab00000)
  object space 261120K, 95% used [0x00000000c0000000,0x00000000cf4370d0,0x00000000cff00000)
 Metaspace       used 93166K, committed 94720K, reserved 1179648K
  class space    used 9589K, committed 10304K, reserved 1048576K
}
Event: 774.100 GC heap after
{Heap after GC invocations=1877 (full 37):
 PSYoungGen      total 7168K, used 1506K [0x00000000eab00000, 0x00000000ebf80000, 0x0000000100000000)
  eden space 5632K, 0% used [0x00000000eab00000,0x00000000eab00000,0x00000000eb080000)
  from space 1536K, 98% used [0x00000000eb180000,0x00000000eb2f8ad0,0x00000000eb300000)
  to   space 7680K, 0% used [0x00000000eb800000,0x00000000eb800000,0x00000000ebf80000)
 ParOldGen       total 261120K, used 254946K [0x00000000c0000000, 0x00000000cff00000, 0x00000000eab00000)
  object space 261120K, 97% used [0x00000000c0000000,0x00000000cf8f8980,0x00000000cff00000)
 Metaspace       used 93166K, committed 94720K, reserved 1179648K
  class space    used 9589K, committed 10304K, reserved 1048576K
}
Event: 774.165 GC heap before
{Heap before GC invocations=1878 (full 37):
 PSYoungGen      total 7168K, used 7138K [0x00000000eab00000, 0x00000000ebf80000, 0x0000000100000000)
  eden space 5632K, 100% used [0x00000000eab00000,0x00000000eb080000,0x00000000eb080000)
  from space 1536K, 98% used [0x00000000eb180000,0x00000000eb2f8ad0,0x00000000eb300000)
  to   space 7680K, 0% used [0x00000000eb800000,0x00000000eb800000,0x00000000ebf80000)
 ParOldGen       total 261120K, used 254946K [0x00000000c0000000, 0x00000000cff00000, 0x00000000eab00000)
  object space 261120K, 97% used [0x00000000c0000000,0x00000000cf8f8980,0x00000000cff00000)
 Metaspace       used 93166K, committed 94720K, reserved 1179648K
  class space    used 9589K, committed 10304K, reserved 1048576K
}
Event: 774.171 GC heap after
{Heap after GC invocations=1878 (full 37):
 PSYoungGen      total 7168K, used 1044K [0x00000000eab00000, 0x00000000eb980000, 0x0000000100000000)
  eden space 5632K, 0% used [0x00000000eab00000,0x00000000eab00000,0x00000000eb080000)
  from space 1536K, 68% used [0x00000000eb800000,0x00000000eb905200,0x00000000eb980000)
  to   space 3072K, 0% used [0x00000000eb380000,0x00000000eb380000,0x00000000eb680000)
 ParOldGen       total 261120K, used 256070K [0x00000000c0000000, 0x00000000cff00000, 0x00000000eab00000)
  object space 261120K, 98% used [0x00000000c0000000,0x00000000cfa118d0,0x00000000cff00000)
 Metaspace       used 93166K, committed 94720K, reserved 1179648K
  class space    used 9589K, committed 10304K, reserved 1048576K
}
Event: 774.233 GC heap before
{Heap before GC invocations=1879 (full 37):
 PSYoungGen      total 7168K, used 6676K [0x00000000eab00000, 0x00000000eb980000, 0x0000000100000000)
  eden space 5632K, 100% used [0x00000000eab00000,0x00000000eb080000,0x00000000eb080000)
  from space 1536K, 68% used [0x00000000eb800000,0x00000000eb905200,0x00000000eb980000)
  to   space 3072K, 0% used [0x00000000eb380000,0x00000000eb380000,0x00000000eb680000)
 ParOldGen       total 261120K, used 256070K [0x00000000c0000000, 0x00000000cff00000, 0x00000000eab00000)
  object space 261120K, 98% used [0x00000000c0000000,0x00000000cfa118d0,0x00000000cff00000)
 Metaspace       used 93166K, committed 94720K, reserved 1179648K
  class space    used 9589K, committed 10304K, reserved 1048576K
}
Event: 774.239 GC heap after
{Heap after GC invocations=1879 (full 37):
 PSYoungGen      total 8704K, used 1828K [0x00000000eab00000, 0x00000000eb880000, 0x0000000100000000)
  eden space 5632K, 0% used [0x00000000eab00000,0x00000000eab00000,0x00000000eb080000)
  from space 3072K, 59% used [0x00000000eb380000,0x00000000eb549210,0x00000000eb680000)
  to   space 2048K, 0% used [0x00000000eb680000,0x00000000eb680000,0x00000000eb880000)
 ParOldGen       total 261120K, used 256070K [0x00000000c0000000, 0x00000000cff00000, 0x00000000eab00000)
  object space 261120K, 98% used [0x00000000c0000000,0x00000000cfa118d0,0x00000000cff00000)
 Metaspace       used 93166K, committed 94720K, reserved 1179648K
  class space    used 9589K, committed 10304K, reserved 1048576K
}
Event: 774.294 GC heap before
{Heap before GC invocations=1880 (full 37):
 PSYoungGen      total 8704K, used 7460K [0x00000000eab00000, 0x00000000eb880000, 0x0000000100000000)
  eden space 5632K, 100% used [0x00000000eab00000,0x00000000eb080000,0x00000000eb080000)
  from space 3072K, 59% used [0x00000000eb380000,0x00000000eb549210,0x00000000eb680000)
  to   space 2048K, 0% used [0x00000000eb680000,0x00000000eb680000,0x00000000eb880000)
 ParOldGen       total 261120K, used 256070K [0x00000000c0000000, 0x00000000cff00000, 0x00000000eab00000)
  object space 261120K, 98% used [0x00000000c0000000,0x00000000cfa118d0,0x00000000cff00000)
 Metaspace       used 93166K, committed 94720K, reserved 1179648K
  class space    used 9589K, committed 10304K, reserved 1048576K
}
Event: 774.301 GC heap after
{Heap after GC invocations=1880 (full 37):
 PSYoungGen      total 7680K, used 2030K [0x00000000eab00000, 0x00000000eb880000, 0x0000000100000000)
  eden space 5632K, 0% used [0x00000000eab00000,0x00000000eab00000,0x00000000eb080000)
  from space 2048K, 99% used [0x00000000eb680000,0x00000000eb87bb20,0x00000000eb880000)
  to   space 3072K, 0% used [0x00000000eb280000,0x00000000eb280000,0x00000000eb580000)
 ParOldGen       total 261120K, used 256478K [0x00000000c0000000, 0x00000000cff00000, 0x00000000eab00000)
  object space 261120K, 98% used [0x00000000c0000000,0x00000000cfa778f0,0x00000000cff00000)
 Metaspace       used 93166K, committed 94720K, reserved 1179648K
  class space    used 9589K, committed 10304K, reserved 1048576K
}
Event: 774.380 GC heap before
{Heap before GC invocations=1881 (full 37):
 PSYoungGen      total 7680K, used 7662K [0x00000000eab00000, 0x00000000eb880000, 0x0000000100000000)
  eden space 5632K, 100% used [0x00000000eab00000,0x00000000eb080000,0x00000000eb080000)
  from space 2048K, 99% used [0x00000000eb680000,0x00000000eb87bb20,0x00000000eb880000)
  to   space 3072K, 0% used [0x00000000eb280000,0x00000000eb280000,0x00000000eb580000)
 ParOldGen       total 261120K, used 256478K [0x00000000c0000000, 0x00000000cff00000, 0x00000000eab00000)
  object space 261120K, 98% used [0x00000000c0000000,0x00000000cfa778f0,0x00000000cff00000)
 Metaspace       used 93166K, committed 94720K, reserved 1179648K
  class space    used 9589K, committed 10304K, reserved 1048576K
}
Event: 774.387 GC heap after
{Heap after GC invocations=1881 (full 37):
 PSYoungGen      total 8192K, used 2116K [0x00000000eab00000, 0x00000000eb700000, 0x0000000100000000)
  eden space 5632K, 0% used [0x00000000eab00000,0x00000000eab00000,0x00000000eb080000)
  from space 2560K, 82% used [0x00000000eb280000,0x00000000eb491230,0x00000000eb500000)
  to   space 2048K, 0% used [0x00000000eb500000,0x00000000eb500000,0x00000000eb700000)
 ParOldGen       total 261120K, used 257174K [0x00000000c0000000, 0x00000000cff00000, 0x00000000eab00000)
  object space 261120K, 98% used [0x00000000c0000000,0x00000000cfb25b00,0x00000000cff00000)
 Metaspace       used 93166K, committed 94720K, reserved 1179648K
  class space    used 9589K, committed 10304K, reserved 1048576K
}
Event: 774.456 GC heap before
{Heap before GC invocations=1882 (full 37):
 PSYoungGen      total 8192K, used 7748K [0x00000000eab00000, 0x00000000eb700000, 0x0000000100000000)
  eden space 5632K, 100% used [0x00000000eab00000,0x00000000eb080000,0x00000000eb080000)
  from space 2560K, 82% used [0x00000000eb280000,0x00000000eb491230,0x00000000eb500000)
  to   space 2048K, 0% used [0x00000000eb500000,0x00000000eb500000,0x00000000eb700000)
 ParOldGen       total 261120K, used 257174K [0x00000000c0000000, 0x00000000cff00000, 0x00000000eab00000)
  object space 261120K, 98% used [0x00000000c0000000,0x00000000cfb25b00,0x00000000cff00000)
 Metaspace       used 93176K, committed 94720K, reserved 1179648K
  class space    used 9589K, committed 10304K, reserved 1048576K
}
Event: 774.463 GC heap after
{Heap after GC invocations=1882 (full 37):
 PSYoungGen      total 7680K, used 2016K [0x00000000eab00000, 0x00000000eb700000, 0x0000000100000000)
  eden space 5632K, 0% used [0x00000000eab00000,0x00000000eab00000,0x00000000eb080000)
  from space 2048K, 98% used [0x00000000eb500000,0x00000000eb6f8040,0x00000000eb700000)
  to   space 3072K, 0% used [0x00000000eb100000,0x00000000eb100000,0x00000000eb400000)
 ParOldGen       total 261120K, used 257916K [0x00000000c0000000, 0x00000000cff00000, 0x00000000eab00000)
  object space 261120K, 98% used [0x00000000c0000000,0x00000000cfbdf3a8,0x00000000cff00000)
 Metaspace       used 93176K, committed 94720K, reserved 1179648K
  class space    used 9589K, committed 10304K, reserved 1048576K
}
Event: 975.376 GC heap before
{Heap before GC invocations=1883 (full 37):
 PSYoungGen      total 7680K, used 7648K [0x00000000eab00000, 0x00000000eb700000, 0x0000000100000000)
  eden space 5632K, 100% used [0x00000000eab00000,0x00000000eb080000,0x00000000eb080000)
  from space 2048K, 98% used [0x00000000eb500000,0x00000000eb6f8040,0x00000000eb700000)
  to   space 3072K, 0% used [0x00000000eb100000,0x00000000eb100000,0x00000000eb400000)
 ParOldGen       total 261120K, used 257916K [0x00000000c0000000, 0x00000000cff00000, 0x00000000eab00000)
  object space 261120K, 98% used [0x00000000c0000000,0x00000000cfbdf3a8,0x00000000cff00000)
 Metaspace       used 93199K, committed 94720K, reserved 1179648K
  class space    used 9593K, committed 10304K, reserved 1048576K
}
Event: 975.384 GC heap after
{Heap after GC invocations=1883 (full 37):
 PSYoungGen      total 7168K, used 1200K [0x00000000eab00000, 0x00000000eb580000, 0x0000000100000000)
  eden space 5632K, 0% used [0x00000000eab00000,0x00000000eab00000,0x00000000eb080000)
  from space 1536K, 78% used [0x00000000eb100000,0x00000000eb22c010,0x00000000eb280000)
  to   space 2048K, 0% used [0x00000000eb380000,0x00000000eb380000,0x00000000eb580000)
 ParOldGen       total 261120K, used 258794K [0x00000000c0000000, 0x00000000cff00000, 0x00000000eab00000)
  object space 261120K, 99% used [0x00000000c0000000,0x00000000cfcba950,0x00000000cff00000)
 Metaspace       used 93199K, committed 94720K, reserved 1179648K
  class space    used 9593K, committed 10304K, reserved 1048576K
}

