# JRE version: OpenJDK Runtime Environment Temurin-17.0.12+7 (17.0.12+7) (build 17.0.12+7)
# Java VM: OpenJDK 64-Bit Server VM Temurin-17.0.12+7 (17.0.12+7, mixed mode, tiered, compressed oops, compressed class ptrs, parallel gc, windows-amd64)
GC Precious Log:
 CPUs: 4 total, 4 available
 Memory: 5941M
 Large Page Support: Disabled
 NUMA Support: Disabled
 Compressed Oops: Enabled (32-bit)
 Alignments: Space 512K, Generation 512K, Heap 2M
 Heap Min Capacity: 100M
 Heap Initial Capacity: 100M
 Heap Max Capacity: 1G
 Pre-touch: Disabled
 Parallel Workers: 4
Heap:
 PSYoungGen      total 23552K, used 5813K [0x00000000eab00000, 0x00000000ec680000, 0x0000000100000000)
  eden space 22016K, 21% used [0x00000000eab00000,0x00000000eaf94150,0x00000000ec080000)
  from space 1536K, 73% used [0x00000000ec380000,0x00000000ec4995f8,0x00000000ec500000)
  to   space 1536K, 0% used [0x00000000ec500000,0x00000000ec500000,0x00000000ec680000)
 ParOldGen       total 68608K, used 16356K [0x00000000c0000000, 0x00000000c4300000, 0x00000000eab00000)
  object space 68608K, 23% used [0x00000000c0000000,0x00000000c0ff92a0,0x00000000c4300000)
 Metaspace       used 40979K, committed 41984K, reserved 1114112K
  class space    used 4197K, committed 4608K, reserved 1048576K
GC Heap History (20 events):
Event: 11.804 GC heap before
{Heap before GC invocations=6 (full 1):
 PSYoungGen      total 29696K, used 4082K [0x00000000eab00000, 0x00000000ece00000, 0x0000000100000000)
  eden space 25600K, 0% used [0x00000000eab00000,0x00000000eab00000,0x00000000ec400000)
  from space 4096K, 99% used [0x00000000ec400000,0x00000000ec7fc9b0,0x00000000ec800000)
  to   space 5120K, 0% used [0x00000000ec900000,0x00000000ec900000,0x00000000ece00000)
 ParOldGen       total 68608K, used 6863K [0x00000000c0000000, 0x00000000c4300000, 0x00000000eab00000)
  object space 68608K, 10% used [0x00000000c0000000,0x00000000c06b3e50,0x00000000c4300000)
 Metaspace       used 21065K, committed 21504K, reserved 1114112K
  class space    used 2131K, committed 2368K, reserved 1048576K
}
Event: 11.879 GC heap after
{Heap after GC invocations=6 (full 1):
 PSYoungGen      total 29696K, used 0K [0x00000000eab00000, 0x00000000ece00000, 0x0000000100000000)
  eden space 25600K, 0% used [0x00000000eab00000,0x00000000eab00000,0x00000000ec400000)
  from space 4096K, 0% used [0x00000000ec400000,0x00000000ec400000,0x00000000ec800000)
  to   space 5120K, 0% used [0x00000000ec900000,0x00000000ec900000,0x00000000ece00000)
 ParOldGen       total 68608K, used 10662K [0x00000000c0000000, 0x00000000c4300000, 0x00000000eab00000)
  object space 68608K, 15% used [0x00000000c0000000,0x00000000c0a69a68,0x00000000c4300000)
 Metaspace       used 21052K, committed 21504K, reserved 1114112K
  class space    used 2128K, committed 2368K, reserved 1048576K
}
Event: 14.830 GC heap before
{Heap before GC invocations=7 (full 1):
 PSYoungGen      total 29696K, used 25600K [0x00000000eab00000, 0x00000000ece00000, 0x0000000100000000)
  eden space 25600K, 100% used [0x00000000eab00000,0x00000000ec400000,0x00000000ec400000)
  from space 4096K, 0% used [0x00000000ec400000,0x00000000ec400000,0x00000000ec800000)
  to   space 5120K, 0% used [0x00000000ec900000,0x00000000ec900000,0x00000000ece00000)
 ParOldGen       total 68608K, used 10662K [0x00000000c0000000, 0x00000000c4300000, 0x00000000eab00000)
  object space 68608K, 15% used [0x00000000c0000000,0x00000000c0a69a68,0x00000000c4300000)
 Metaspace       used 24738K, committed 25408K, reserved 1114112K
  class space    used 2518K, committed 2816K, reserved 1048576K
}
Event: 14.837 GC heap after
{Heap after GC invocations=7 (full 1):
 PSYoungGen      total 26624K, used 1173K [0x00000000eab00000, 0x00000000eca80000, 0x0000000100000000)
  eden space 25088K, 0% used [0x00000000eab00000,0x00000000eab00000,0x00000000ec380000)
  from space 1536K, 76% used [0x00000000ec900000,0x00000000eca25540,0x00000000eca80000)
  to   space 2560K, 0% used [0x00000000ec580000,0x00000000ec580000,0x00000000ec800000)
 ParOldGen       total 68608K, used 10670K [0x00000000c0000000, 0x00000000c4300000, 0x00000000eab00000)
  object space 68608K, 15% used [0x00000000c0000000,0x00000000c0a6ba68,0x00000000c4300000)
 Metaspace       used 24738K, committed 25408K, reserved 1114112K
  class space    used 2518K, committed 2816K, reserved 1048576K
}
Event: 16.536 GC heap before
{Heap before GC invocations=8 (full 1):
 PSYoungGen      total 26624K, used 26261K [0x00000000eab00000, 0x00000000eca80000, 0x0000000100000000)
  eden space 25088K, 100% used [0x00000000eab00000,0x00000000ec380000,0x00000000ec380000)
  from space 1536K, 76% used [0x00000000ec900000,0x00000000eca25540,0x00000000eca80000)
  to   space 2560K, 0% used [0x00000000ec580000,0x00000000ec580000,0x00000000ec800000)
 ParOldGen       total 68608K, used 10670K [0x00000000c0000000, 0x00000000c4300000, 0x00000000eab00000)
  object space 68608K, 15% used [0x00000000c0000000,0x00000000c0a6ba68,0x00000000c4300000)
 Metaspace       used 27642K, committed 28416K, reserved 1114112K
  class space    used 2872K, committed 3200K, reserved 1048576K
}
Event: 16.542 GC heap after
{Heap after GC invocations=8 (full 1):
 PSYoungGen      total 27136K, used 2558K [0x00000000eab00000, 0x00000000ecb00000, 0x0000000100000000)
  eden space 24576K, 0% used [0x00000000eab00000,0x00000000eab00000,0x00000000ec300000)
  from space 2560K, 99% used [0x00000000ec580000,0x00000000ec7ff850,0x00000000ec800000)
  to   space 3072K, 0% used [0x00000000ec800000,0x00000000ec800000,0x00000000ecb00000)
 ParOldGen       total 68608K, used 11500K [0x00000000c0000000, 0x00000000c4300000, 0x00000000eab00000)
  object space 68608K, 16% used [0x00000000c0000000,0x00000000c0b3b198,0x00000000c4300000)
 Metaspace       used 27642K, committed 28416K, reserved 1114112K
  class space    used 2872K, committed 3200K, reserved 1048576K
}
Event: 17.211 GC heap before
{Heap before GC invocations=9 (full 1):
 PSYoungGen      total 27136K, used 27134K [0x00000000eab00000, 0x00000000ecb00000, 0x0000000100000000)
  eden space 24576K, 100% used [0x00000000eab00000,0x00000000ec300000,0x00000000ec300000)
  from space 2560K, 99% used [0x00000000ec580000,0x00000000ec7ff850,0x00000000ec800000)
  to   space 3072K, 0% used [0x00000000ec800000,0x00000000ec800000,0x00000000ecb00000)
 ParOldGen       total 68608K, used 11500K [0x00000000c0000000, 0x00000000c4300000, 0x00000000eab00000)
  object space 68608K, 16% used [0x00000000c0000000,0x00000000c0b3b198,0x00000000c4300000)
 Metaspace       used 29968K, committed 30848K, reserved 1114112K
  class space    used 3040K, committed 3456K, reserved 1048576K
}
Event: 17.215 GC heap after
{Heap after GC invocations=9 (full 1):
 PSYoungGen      total 27136K, used 3051K [0x00000000eab00000, 0x00000000ecb00000, 0x0000000100000000)
  eden space 24064K, 0% used [0x00000000eab00000,0x00000000eab00000,0x00000000ec280000)
  from space 3072K, 99% used [0x00000000ec800000,0x00000000ecafaeb8,0x00000000ecb00000)
  to   space 3584K, 0% used [0x00000000ec400000,0x00000000ec400000,0x00000000ec780000)
 ParOldGen       total 68608K, used 11904K [0x00000000c0000000, 0x00000000c4300000, 0x00000000eab00000)
  object space 68608K, 17% used [0x00000000c0000000,0x00000000c0ba0260,0x00000000c4300000)
 Metaspace       used 29968K, committed 30848K, reserved 1114112K
  class space    used 3040K, committed 3456K, reserved 1048576K
}
Event: 17.757 GC heap before
{Heap before GC invocations=10 (full 1):
 PSYoungGen      total 27136K, used 26951K [0x00000000eab00000, 0x00000000ecb00000, 0x0000000100000000)
  eden space 24064K, 99% used [0x00000000eab00000,0x00000000ec2570b8,0x00000000ec280000)
  from space 3072K, 99% used [0x00000000ec800000,0x00000000ecafaeb8,0x00000000ecb00000)
  to   space 3584K, 0% used [0x00000000ec400000,0x00000000ec400000,0x00000000ec780000)
 ParOldGen       total 68608K, used 11904K [0x00000000c0000000, 0x00000000c4300000, 0x00000000eab00000)
  object space 68608K, 17% used [0x00000000c0000000,0x00000000c0ba0260,0x00000000c4300000)
 Metaspace       used 33336K, committed 34176K, reserved 1114112K
  class space    used 3314K, committed 3712K, reserved 1048576K
}
Event: 17.766 GC heap after
{Heap after GC invocations=10 (full 1):
 PSYoungGen      total 27136K, used 3316K [0x00000000eab00000, 0x00000000ec900000, 0x0000000100000000)
  eden space 23552K, 0% used [0x00000000eab00000,0x00000000eab00000,0x00000000ec200000)
  from space 3584K, 92% used [0x00000000ec400000,0x00000000ec73d3a0,0x00000000ec780000)
  to   space 1536K, 0% used [0x00000000ec780000,0x00000000ec780000,0x00000000ec900000)
 ParOldGen       total 68608K, used 12576K [0x00000000c0000000, 0x00000000c4300000, 0x00000000eab00000)
  object space 68608K, 18% used [0x00000000c0000000,0x00000000c0c48240,0x00000000c4300000)
 Metaspace       used 33336K, committed 34176K, reserved 1114112K
  class space    used 3314K, committed 3712K, reserved 1048576K
}
Event: 18.821 GC heap before
{Heap before GC invocations=11 (full 1):
 PSYoungGen      total 27136K, used 26868K [0x00000000eab00000, 0x00000000ec900000, 0x0000000100000000)
  eden space 23552K, 100% used [0x00000000eab00000,0x00000000ec200000,0x00000000ec200000)
  from space 3584K, 92% used [0x00000000ec400000,0x00000000ec73d3a0,0x00000000ec780000)
  to   space 1536K, 0% used [0x00000000ec780000,0x00000000ec780000,0x00000000ec900000)
 ParOldGen       total 68608K, used 12576K [0x00000000c0000000, 0x00000000c4300000, 0x00000000eab00000)
  object space 68608K, 18% used [0x00000000c0000000,0x00000000c0c48240,0x00000000c4300000)
 Metaspace       used 34807K, committed 35712K, reserved 1114112K
  class space    used 3462K, committed 3904K, reserved 1048576K
}
Event: 18.827 GC heap after
{Heap after GC invocations=11 (full 1):
 PSYoungGen      total 24576K, used 1525K [0x00000000eab00000, 0x00000000ecb80000, 0x0000000100000000)
  eden space 23040K, 0% used [0x00000000eab00000,0x00000000eab00000,0x00000000ec180000)
  from space 1536K, 99% used [0x00000000ec780000,0x00000000ec8fd7d8,0x00000000ec900000)
  to   space 5120K, 0% used [0x00000000ec180000,0x00000000ec180000,0x00000000ec680000)
 ParOldGen       total 68608K, used 15544K [0x00000000c0000000, 0x00000000c4300000, 0x00000000eab00000)
  object space 68608K, 22% used [0x00000000c0000000,0x00000000c0f2e220,0x00000000c4300000)
 Metaspace       used 34807K, committed 35712K, reserved 1114112K
  class space    used 3462K, committed 3904K, reserved 1048576K
}
Event: 18.887 GC heap before
{Heap before GC invocations=12 (full 1):
 PSYoungGen      total 24576K, used 3101K [0x00000000eab00000, 0x00000000ecb80000, 0x0000000100000000)
  eden space 23040K, 6% used [0x00000000eab00000,0x00000000eac89cd0,0x00000000ec180000)
  from space 1536K, 99% used [0x00000000ec780000,0x00000000ec8fd7d8,0x00000000ec900000)
  to   space 5120K, 0% used [0x00000000ec180000,0x00000000ec180000,0x00000000ec680000)
 ParOldGen       total 68608K, used 15544K [0x00000000c0000000, 0x00000000c4300000, 0x00000000eab00000)
  object space 68608K, 22% used [0x00000000c0000000,0x00000000c0f2e220,0x00000000c4300000)
 Metaspace       used 34971K, committed 35840K, reserved 1114112K
  class space    used 3482K, committed 3904K, reserved 1048576K
}
Event: 18.890 GC heap after
{Heap after GC invocations=12 (full 1):
 PSYoungGen      total 23552K, used 247K [0x00000000eab00000, 0x00000000ec800000, 0x0000000100000000)
  eden space 23040K, 0% used [0x00000000eab00000,0x00000000eab00000,0x00000000ec180000)
  from space 512K, 48% used [0x00000000ec180000,0x00000000ec1bde90,0x00000000ec200000)
  to   space 2048K, 0% used [0x00000000ec600000,0x00000000ec600000,0x00000000ec800000)
 ParOldGen       total 68608K, used 16894K [0x00000000c0000000, 0x00000000c4300000, 0x00000000eab00000)
  object space 68608K, 24% used [0x00000000c0000000,0x00000000c107fa30,0x00000000c4300000)
 Metaspace       used 34971K, committed 35840K, reserved 1114112K
  class space    used 3482K, committed 3904K, reserved 1048576K
}
Event: 18.890 GC heap before
{Heap before GC invocations=13 (full 2):
 PSYoungGen      total 23552K, used 247K [0x00000000eab00000, 0x00000000ec800000, 0x0000000100000000)
  eden space 23040K, 0% used [0x00000000eab00000,0x00000000eab00000,0x00000000ec180000)
  from space 512K, 48% used [0x00000000ec180000,0x00000000ec1bde90,0x00000000ec200000)
  to   space 2048K, 0% used [0x00000000ec600000,0x00000000ec600000,0x00000000ec800000)
 ParOldGen       total 68608K, used 16894K [0x00000000c0000000, 0x00000000c4300000, 0x00000000eab00000)
  object space 68608K, 24% used [0x00000000c0000000,0x00000000c107fa30,0x00000000c4300000)
 Metaspace       used 34971K, committed 35840K, reserved 1114112K
  class space    used 3482K, committed 3904K, reserved 1048576K
}
Event: 18.969 GC heap after
{Heap after GC invocations=13 (full 2):
 PSYoungGen      total 23552K, used 0K [0x00000000eab00000, 0x00000000ec800000, 0x0000000100000000)
  eden space 23040K, 0% used [0x00000000eab00000,0x00000000eab00000,0x00000000ec180000)
  from space 512K, 0% used [0x00000000ec180000,0x00000000ec180000,0x00000000ec200000)
  to   space 2048K, 0% used [0x00000000ec600000,0x00000000ec600000,0x00000000ec800000)
 ParOldGen       total 68608K, used 15079K [0x00000000c0000000, 0x00000000c4300000, 0x00000000eab00000)
  object space 68608K, 21% used [0x00000000c0000000,0x00000000c0eb9e40,0x00000000c4300000)
 Metaspace       used 34971K, committed 35840K, reserved 1114112K
  class space    used 3482K, committed 3904K, reserved 1048576K
}
Event: 21.597 GC heap before
{Heap before GC invocations=14 (full 2):
 PSYoungGen      total 23552K, used 23032K [0x00000000eab00000, 0x00000000ec800000, 0x0000000100000000)
  eden space 23040K, 99% used [0x00000000eab00000,0x00000000ec17e1a0,0x00000000ec180000)
  from space 512K, 0% used [0x00000000ec180000,0x00000000ec180000,0x00000000ec200000)
  to   space 2048K, 0% used [0x00000000ec600000,0x00000000ec600000,0x00000000ec800000)
 ParOldGen       total 68608K, used 15079K [0x00000000c0000000, 0x00000000c4300000, 0x00000000eab00000)
  object space 68608K, 21% used [0x00000000c0000000,0x00000000c0eb9e40,0x00000000c4300000)
 Metaspace       used 38557K, committed 39488K, reserved 1114112K
  class space    used 3914K, committed 4352K, reserved 1048576K
}
Event: 21.604 GC heap after
{Heap after GC invocations=14 (full 2):
 PSYoungGen      total 24064K, used 1416K [0x00000000eab00000, 0x00000000ec780000, 0x0000000100000000)
  eden space 22528K, 0% used [0x00000000eab00000,0x00000000eab00000,0x00000000ec100000)
  from space 1536K, 92% used [0x00000000ec600000,0x00000000ec762340,0x00000000ec780000)
  to   space 2048K, 0% used [0x00000000ec380000,0x00000000ec380000,0x00000000ec580000)
 ParOldGen       total 68608K, used 15087K [0x00000000c0000000, 0x00000000c4300000, 0x00000000eab00000)
  object space 68608K, 21% used [0x00000000c0000000,0x00000000c0ebbe40,0x00000000c4300000)
 Metaspace       used 38557K, committed 39488K, reserved 1114112K
  class space    used 3914K, committed 4352K, reserved 1048576K
}
Event: 22.523 GC heap before
{Heap before GC invocations=15 (full 2):
 PSYoungGen      total 24064K, used 23938K [0x00000000eab00000, 0x00000000ec780000, 0x0000000100000000)
  eden space 22528K, 99% used [0x00000000eab00000,0x00000000ec0fe678,0x00000000ec100000)
  from space 1536K, 92% used [0x00000000ec600000,0x00000000ec762340,0x00000000ec780000)
  to   space 2048K, 0% used [0x00000000ec380000,0x00000000ec380000,0x00000000ec580000)
 ParOldGen       total 68608K, used 15087K [0x00000000c0000000, 0x00000000c4300000, 0x00000000eab00000)
  object space 68608K, 21% used [0x00000000c0000000,0x00000000c0ebbe40,0x00000000c4300000)
 Metaspace       used 40441K, committed 41344K, reserved 1114112K
  class space    used 4141K, committed 4544K, reserved 1048576K
}
Event: 22.530 GC heap after
{Heap after GC invocations=15 (full 2):
 PSYoungGen      total 23552K, used 1125K [0x00000000eab00000, 0x00000000ec680000, 0x0000000100000000)
  eden space 22016K, 0% used [0x00000000eab00000,0x00000000eab00000,0x00000000ec080000)
  from space 1536K, 73% used [0x00000000ec380000,0x00000000ec4995f8,0x00000000ec500000)
  to   space 1536K, 0% used [0x00000000ec500000,0x00000000ec500000,0x00000000ec680000)
 ParOldGen       total 68608K, used 16356K [0x00000000c0000000, 0x00000000c4300000, 0x00000000eab00000)
  object space 68608K, 23% used [0x00000000c0000000,0x00000000c0ff92a0,0x00000000c4300000)
 Metaspace       used 40441K, committed 41344K, reserved 1114112K
  class space    used 4141K, committed 4544K, reserved 1048576K
}

