# JRE version: OpenJDK Runtime Environment Temurin-17.0.12+7 (17.0.12+7) (build 17.0.12+7)
# Java VM: OpenJDK 64-Bit Server VM Temurin-17.0.12+7 (17.0.12+7, mixed mode, emulated-client, tiered, compressed oops, compressed class ptrs, g1 gc, windows-amd64)
GC Precious Log:
 CPUs: 4 total, 4 available
 Memory: 5941M
 Large Page Support: Disabled
 NUMA Support: Disabled
 Compressed Oops: Enabled (32-bit)
 Heap Region Size: 1M
 Heap Min Capacity: 8M
 Heap Initial Capacity: 94M
 Heap Max Capacity: 1G
 Pre-touch: Disabled
 Parallel Workers: 4
 Concurrent Workers: 1
 Concurrent Refinement Workers: 4
 Periodic GC: Disabled
Heap:
 garbage-first heap   total 78848K, used 25701K [0x00000000c0000000, 0x0000000100000000)
  region size 1024K, 1 young (1024K), 0 survivors (0K)
 Metaspace       used 41518K, committed 41856K, reserved 1114112K
  class space    used 5338K, committed 5504K, reserved 1048576K
GC Heap History (20 events):
Event: 3688.363 GC heap after
{Heap after GC invocations=176 (full 167):
 garbage-first heap   total 78848K, used 25701K [0x00000000c0000000, 0x0000000100000000)
  region size 1024K, 0 young (0K), 0 survivors (0K)
 Metaspace       used 41518K, committed 41856K, reserved 1114112K
  class space    used 5338K, committed 5504K, reserved 1048576K
}
Event: 3698.718 GC heap before
{Heap before GC invocations=176 (full 167):
 garbage-first heap   total 78848K, used 25701K [0x00000000c0000000, 0x0000000100000000)
  region size 1024K, 1 young (1024K), 0 survivors (0K)
 Metaspace       used 41518K, committed 41856K, reserved 1114112K
  class space    used 5338K, committed 5504K, reserved 1048576K
}
Event: 3698.818 GC heap after
{Heap after GC invocations=177 (full 168):
 garbage-first heap   total 78848K, used 25701K [0x00000000c0000000, 0x0000000100000000)
  region size 1024K, 0 young (0K), 0 survivors (0K)
 Metaspace       used 41518K, committed 41856K, reserved 1114112K
  class space    used 5338K, committed 5504K, reserved 1048576K
}
Event: 3709.180 GC heap before
{Heap before GC invocations=177 (full 168):
 garbage-first heap   total 78848K, used 25701K [0x00000000c0000000, 0x0000000100000000)
  region size 1024K, 1 young (1024K), 0 survivors (0K)
 Metaspace       used 41518K, committed 41856K, reserved 1114112K
  class space    used 5338K, committed 5504K, reserved 1048576K
}
Event: 3709.269 GC heap after
{Heap after GC invocations=178 (full 169):
 garbage-first heap   total 78848K, used 25701K [0x00000000c0000000, 0x0000000100000000)
  region size 1024K, 0 young (0K), 0 survivors (0K)
 Metaspace       used 41518K, committed 41856K, reserved 1114112K
  class space    used 5338K, committed 5504K, reserved 1048576K
}
Event: 3719.619 GC heap before
{Heap before GC invocations=178 (full 169):
 garbage-first heap   total 78848K, used 25701K [0x00000000c0000000, 0x0000000100000000)
  region size 1024K, 1 young (1024K), 0 survivors (0K)
 Metaspace       used 41518K, committed 41856K, reserved 1114112K
  class space    used 5338K, committed 5504K, reserved 1048576K
}
Event: 3719.712 GC heap after
{Heap after GC invocations=179 (full 170):
 garbage-first heap   total 78848K, used 25701K [0x00000000c0000000, 0x0000000100000000)
  region size 1024K, 0 young (0K), 0 survivors (0K)
 Metaspace       used 41518K, committed 41856K, reserved 1114112K
  class space    used 5338K, committed 5504K, reserved 1048576K
}
Event: 3730.071 GC heap before
{Heap before GC invocations=179 (full 170):
 garbage-first heap   total 78848K, used 25701K [0x00000000c0000000, 0x0000000100000000)
  region size 1024K, 1 young (1024K), 0 survivors (0K)
 Metaspace       used 41518K, committed 41856K, reserved 1114112K
  class space    used 5338K, committed 5504K, reserved 1048576K
}
Event: 3730.167 GC heap after
{Heap after GC invocations=180 (full 171):
 garbage-first heap   total 78848K, used 25701K [0x00000000c0000000, 0x0000000100000000)
  region size 1024K, 0 young (0K), 0 survivors (0K)
 Metaspace       used 41518K, committed 41856K, reserved 1114112K
  class space    used 5338K, committed 5504K, reserved 1048576K
}
Event: 3740.526 GC heap before
{Heap before GC invocations=180 (full 171):
 garbage-first heap   total 78848K, used 25701K [0x00000000c0000000, 0x0000000100000000)
  region size 1024K, 1 young (1024K), 0 survivors (0K)
 Metaspace       used 41518K, committed 41856K, reserved 1114112K
  class space    used 5338K, committed 5504K, reserved 1048576K
}
Event: 3740.626 GC heap after
{Heap after GC invocations=181 (full 172):
 garbage-first heap   total 78848K, used 25701K [0x00000000c0000000, 0x0000000100000000)
  region size 1024K, 0 young (0K), 0 survivors (0K)
 Metaspace       used 41518K, committed 41856K, reserved 1114112K
  class space    used 5338K, committed 5504K, reserved 1048576K
}
Event: 3750.983 GC heap before
{Heap before GC invocations=181 (full 172):
 garbage-first heap   total 78848K, used 25701K [0x00000000c0000000, 0x0000000100000000)
  region size 1024K, 1 young (1024K), 0 survivors (0K)
 Metaspace       used 41518K, committed 41856K, reserved 1114112K
  class space    used 5338K, committed 5504K, reserved 1048576K
}
Event: 3751.074 GC heap after
{Heap after GC invocations=182 (full 173):
 garbage-first heap   total 78848K, used 25701K [0x00000000c0000000, 0x0000000100000000)
  region size 1024K, 0 young (0K), 0 survivors (0K)
 Metaspace       used 41518K, committed 41856K, reserved 1114112K
  class space    used 5338K, committed 5504K, reserved 1048576K
}
Event: 3761.437 GC heap before
{Heap before GC invocations=182 (full 173):
 garbage-first heap   total 78848K, used 25701K [0x00000000c0000000, 0x0000000100000000)
  region size 1024K, 1 young (1024K), 0 survivors (0K)
 Metaspace       used 41518K, committed 41856K, reserved 1114112K
  class space    used 5338K, committed 5504K, reserved 1048576K
}
Event: 3761.521 GC heap after
{Heap after GC invocations=183 (full 174):
 garbage-first heap   total 78848K, used 25701K [0x00000000c0000000, 0x0000000100000000)
  region size 1024K, 0 young (0K), 0 survivors (0K)
 Metaspace       used 41518K, committed 41856K, reserved 1114112K
  class space    used 5338K, committed 5504K, reserved 1048576K
}
Event: 3771.878 GC heap before
{Heap before GC invocations=183 (full 174):
 garbage-first heap   total 78848K, used 25701K [0x00000000c0000000, 0x0000000100000000)
  region size 1024K, 1 young (1024K), 0 survivors (0K)
 Metaspace       used 41518K, committed 41856K, reserved 1114112K
  class space    used 5338K, committed 5504K, reserved 1048576K
}
Event: 3771.976 GC heap after
{Heap after GC invocations=184 (full 175):
 garbage-first heap   total 78848K, used 25701K [0x00000000c0000000, 0x0000000100000000)
  region size 1024K, 0 young (0K), 0 survivors (0K)
 Metaspace       used 41518K, committed 41856K, reserved 1114112K
  class space    used 5338K, committed 5504K, reserved 1048576K
}
Event: 3783.230 GC heap before
{Heap before GC invocations=184 (full 175):
 garbage-first heap   total 78848K, used 25701K [0x00000000c0000000, 0x0000000100000000)
  region size 1024K, 1 young (1024K), 0 survivors (0K)
 Metaspace       used 41518K, committed 41856K, reserved 1114112K
  class space    used 5338K, committed 5504K, reserved 1048576K
}
Event: 3783.303 GC heap after
{Heap after GC invocations=185 (full 176):
 garbage-first heap   total 78848K, used 25701K [0x00000000c0000000, 0x0000000100000000)
  region size 1024K, 0 young (0K), 0 survivors (0K)
 Metaspace       used 41518K, committed 41856K, reserved 1114112K
  class space    used 5338K, committed 5504K, reserved 1048576K
}
Event: 3793.544 GC heap before
{Heap before GC invocations=185 (full 176):
 garbage-first heap   total 78848K, used 25701K [0x00000000c0000000, 0x0000000100000000)
  region size 1024K, 1 young (1024K), 0 survivors (0K)
 Metaspace       used 41518K, committed 41856K, reserved 1114112K
  class space    used 5338K, committed 5504K, reserved 1048576K
}

