# JRE version: OpenJDK Runtime Environment Temurin-17.0.12+7 (17.0.12+7) (build 17.0.12+7)
# Java VM: OpenJDK 64-Bit Server VM Temurin-17.0.12+7 (17.0.12+7, mixed mode, emulated-client, tiered, compressed oops, compressed class ptrs, g1 gc, windows-amd64)
GC Precious Log:
 CPUs: 4 total, 4 available
 Memory: 5941M
 Large Page Support: Disabled
 NUMA Support: Disabled
 Compressed Oops: Enabled (32-bit)
 Heap Region Size: 1M
 Heap Min Capacity: 8M
 Heap Initial Capacity: 94M
 Heap Max Capacity: 1G
 Pre-touch: Disabled
 Parallel Workers: 4
 Concurrent Workers: 1
 Concurrent Refinement Workers: 4
 Periodic GC: Disabled
Heap:
 garbage-first heap   total 89088K, used 25720K [0x00000000c0000000, 0x0000000100000000)
  region size 1024K, 1 young (1024K), 0 survivors (0K)
 Metaspace       used 42275K, committed 42624K, reserved 1114112K
  class space    used 5463K, committed 5632K, reserved 1048576K
GC Heap History (20 events):
Event: 3844.457 GC heap after
{Heap after GC invocations=197 (full 187):
 garbage-first heap   total 89088K, used 25706K [0x00000000c0000000, 0x0000000100000000)
  region size 1024K, 0 young (0K), 0 survivors (0K)
 Metaspace       used 42252K, committed 42624K, reserved 1114112K
  class space    used 5460K, committed 5632K, reserved 1048576K
}
Event: 3855.227 GC heap before
{Heap before GC invocations=197 (full 187):
 garbage-first heap   total 89088K, used 25706K [0x00000000c0000000, 0x0000000100000000)
  region size 1024K, 1 young (1024K), 0 survivors (0K)
 Metaspace       used 42252K, committed 42624K, reserved 1114112K
  class space    used 5460K, committed 5632K, reserved 1048576K
}
Event: 3855.319 GC heap after
{Heap after GC invocations=198 (full 188):
 garbage-first heap   total 89088K, used 25706K [0x00000000c0000000, 0x0000000100000000)
  region size 1024K, 0 young (0K), 0 survivors (0K)
 Metaspace       used 42252K, committed 42624K, reserved 1114112K
  class space    used 5460K, committed 5632K, reserved 1048576K
}
Event: 3865.868 GC heap before
{Heap before GC invocations=198 (full 188):
 garbage-first heap   total 89088K, used 25706K [0x00000000c0000000, 0x0000000100000000)
  region size 1024K, 1 young (1024K), 0 survivors (0K)
 Metaspace       used 42252K, committed 42624K, reserved 1114112K
  class space    used 5460K, committed 5632K, reserved 1048576K
}
Event: 3865.961 GC heap after
{Heap after GC invocations=199 (full 189):
 garbage-first heap   total 89088K, used 25706K [0x00000000c0000000, 0x0000000100000000)
  region size 1024K, 0 young (0K), 0 survivors (0K)
 Metaspace       used 42252K, committed 42624K, reserved 1114112K
  class space    used 5460K, committed 5632K, reserved 1048576K
}
Event: 3876.377 GC heap before
{Heap before GC invocations=199 (full 189):
 garbage-first heap   total 89088K, used 25706K [0x00000000c0000000, 0x0000000100000000)
  region size 1024K, 1 young (1024K), 0 survivors (0K)
 Metaspace       used 42252K, committed 42624K, reserved 1114112K
  class space    used 5460K, committed 5632K, reserved 1048576K
}
Event: 3876.461 GC heap after
{Heap after GC invocations=200 (full 190):
 garbage-first heap   total 89088K, used 25706K [0x00000000c0000000, 0x0000000100000000)
  region size 1024K, 0 young (0K), 0 survivors (0K)
 Metaspace       used 42252K, committed 42624K, reserved 1114112K
  class space    used 5460K, committed 5632K, reserved 1048576K
}
Event: 3886.890 GC heap before
{Heap before GC invocations=200 (full 190):
 garbage-first heap   total 89088K, used 25706K [0x00000000c0000000, 0x0000000100000000)
  region size 1024K, 1 young (1024K), 0 survivors (0K)
 Metaspace       used 42252K, committed 42624K, reserved 1114112K
  class space    used 5460K, committed 5632K, reserved 1048576K
}
Event: 3886.995 GC heap after
{Heap after GC invocations=201 (full 191):
 garbage-first heap   total 89088K, used 25706K [0x00000000c0000000, 0x0000000100000000)
  region size 1024K, 0 young (0K), 0 survivors (0K)
 Metaspace       used 42252K, committed 42624K, reserved 1114112K
  class space    used 5460K, committed 5632K, reserved 1048576K
}
Event: 3897.414 GC heap before
{Heap before GC invocations=201 (full 191):
 garbage-first heap   total 89088K, used 25706K [0x00000000c0000000, 0x0000000100000000)
  region size 1024K, 1 young (1024K), 0 survivors (0K)
 Metaspace       used 42252K, committed 42624K, reserved 1114112K
  class space    used 5460K, committed 5632K, reserved 1048576K
}
Event: 3897.477 GC heap after
{Heap after GC invocations=202 (full 192):
 garbage-first heap   total 89088K, used 25706K [0x00000000c0000000, 0x0000000100000000)
  region size 1024K, 0 young (0K), 0 survivors (0K)
 Metaspace       used 42252K, committed 42624K, reserved 1114112K
  class space    used 5460K, committed 5632K, reserved 1048576K
}
Event: 3968.100 GC heap before
{Heap before GC invocations=202 (full 192):
 garbage-first heap   total 89088K, used 25706K [0x00000000c0000000, 0x0000000100000000)
  region size 1024K, 1 young (1024K), 0 survivors (0K)
 Metaspace       used 42252K, committed 42624K, reserved 1114112K
  class space    used 5460K, committed 5632K, reserved 1048576K
}
Event: 3968.181 GC heap after
{Heap after GC invocations=203 (full 193):
 garbage-first heap   total 89088K, used 25706K [0x00000000c0000000, 0x0000000100000000)
  region size 1024K, 0 young (0K), 0 survivors (0K)
 Metaspace       used 42252K, committed 42624K, reserved 1114112K
  class space    used 5460K, committed 5632K, reserved 1048576K
}
Event: 3988.782 GC heap before
{Heap before GC invocations=203 (full 193):
 garbage-first heap   total 89088K, used 25706K [0x00000000c0000000, 0x0000000100000000)
  region size 1024K, 1 young (1024K), 0 survivors (0K)
 Metaspace       used 42275K, committed 42624K, reserved 1114112K
  class space    used 5463K, committed 5632K, reserved 1048576K
}
Event: 3988.882 GC heap after
{Heap after GC invocations=204 (full 194):
 garbage-first heap   total 89088K, used 25720K [0x00000000c0000000, 0x0000000100000000)
  region size 1024K, 0 young (0K), 0 survivors (0K)
 Metaspace       used 42275K, committed 42624K, reserved 1114112K
  class space    used 5463K, committed 5632K, reserved 1048576K
}
Event: 3999.334 GC heap before
{Heap before GC invocations=204 (full 194):
 garbage-first heap   total 89088K, used 25720K [0x00000000c0000000, 0x0000000100000000)
  region size 1024K, 1 young (1024K), 0 survivors (0K)
 Metaspace       used 42275K, committed 42624K, reserved 1114112K
  class space    used 5463K, committed 5632K, reserved 1048576K
}
Event: 3999.424 GC heap after
{Heap after GC invocations=205 (full 195):
 garbage-first heap   total 89088K, used 25720K [0x00000000c0000000, 0x0000000100000000)
  region size 1024K, 0 young (0K), 0 survivors (0K)
 Metaspace       used 42275K, committed 42624K, reserved 1114112K
  class space    used 5463K, committed 5632K, reserved 1048576K
}
Event: 4009.896 GC heap before
{Heap before GC invocations=205 (full 195):
 garbage-first heap   total 89088K, used 25720K [0x00000000c0000000, 0x0000000100000000)
  region size 1024K, 1 young (1024K), 0 survivors (0K)
 Metaspace       used 42275K, committed 42624K, reserved 1114112K
  class space    used 5463K, committed 5632K, reserved 1048576K
}
Event: 4009.960 GC heap after
{Heap after GC invocations=206 (full 196):
 garbage-first heap   total 89088K, used 25720K [0x00000000c0000000, 0x0000000100000000)
  region size 1024K, 0 young (0K), 0 survivors (0K)
 Metaspace       used 42275K, committed 42624K, reserved 1114112K
  class space    used 5463K, committed 5632K, reserved 1048576K
}
Event: 4020.435 GC heap before
{Heap before GC invocations=206 (full 196):
 garbage-first heap   total 89088K, used 25720K [0x00000000c0000000, 0x0000000100000000)
  region size 1024K, 1 young (1024K), 0 survivors (0K)
 Metaspace       used 42275K, committed 42624K, reserved 1114112K
  class space    used 5463K, committed 5632K, reserved 1048576K
}

